

Microchip MPLAB XC8 Assembler V2.31 build 20201012212115 
                                                                                               Sun May 02 22:08:50 2021

Microchip MPLAB XC8 C Compiler v2.31 (Free license) build 20201012212115 Og1 
     1                           	processor	16F887
     2                           	pagewidth 120
     3                           	opt	flic
     4                           	psect	cinit,global,class=CODE,merge=1,delta=2
     5                           	psect	cstackCOMMON,global,class=COMMON,space=1,delta=1,noexec
     6                           	psect	maintext,global,class=CODE,split=1,delta=2
     7                           	psect	text1,local,class=CODE,merge=1,delta=2
     8                           	psect	text2,local,class=CODE,merge=1,delta=2
     9                           	psect	text3,local,class=CODE,merge=1,delta=2
    10                           	psect	text4,local,class=CODE,merge=1,delta=2
    11                           	psect	text5,local,class=CODE,merge=1,delta=2
    12                           	psect	text6,local,class=CODE,merge=1,delta=2
    13                           	psect	text7,local,class=CODE,merge=1,delta=2
    14                           	psect	intentry,global,class=CODE,delta=2
    15                           	psect	config,global,abs,ovrld,class=CONFIG,space=4,delta=2,noexec
    16                           	dabs	1,0x7E,2
    17  0000                     
    18                           ; Version 2.20
    19                           ; Generated 12/02/2020 GMT
    20                           ; 
    21                           ; Copyright © 2020, Microchip Technology Inc. and its subsidiaries ("Microchip")
    22                           ; All rights reserved.
    23                           ; 
    24                           ; This software is developed by Microchip Technology Inc. and its subsidiaries ("Microch
      +                          ip").
    25                           ; 
    26                           ; Redistribution and use in source and binary forms, with or without modification, are
    27                           ; permitted provided that the following conditions are met:
    28                           ; 
    29                           ;     1. Redistributions of source code must retain the above copyright notice, this lis
      +                          t of
    30                           ;        conditions and the following disclaimer.
    31                           ; 
    32                           ;     2. Redistributions in binary form must reproduce the above copyright notice, this 
      +                          list
    33                           ;        of conditions and the following disclaimer in the documentation and/or other
    34                           ;        materials provided with the distribution.
    35                           ; 
    36                           ;     3. Microchip's name may not be used to endorse or promote products derived from th
      +                          is
    37                           ;        software without specific prior written permission.
    38                           ; 
    39                           ; THIS SOFTWARE IS PROVIDED BY MICROCHIP "AS IS" AND ANY EXPRESS OR IMPLIED WARRANTIES,
    40                           ; INCLUDING, BUT NOT LIMITED TO, THE IMPLIED WARRANTIES OF MERCHANTABILITY AND FITNESS F
      +                          OR
    41                           ; PURPOSE ARE DISCLAIMED.  IN NO EVENT SHALL MICROCHIP BE LIABLE FOR ANY DIRECT, INDIREC
      +                          T,
    42                           ; INCIDENTAL, SPECIAL, EXEMPLARY, OR CONSEQUENTIAL DAMAGES (INCLUDING BUT NOT LIMITED TO
    43                           ; PROCUREMENT OF SUBSTITUTE GOODS OR SERVICES; LOSS OF USE, DATA OR PROFITS; OR BUSINESS
    44                           ; INTERRUPTION) HOWSOEVER CAUSED AND ON ANY THEORY OF LIABILITY, WHETHER IN CONTRACT, ST
      +                          RICT
    45                           ; LIABILITY, OR TORT (INCLUDING NEGLIGENCE OR OTHERWISE) ARISING IN ANY WAY OUT OF THE U
      +                          SE OF
    46                           ; THIS SOFTWARE, EVEN IF ADVISED OF THE POSSIBILITY OF SUCH DAMAGE.
    47                           ; 
    48                           ; 
    49                           ; Code-generator required, PIC16F887 Definitions
    50                           ; 
    51                           ; SFR Addresses
    52  0000                     	;# 
    53  0001                     	;# 
    54  0002                     	;# 
    55  0003                     	;# 
    56  0004                     	;# 
    57  0005                     	;# 
    58  0006                     	;# 
    59  0007                     	;# 
    60  0008                     	;# 
    61  0009                     	;# 
    62  000A                     	;# 
    63  000B                     	;# 
    64  000C                     	;# 
    65  000D                     	;# 
    66  000E                     	;# 
    67  000E                     	;# 
    68  000F                     	;# 
    69  0010                     	;# 
    70  0011                     	;# 
    71  0012                     	;# 
    72  0013                     	;# 
    73  0014                     	;# 
    74  0015                     	;# 
    75  0015                     	;# 
    76  0016                     	;# 
    77  0017                     	;# 
    78  0018                     	;# 
    79  0019                     	;# 
    80  001A                     	;# 
    81  001B                     	;# 
    82  001B                     	;# 
    83  001C                     	;# 
    84  001D                     	;# 
    85  001E                     	;# 
    86  001F                     	;# 
    87  0081                     	;# 
    88  0085                     	;# 
    89  0086                     	;# 
    90  0087                     	;# 
    91  0088                     	;# 
    92  0089                     	;# 
    93  008C                     	;# 
    94  008D                     	;# 
    95  008E                     	;# 
    96  008F                     	;# 
    97  0090                     	;# 
    98  0091                     	;# 
    99  0092                     	;# 
   100  0093                     	;# 
   101  0093                     	;# 
   102  0093                     	;# 
   103  0094                     	;# 
   104  0095                     	;# 
   105  0096                     	;# 
   106  0097                     	;# 
   107  0098                     	;# 
   108  0099                     	;# 
   109  009A                     	;# 
   110  009B                     	;# 
   111  009C                     	;# 
   112  009D                     	;# 
   113  009E                     	;# 
   114  009F                     	;# 
   115  0105                     	;# 
   116  0107                     	;# 
   117  0108                     	;# 
   118  0109                     	;# 
   119  010C                     	;# 
   120  010C                     	;# 
   121  010D                     	;# 
   122  010E                     	;# 
   123  010F                     	;# 
   124  0185                     	;# 
   125  0187                     	;# 
   126  0188                     	;# 
   127  0189                     	;# 
   128  018C                     	;# 
   129  018D                     	;# 
   130  0000                     	;# 
   131  0001                     	;# 
   132  0002                     	;# 
   133  0003                     	;# 
   134  0004                     	;# 
   135  0005                     	;# 
   136  0006                     	;# 
   137  0007                     	;# 
   138  0008                     	;# 
   139  0009                     	;# 
   140  000A                     	;# 
   141  000B                     	;# 
   142  000C                     	;# 
   143  000D                     	;# 
   144  000E                     	;# 
   145  000E                     	;# 
   146  000F                     	;# 
   147  0010                     	;# 
   148  0011                     	;# 
   149  0012                     	;# 
   150  0013                     	;# 
   151  0014                     	;# 
   152  0015                     	;# 
   153  0015                     	;# 
   154  0016                     	;# 
   155  0017                     	;# 
   156  0018                     	;# 
   157  0019                     	;# 
   158  001A                     	;# 
   159  001B                     	;# 
   160  001B                     	;# 
   161  001C                     	;# 
   162  001D                     	;# 
   163  001E                     	;# 
   164  001F                     	;# 
   165  0081                     	;# 
   166  0085                     	;# 
   167  0086                     	;# 
   168  0087                     	;# 
   169  0088                     	;# 
   170  0089                     	;# 
   171  008C                     	;# 
   172  008D                     	;# 
   173  008E                     	;# 
   174  008F                     	;# 
   175  0090                     	;# 
   176  0091                     	;# 
   177  0092                     	;# 
   178  0093                     	;# 
   179  0093                     	;# 
   180  0093                     	;# 
   181  0094                     	;# 
   182  0095                     	;# 
   183  0096                     	;# 
   184  0097                     	;# 
   185  0098                     	;# 
   186  0099                     	;# 
   187  009A                     	;# 
   188  009B                     	;# 
   189  009C                     	;# 
   190  009D                     	;# 
   191  009E                     	;# 
   192  009F                     	;# 
   193  0105                     	;# 
   194  0107                     	;# 
   195  0108                     	;# 
   196  0109                     	;# 
   197  010C                     	;# 
   198  010C                     	;# 
   199  010D                     	;# 
   200  010E                     	;# 
   201  010F                     	;# 
   202  0185                     	;# 
   203  0187                     	;# 
   204  0188                     	;# 
   205  0189                     	;# 
   206  018C                     	;# 
   207  018D                     	;# 
   208  000B                     _INTCONbits	set	11
   209  0012                     _T2CONbits	set	18
   210  0007                     _PORTC	set	7
   211  0005                     _PORTA	set	5
   212  001D                     _CCP2CONbits	set	29
   213  001B                     _CCPR2L	set	27
   214  0006                     _PORTBbits	set	6
   215  0017                     _CCP1CONbits	set	23
   216  0015                     _CCPR1L	set	21
   217  001E                     _ADRESH	set	30
   218  0006                     _PORTB	set	6
   219  000C                     _PIR1bits	set	12
   220  001F                     _ADCON0bits	set	31
   221  008C                     _PIE1bits	set	140
   222  0092                     _PR2	set	146
   223  009F                     _ADCON1bits	set	159
   224  008F                     _OSCCONbits	set	143
   225  0087                     _TRISC	set	135
   226  0086                     _TRISB	set	134
   227  0085                     _TRISA	set	133
   228  009E                     _ADRESL	set	158
   229  0188                     _ANSEL	set	392
   230  0189                     _ANSELH	set	393
   231                           
   232                           	psect	cinit
   233  000F                     start_initialization:	
   234                           ; #config settings
   235                           
   236  000F                     __initialization:
   237  000F                     end_of_initialization:	
   238                           ;End of C runtime variable initialization code
   239                           
   240  000F                     __end_of__initialization:
   241  000F  0183               	clrf	3
   242  0010  120A  118A  2877   	ljmp	_main	;jump to C main() function
   243                           
   244                           	psect	cstackCOMMON
   245  0070                     __pcstackCOMMON:
   246  0070                     ?_setup:
   247  0070                     ?_config_io:	
   248                           ; 1 bytes @ 0x0
   249                           
   250  0070                     ?_config_reloj:	
   251                           ; 1 bytes @ 0x0
   252                           
   253  0070                     ?_config_adc:	
   254                           ; 1 bytes @ 0x0
   255                           
   256  0070                     ?_config_pwm:	
   257                           ; 1 bytes @ 0x0
   258                           
   259  0070                     ?_config_int_enable:	
   260                           ; 1 bytes @ 0x0
   261                           
   262  0070                     ?_main:	
   263                           ; 1 bytes @ 0x0
   264                           
   265  0070                     ?_isr:	
   266                           ; 1 bytes @ 0x0
   267                           
   268  0070                     ??_isr:	
   269                           ; 1 bytes @ 0x0
   270                           
   271                           
   272                           ; 1 bytes @ 0x0
   273  0070                     	ds	4
   274  0074                     ??_config_io:
   275  0074                     ??_config_reloj:	
   276                           ; 1 bytes @ 0x4
   277                           
   278  0074                     ??_config_adc:	
   279                           ; 1 bytes @ 0x4
   280                           
   281  0074                     ??_config_pwm:	
   282                           ; 1 bytes @ 0x4
   283                           
   284  0074                     ??_config_int_enable:	
   285                           ; 1 bytes @ 0x4
   286                           
   287                           
   288                           ; 1 bytes @ 0x4
   289  0074                     	ds	1
   290  0075                     ??_setup:
   291  0075                     ??_main:	
   292                           ; 1 bytes @ 0x5
   293                           
   294                           
   295                           ; 1 bytes @ 0x5
   296  0075                     	ds	1
   297                           
   298                           	psect	maintext
   299  0077                     __pmaintext:	
   300 ;;
   301 ;;Main: autosize = 0, tempsize = 1, incstack = 0, save=0
   302 ;;
   303 ;; *************** function _main *****************
   304 ;; Defined at:
   305 ;;		line 60 in file "Lab9.c"
   306 ;; Parameters:    Size  Location     Type
   307 ;;		None
   308 ;; Auto vars:     Size  Location     Type
   309 ;;		None
   310 ;; Return value:  Size  Location     Type
   311 ;;                  1    wreg      void 
   312 ;; Registers used:
   313 ;;		wreg, status,2, status,0, pclath, cstack
   314 ;; Tracked objects:
   315 ;;		On entry : B00/0
   316 ;;		On exit  : 0/0
   317 ;;		Unchanged: 0/0
   318 ;; Data sizes:     COMMON   BANK0   BANK1   BANK3   BANK2
   319 ;;      Params:         0       0       0       0       0
   320 ;;      Locals:         0       0       0       0       0
   321 ;;      Temps:          1       0       0       0       0
   322 ;;      Totals:         1       0       0       0       0
   323 ;;Total ram usage:        1 bytes
   324 ;; Hardware stack levels required when called:    3
   325 ;; This function calls:
   326 ;;		_setup
   327 ;; This function is called by:
   328 ;;		Startup code after reset
   329 ;; This function uses a non-reentrant model
   330 ;;
   331                           
   332                           
   333                           ;psect for function _main
   334  0077                     _main:
   335  0077                     l748:	
   336                           ;incstack = 0
   337                           ; Regs used in _main: [wreg+status,2+status,0+pclath+cstack]
   338                           
   339                           
   340                           ;Lab9.c: 61:     setup();
   341  0077  120A  118A  20C0  120A  118A  	fcall	_setup
   342  007C                     l750:
   343                           
   344                           ;Lab9.c: 62:     ADCON0bits.GO = 1;
   345  007C  1283               	bcf	3,5	;RP0=0, select bank0
   346  007D  1303               	bcf	3,6	;RP1=0, select bank0
   347  007E  149F               	bsf	31,1	;volatile
   348  007F                     l752:
   349                           
   350                           ;Lab9.c: 68:         if(ADCON0bits.GO == 0){
   351  007F  189F               	btfsc	31,1	;volatile
   352  0080  2882               	goto	u21
   353  0081  2883               	goto	u20
   354  0082                     u21:
   355  0082  287F               	goto	l752
   356  0083                     u20:
   357  0083                     l754:
   358                           
   359                           ;Lab9.c: 69:             if (ADCON0bits.CHS == 0){
   360  0083  0C1F               	rrf	31,w	;volatile
   361  0084  00F5               	movwf	??_main
   362  0085  0C75               	rrf	??_main,w
   363  0086  390F               	andlw	15
   364  0087  3A00               	xorlw	0
   365  0088  1D03               	skipz
   366  0089  288B               	goto	u31
   367  008A  288C               	goto	u30
   368  008B                     u31:
   369  008B  2891               	goto	l758
   370  008C                     u30:
   371  008C                     l756:
   372                           
   373                           ;Lab9.c: 70:                 ADCON0bits.CHS = 1;
   374  008C  081F               	movf	31,w	;volatile
   375  008D  39C3               	andlw	-61
   376  008E  3804               	iorlw	4
   377  008F  009F               	movwf	31	;volatile
   378                           
   379                           ;Lab9.c: 71:             }
   380  0090  2893               	goto	l760
   381  0091                     l758:
   382                           
   383                           ;Lab9.c: 73:                 ADCON0bits.CHS = 0;
   384  0091  30C3               	movlw	-61
   385  0092  059F               	andwf	31,f	;volatile
   386  0093                     l760:
   387                           
   388                           ;Lab9.c: 75:             _delay((unsigned long)((50)*(8000000/4000000.0)));
   389  0093  3021               	movlw	33
   390  0094  00F5               	movwf	??_main
   391  0095                     u127:
   392  0095  0BF5               	decfsz	??_main,f
   393  0096  2895               	goto	u127
   394  0097                     l762:
   395                           
   396                           ;Lab9.c: 76:             ADCON0bits.GO = 1;
   397  0097  1283               	bcf	3,5	;RP0=0, select bank0
   398  0098  1303               	bcf	3,6	;RP1=0, select bank0
   399  0099  149F               	bsf	31,1	;volatile
   400  009A  287F               	goto	l752
   401  009B  120A  118A  280C   	ljmp	start
   402  009E                     __end_of_main:
   403                           
   404                           	psect	text1
   405  00C0                     __ptext1:	
   406 ;; *************** function _setup *****************
   407 ;; Defined at:
   408 ;;		line 109 in file "Lab9.c"
   409 ;; Parameters:    Size  Location     Type
   410 ;;		None
   411 ;; Auto vars:     Size  Location     Type
   412 ;;		None
   413 ;; Return value:  Size  Location     Type
   414 ;;                  1    wreg      void 
   415 ;; Registers used:
   416 ;;		wreg, status,2, status,0, pclath, cstack
   417 ;; Tracked objects:
   418 ;;		On entry : 0/0
   419 ;;		On exit  : 0/0
   420 ;;		Unchanged: 0/0
   421 ;; Data sizes:     COMMON   BANK0   BANK1   BANK3   BANK2
   422 ;;      Params:         0       0       0       0       0
   423 ;;      Locals:         0       0       0       0       0
   424 ;;      Temps:          0       0       0       0       0
   425 ;;      Totals:         0       0       0       0       0
   426 ;;Total ram usage:        0 bytes
   427 ;; Hardware stack levels used:    1
   428 ;; Hardware stack levels required when called:    2
   429 ;; This function calls:
   430 ;;		_config_adc
   431 ;;		_config_int_enable
   432 ;;		_config_io
   433 ;;		_config_pwm
   434 ;;		_config_reloj
   435 ;; This function is called by:
   436 ;;		_main
   437 ;; This function uses a non-reentrant model
   438 ;;
   439                           
   440                           
   441                           ;psect for function _setup
   442  00C0                     _setup:
   443  00C0                     l736:	
   444                           ;incstack = 0
   445                           ; Regs used in _setup: [wreg+status,2+status,0+pclath+cstack]
   446                           
   447                           
   448                           ;Lab9.c: 110:     config_io();
   449  00C0  120A  118A  20EF  120A  118A  	fcall	_config_io
   450  00C5                     l738:
   451                           
   452                           ;Lab9.c: 111:     config_reloj();
   453  00C5  120A  118A  2109  120A  118A  	fcall	_config_reloj
   454  00CA                     l740:
   455                           
   456                           ;Lab9.c: 112:     config_adc();
   457  00CA  120A  118A  20DA  120A  118A  	fcall	_config_adc
   458  00CF                     l742:
   459                           
   460                           ;Lab9.c: 113:     config_pwm();
   461  00CF  120A  118A  209E  120A  118A  	fcall	_config_pwm
   462  00D4                     l744:
   463                           
   464                           ;Lab9.c: 114:     config_int_enable();
   465  00D4  120A  118A  2100  120A  118A  	fcall	_config_int_enable
   466  00D9                     l82:
   467  00D9  0008               	return
   468  00DA                     __end_of_setup:
   469                           
   470                           	psect	text2
   471  0109                     __ptext2:	
   472 ;; *************** function _config_reloj *****************
   473 ;; Defined at:
   474 ;;		line 131 in file "Lab9.c"
   475 ;; Parameters:    Size  Location     Type
   476 ;;		None
   477 ;; Auto vars:     Size  Location     Type
   478 ;;		None
   479 ;; Return value:  Size  Location     Type
   480 ;;                  1    wreg      void 
   481 ;; Registers used:
   482 ;;		None
   483 ;; Tracked objects:
   484 ;;		On entry : 0/0
   485 ;;		On exit  : 0/0
   486 ;;		Unchanged: 0/0
   487 ;; Data sizes:     COMMON   BANK0   BANK1   BANK3   BANK2
   488 ;;      Params:         0       0       0       0       0
   489 ;;      Locals:         0       0       0       0       0
   490 ;;      Temps:          0       0       0       0       0
   491 ;;      Totals:         0       0       0       0       0
   492 ;;Total ram usage:        0 bytes
   493 ;; Hardware stack levels used:    1
   494 ;; Hardware stack levels required when called:    1
   495 ;; This function calls:
   496 ;;		Nothing
   497 ;; This function is called by:
   498 ;;		_setup
   499 ;; This function uses a non-reentrant model
   500 ;;
   501                           
   502                           
   503                           ;psect for function _config_reloj
   504  0109                     _config_reloj:
   505  0109                     l698:	
   506                           ;incstack = 0
   507                           ; Regs used in _config_reloj: []
   508                           
   509                           
   510                           ;Lab9.c: 132:     OSCCONbits.IRCF2 = 1;
   511  0109  1683               	bsf	3,5	;RP0=1, select bank1
   512  010A  1303               	bcf	3,6	;RP1=0, select bank1
   513  010B  170F               	bsf	15,6	;volatile
   514                           
   515                           ;Lab9.c: 133:     OSCCONbits.IRCF1 = 1;
   516  010C  168F               	bsf	15,5	;volatile
   517                           
   518                           ;Lab9.c: 134:     OSCCONbits.IRCF0 = 1;
   519  010D  160F               	bsf	15,4	;volatile
   520                           
   521                           ;Lab9.c: 135:     OSCCONbits.SCS = 1;
   522  010E  140F               	bsf	15,0	;volatile
   523  010F                     l88:
   524  010F  0008               	return
   525  0110                     __end_of_config_reloj:
   526                           
   527                           	psect	text3
   528  009E                     __ptext3:	
   529 ;; *************** function _config_pwm *****************
   530 ;; Defined at:
   531 ;;		line 149 in file "Lab9.c"
   532 ;; Parameters:    Size  Location     Type
   533 ;;		None
   534 ;; Auto vars:     Size  Location     Type
   535 ;;		None
   536 ;; Return value:  Size  Location     Type
   537 ;;                  1    wreg      void 
   538 ;; Registers used:
   539 ;;		wreg, status,2, status,0
   540 ;; Tracked objects:
   541 ;;		On entry : 0/0
   542 ;;		On exit  : 0/0
   543 ;;		Unchanged: 0/0
   544 ;; Data sizes:     COMMON   BANK0   BANK1   BANK3   BANK2
   545 ;;      Params:         0       0       0       0       0
   546 ;;      Locals:         0       0       0       0       0
   547 ;;      Temps:          0       0       0       0       0
   548 ;;      Totals:         0       0       0       0       0
   549 ;;Total ram usage:        0 bytes
   550 ;; Hardware stack levels used:    1
   551 ;; Hardware stack levels required when called:    1
   552 ;; This function calls:
   553 ;;		Nothing
   554 ;; This function is called by:
   555 ;;		_setup
   556 ;; This function uses a non-reentrant model
   557 ;;
   558                           
   559                           
   560                           ;psect for function _config_pwm
   561  009E                     _config_pwm:
   562  009E                     l708:	
   563                           ;incstack = 0
   564                           ; Regs used in _config_pwm: [wreg+status,2+status,0]
   565                           
   566                           
   567                           ;Lab9.c: 150:     PR2 = 250;
   568  009E  30FA               	movlw	250
   569  009F  1683               	bsf	3,5	;RP0=1, select bank1
   570  00A0  1303               	bcf	3,6	;RP1=0, select bank1
   571  00A1  0092               	movwf	18	;volatile
   572  00A2                     l710:
   573                           
   574                           ;Lab9.c: 151:     CCP1CONbits.P1M = 0;
   575  00A2  303F               	movlw	-193
   576  00A3  1283               	bcf	3,5	;RP0=0, select bank0
   577  00A4  1303               	bcf	3,6	;RP1=0, select bank0
   578  00A5  0597               	andwf	23,f	;volatile
   579  00A6                     l712:
   580                           
   581                           ;Lab9.c: 152:     CCP1CONbits.CCP1M = 0b00001100;
   582  00A6  0817               	movf	23,w	;volatile
   583  00A7  39F0               	andlw	-16
   584  00A8  380C               	iorlw	12
   585  00A9  0097               	movwf	23	;volatile
   586  00AA                     l714:
   587                           
   588                           ;Lab9.c: 153:     CCP2CONbits.CCP2M = 0b00001100;
   589  00AA  081D               	movf	29,w	;volatile
   590  00AB  39F0               	andlw	-16
   591  00AC  380C               	iorlw	12
   592  00AD  009D               	movwf	29	;volatile
   593  00AE                     l716:
   594                           
   595                           ;Lab9.c: 155:     CCPR1L = 0x0F;
   596  00AE  300F               	movlw	15
   597  00AF  0095               	movwf	21	;volatile
   598  00B0                     l718:
   599                           
   600                           ;Lab9.c: 156:     CCPR2L = 0x0F;
   601  00B0  300F               	movlw	15
   602  00B1  009B               	movwf	27	;volatile
   603  00B2                     l720:
   604                           
   605                           ;Lab9.c: 157:     CCP1CONbits.DC1B = 0;
   606  00B2  30CF               	movlw	-49
   607  00B3  0597               	andwf	23,f	;volatile
   608  00B4                     l722:
   609                           
   610                           ;Lab9.c: 158:     CCP2CONbits.DC2B1 = 0;
   611  00B4  129D               	bcf	29,5	;volatile
   612  00B5                     l724:
   613                           
   614                           ;Lab9.c: 159:     CCP2CONbits.DC2B0 = 0;
   615  00B5  121D               	bcf	29,4	;volatile
   616  00B6                     l726:
   617                           
   618                           ;Lab9.c: 161:     PIR1bits.TMR2IF = 0;
   619  00B6  108C               	bcf	12,1	;volatile
   620  00B7                     l728:
   621                           
   622                           ;Lab9.c: 162:     T2CONbits.T2CKPS1 = 1;
   623  00B7  1492               	bsf	18,1	;volatile
   624  00B8                     l730:
   625                           
   626                           ;Lab9.c: 163:     T2CONbits.T2CKPS0 = 1;
   627  00B8  1412               	bsf	18,0	;volatile
   628  00B9                     l732:
   629                           
   630                           ;Lab9.c: 164:     T2CONbits.TMR2ON = 1;
   631  00B9  1512               	bsf	18,2	;volatile
   632  00BA                     l94:	
   633                           ;Lab9.c: 166:     while (!PIR1bits.TMR2IF);
   634                           
   635  00BA  1C8C               	btfss	12,1	;volatile
   636  00BB  28BD               	goto	u11
   637  00BC  28BE               	goto	u10
   638  00BD                     u11:
   639  00BD  28BA               	goto	l94
   640  00BE                     u10:
   641  00BE                     l96:
   642                           
   643                           ;Lab9.c: 167:     PIR1bits.TMR2IF = 0;
   644  00BE  108C               	bcf	12,1	;volatile
   645  00BF                     l97:
   646  00BF  0008               	return
   647  00C0                     __end_of_config_pwm:
   648                           
   649                           	psect	text4
   650  00EF                     __ptext4:	
   651 ;; *************** function _config_io *****************
   652 ;; Defined at:
   653 ;;		line 118 in file "Lab9.c"
   654 ;; Parameters:    Size  Location     Type
   655 ;;		None
   656 ;; Auto vars:     Size  Location     Type
   657 ;;		None
   658 ;; Return value:  Size  Location     Type
   659 ;;                  1    wreg      void 
   660 ;; Registers used:
   661 ;;		wreg, status,2
   662 ;; Tracked objects:
   663 ;;		On entry : 0/0
   664 ;;		On exit  : 0/0
   665 ;;		Unchanged: 0/0
   666 ;; Data sizes:     COMMON   BANK0   BANK1   BANK3   BANK2
   667 ;;      Params:         0       0       0       0       0
   668 ;;      Locals:         0       0       0       0       0
   669 ;;      Temps:          0       0       0       0       0
   670 ;;      Totals:         0       0       0       0       0
   671 ;;Total ram usage:        0 bytes
   672 ;; Hardware stack levels used:    1
   673 ;; Hardware stack levels required when called:    1
   674 ;; This function calls:
   675 ;;		Nothing
   676 ;; This function is called by:
   677 ;;		_setup
   678 ;; This function uses a non-reentrant model
   679 ;;
   680                           
   681                           
   682                           ;psect for function _config_io
   683  00EF                     _config_io:
   684  00EF                     l692:	
   685                           ;incstack = 0
   686                           ; Regs used in _config_io: [wreg+status,2]
   687                           
   688                           
   689                           ;Lab9.c: 119:     ANSELH = 0x00;
   690  00EF  1683               	bsf	3,5	;RP0=1, select bank3
   691  00F0  1703               	bsf	3,6	;RP1=1, select bank3
   692  00F1  0189               	clrf	9	;volatile
   693  00F2                     l694:
   694                           
   695                           ;Lab9.c: 120:     ANSEL = 0x03;
   696  00F2  3003               	movlw	3
   697  00F3  0088               	movwf	8	;volatile
   698  00F4                     l696:
   699                           
   700                           ;Lab9.c: 122:     TRISA = 0x03;
   701  00F4  3003               	movlw	3
   702  00F5  1683               	bsf	3,5	;RP0=1, select bank1
   703  00F6  1303               	bcf	3,6	;RP1=0, select bank1
   704  00F7  0085               	movwf	5	;volatile
   705                           
   706                           ;Lab9.c: 123:     TRISB = 0x00;
   707  00F8  0186               	clrf	6	;volatile
   708                           
   709                           ;Lab9.c: 124:     TRISC = 0x00;
   710  00F9  0187               	clrf	7	;volatile
   711                           
   712                           ;Lab9.c: 126:     PORTA = 0x00;
   713  00FA  1283               	bcf	3,5	;RP0=0, select bank0
   714  00FB  1303               	bcf	3,6	;RP1=0, select bank0
   715  00FC  0185               	clrf	5	;volatile
   716                           
   717                           ;Lab9.c: 127:     PORTB = 0x00;
   718  00FD  0186               	clrf	6	;volatile
   719                           
   720                           ;Lab9.c: 128:     PORTC = 0x00;
   721  00FE  0187               	clrf	7	;volatile
   722  00FF                     l85:
   723  00FF  0008               	return
   724  0100                     __end_of_config_io:
   725                           
   726                           	psect	text5
   727  0100                     __ptext5:	
   728 ;; *************** function _config_int_enable *****************
   729 ;; Defined at:
   730 ;;		line 170 in file "Lab9.c"
   731 ;; Parameters:    Size  Location     Type
   732 ;;		None
   733 ;; Auto vars:     Size  Location     Type
   734 ;;		None
   735 ;; Return value:  Size  Location     Type
   736 ;;                  1    wreg      void 
   737 ;; Registers used:
   738 ;;		None
   739 ;; Tracked objects:
   740 ;;		On entry : 0/0
   741 ;;		On exit  : 0/0
   742 ;;		Unchanged: 0/0
   743 ;; Data sizes:     COMMON   BANK0   BANK1   BANK3   BANK2
   744 ;;      Params:         0       0       0       0       0
   745 ;;      Locals:         0       0       0       0       0
   746 ;;      Temps:          0       0       0       0       0
   747 ;;      Totals:         0       0       0       0       0
   748 ;;Total ram usage:        0 bytes
   749 ;; Hardware stack levels used:    1
   750 ;; Hardware stack levels required when called:    1
   751 ;; This function calls:
   752 ;;		Nothing
   753 ;; This function is called by:
   754 ;;		_setup
   755 ;; This function uses a non-reentrant model
   756 ;;
   757                           
   758                           
   759                           ;psect for function _config_int_enable
   760  0100                     _config_int_enable:
   761  0100                     l734:	
   762                           ;incstack = 0
   763                           ; Regs used in _config_int_enable: []
   764                           
   765                           
   766                           ;Lab9.c: 171:     INTCONbits.GIE = 1;
   767  0100  178B               	bsf	11,7	;volatile
   768                           
   769                           ;Lab9.c: 172:     INTCONbits.PEIE = 1;
   770  0101  170B               	bsf	11,6	;volatile
   771                           
   772                           ;Lab9.c: 173:     PIE1bits.ADIE = 1;
   773  0102  1683               	bsf	3,5	;RP0=1, select bank1
   774  0103  1303               	bcf	3,6	;RP1=0, select bank1
   775  0104  170C               	bsf	12,6	;volatile
   776                           
   777                           ;Lab9.c: 174:     PIR1bits.ADIF = 0;
   778  0105  1283               	bcf	3,5	;RP0=0, select bank0
   779  0106  1303               	bcf	3,6	;RP1=0, select bank0
   780  0107  130C               	bcf	12,6	;volatile
   781  0108                     l100:
   782  0108  0008               	return
   783  0109                     __end_of_config_int_enable:
   784                           
   785                           	psect	text6
   786  00DA                     __ptext6:	
   787 ;; *************** function _config_adc *****************
   788 ;; Defined at:
   789 ;;		line 138 in file "Lab9.c"
   790 ;; Parameters:    Size  Location     Type
   791 ;;		None
   792 ;; Auto vars:     Size  Location     Type
   793 ;;		None
   794 ;; Return value:  Size  Location     Type
   795 ;;                  1    wreg      void 
   796 ;; Registers used:
   797 ;;		wreg, status,2, status,0
   798 ;; Tracked objects:
   799 ;;		On entry : 0/0
   800 ;;		On exit  : 0/0
   801 ;;		Unchanged: 0/0
   802 ;; Data sizes:     COMMON   BANK0   BANK1   BANK3   BANK2
   803 ;;      Params:         0       0       0       0       0
   804 ;;      Locals:         0       0       0       0       0
   805 ;;      Temps:          1       0       0       0       0
   806 ;;      Totals:         1       0       0       0       0
   807 ;;Total ram usage:        1 bytes
   808 ;; Hardware stack levels used:    1
   809 ;; Hardware stack levels required when called:    1
   810 ;; This function calls:
   811 ;;		Nothing
   812 ;; This function is called by:
   813 ;;		_setup
   814 ;; This function uses a non-reentrant model
   815 ;;
   816                           
   817                           
   818                           ;psect for function _config_adc
   819  00DA                     _config_adc:
   820  00DA                     l700:	
   821                           ;incstack = 0
   822                           ; Regs used in _config_adc: [wreg+status,2+status,0]
   823                           
   824                           
   825                           ;Lab9.c: 139:     ADCON1bits.ADFM = 0;
   826  00DA  1683               	bsf	3,5	;RP0=1, select bank1
   827  00DB  1303               	bcf	3,6	;RP1=0, select bank1
   828  00DC  139F               	bcf	31,7	;volatile
   829                           
   830                           ;Lab9.c: 140:     ADCON1bits.VCFG0 = 0;
   831  00DD  121F               	bcf	31,4	;volatile
   832                           
   833                           ;Lab9.c: 141:     ADCON1bits.VCFG1 = 0;
   834  00DE  129F               	bcf	31,5	;volatile
   835  00DF                     l702:
   836                           
   837                           ;Lab9.c: 143:     ADCON0bits.ADCS = 2;
   838  00DF  1283               	bcf	3,5	;RP0=0, select bank0
   839  00E0  1303               	bcf	3,6	;RP1=0, select bank0
   840  00E1  081F               	movf	31,w	;volatile
   841  00E2  393F               	andlw	-193
   842  00E3  3880               	iorlw	128
   843  00E4  009F               	movwf	31	;volatile
   844                           
   845                           ;Lab9.c: 144:     ADCON0bits.CHS = 0;
   846  00E5  30C3               	movlw	-61
   847  00E6  059F               	andwf	31,f	;volatile
   848  00E7                     l704:
   849                           
   850                           ;Lab9.c: 145:     _delay((unsigned long)((50)*(8000000/4000000.0)));
   851  00E7  3021               	movlw	33
   852  00E8  00F4               	movwf	??_config_adc
   853  00E9                     u137:
   854  00E9  0BF4               	decfsz	??_config_adc,f
   855  00EA  28E9               	goto	u137
   856  00EB                     l706:
   857                           
   858                           ;Lab9.c: 146:     ADCON0bits.ADON = 1;
   859  00EB  1283               	bcf	3,5	;RP0=0, select bank0
   860  00EC  1303               	bcf	3,6	;RP1=0, select bank0
   861  00ED  141F               	bsf	31,0	;volatile
   862  00EE                     l91:
   863  00EE  0008               	return
   864  00EF                     __end_of_config_adc:
   865                           
   866                           	psect	text7
   867  0013                     __ptext7:	
   868 ;; *************** function _isr *****************
   869 ;; Defined at:
   870 ;;		line 85 in file "Lab9.c"
   871 ;; Parameters:    Size  Location     Type
   872 ;;		None
   873 ;; Auto vars:     Size  Location     Type
   874 ;;		None
   875 ;; Return value:  Size  Location     Type
   876 ;;                  1    wreg      void 
   877 ;; Registers used:
   878 ;;		wreg, status,2, status,0
   879 ;; Tracked objects:
   880 ;;		On entry : 0/0
   881 ;;		On exit  : 0/0
   882 ;;		Unchanged: 0/0
   883 ;; Data sizes:     COMMON   BANK0   BANK1   BANK3   BANK2
   884 ;;      Params:         0       0       0       0       0
   885 ;;      Locals:         0       0       0       0       0
   886 ;;      Temps:          4       0       0       0       0
   887 ;;      Totals:         4       0       0       0       0
   888 ;;Total ram usage:        4 bytes
   889 ;; Hardware stack levels used:    1
   890 ;; This function calls:
   891 ;;		Nothing
   892 ;; This function is called by:
   893 ;;		Interrupt level 1
   894 ;; This function uses a non-reentrant model
   895 ;;
   896                           
   897                           
   898                           ;psect for function _isr
   899  0013                     _isr:
   900  0013                     i1l764:
   901                           
   902                           ;Lab9.c: 86:     if (PIR1bits.ADIF) {
   903  0013  1283               	bcf	3,5	;RP0=0, select bank0
   904  0014  1303               	bcf	3,6	;RP1=0, select bank0
   905  0015  1F0C               	btfss	12,6	;volatile
   906  0016  2818               	goto	u4_21
   907  0017  2819               	goto	u4_20
   908  0018                     u4_21:
   909  0018  2870               	goto	i1l79
   910  0019                     u4_20:
   911  0019                     i1l766:
   912                           
   913                           ;Lab9.c: 87:         if(ADCON0bits.CHS == 0) {
   914  0019  0C1F               	rrf	31,w	;volatile
   915  001A  00F0               	movwf	??_isr
   916  001B  0C70               	rrf	??_isr,w
   917  001C  390F               	andlw	15
   918  001D  3A00               	xorlw	0
   919  001E  1D03               	skipz
   920  001F  2821               	goto	u5_21
   921  0020  2822               	goto	u5_20
   922  0021                     u5_21:
   923  0021  2849               	goto	i1l776
   924  0022                     u5_20:
   925  0022                     i1l768:
   926                           
   927                           ;Lab9.c: 88:             PORTB = ADRESH;
   928  0022  081E               	movf	30,w	;volatile
   929  0023  0086               	movwf	6	;volatile
   930  0024                     i1l770:
   931                           
   932                           ;Lab9.c: 89:             CCPR1L = (PORTB>>1) + 128;
   933  0024  0806               	movf	6,w	;volatile
   934  0025  00F0               	movwf	??_isr
   935  0026  1003               	clrc
   936  0027  0C70               	rrf	??_isr,w
   937  0028  3E80               	addlw	128
   938  0029  0095               	movwf	21	;volatile
   939  002A                     i1l772:
   940                           
   941                           ;Lab9.c: 90:             CCP1CONbits.DC1B1 = PORTBbits.RB0;
   942  002A  1806               	btfsc	6,0	;volatile
   943  002B  282D               	goto	u6_21
   944  002C  2831               	goto	u6_20
   945  002D                     u6_21:
   946  002D  1283               	bcf	3,5	;RP0=0, select bank0
   947  002E  1303               	bcf	3,6	;RP1=0, select bank0
   948  002F  1697               	bsf	23,5	;volatile
   949  0030  2834               	goto	u7_24
   950  0031                     u6_20:
   951  0031  1283               	bcf	3,5	;RP0=0, select bank0
   952  0032  1303               	bcf	3,6	;RP1=0, select bank0
   953  0033  1297               	bcf	23,5	;volatile
   954  0034                     u7_24:
   955  0034                     i1l774:
   956                           
   957                           ;Lab9.c: 91:             CCP1CONbits.DC1B0 = ADRESL>>7;
   958  0034  1683               	bsf	3,5	;RP0=1, select bank1
   959  0035  1303               	bcf	3,6	;RP1=0, select bank1
   960  0036  081E               	movf	30,w	;volatile
   961  0037  00F0               	movwf	??_isr
   962  0038  3007               	movlw	7
   963  0039                     u8_25:
   964  0039  1003               	clrc
   965  003A  0CF0               	rrf	??_isr,f
   966  003B  3EFF               	addlw	-1
   967  003C  1D03               	skipz
   968  003D  2839               	goto	u8_25
   969  003E  0870               	movf	??_isr,w
   970  003F  00F1               	movwf	??_isr+1
   971  0040  0EF1               	swapf	??_isr+1,f
   972  0041  1283               	bcf	3,5	;RP0=0, select bank0
   973  0042  1303               	bcf	3,6	;RP1=0, select bank0
   974  0043  0817               	movf	23,w	;volatile
   975  0044  0671               	xorwf	??_isr+1,w
   976  0045  39EF               	andlw	-17
   977  0046  0671               	xorwf	??_isr+1,w
   978  0047  0097               	movwf	23	;volatile
   979                           
   980                           ;Lab9.c: 92:         }
   981  0048  286F               	goto	i1l784
   982  0049                     i1l776:
   983                           
   984                           ;Lab9.c: 95:             PORTB = ADRESH;
   985  0049  081E               	movf	30,w	;volatile
   986  004A  0086               	movwf	6	;volatile
   987  004B                     i1l778:
   988                           
   989                           ;Lab9.c: 96:             CCPR2L = (PORTB>>1) + 128;
   990  004B  0806               	movf	6,w	;volatile
   991  004C  00F0               	movwf	??_isr
   992  004D  1003               	clrc
   993  004E  0C70               	rrf	??_isr,w
   994  004F  3E80               	addlw	128
   995  0050  009B               	movwf	27	;volatile
   996  0051                     i1l780:
   997                           
   998                           ;Lab9.c: 97:             CCP2CONbits.DC2B1 = PORTBbits.RB0;
   999  0051  1806               	btfsc	6,0	;volatile
  1000  0052  2854               	goto	u9_21
  1001  0053  2858               	goto	u9_20
  1002  0054                     u9_21:
  1003  0054  1283               	bcf	3,5	;RP0=0, select bank0
  1004  0055  1303               	bcf	3,6	;RP1=0, select bank0
  1005  0056  169D               	bsf	29,5	;volatile
  1006  0057  285B               	goto	u10_24
  1007  0058                     u9_20:
  1008  0058  1283               	bcf	3,5	;RP0=0, select bank0
  1009  0059  1303               	bcf	3,6	;RP1=0, select bank0
  1010  005A  129D               	bcf	29,5	;volatile
  1011  005B                     u10_24:
  1012  005B                     i1l782:
  1013                           
  1014                           ;Lab9.c: 98:             CCP2CONbits.DC2B0 = ADRESL>>7;
  1015  005B  1683               	bsf	3,5	;RP0=1, select bank1
  1016  005C  1303               	bcf	3,6	;RP1=0, select bank1
  1017  005D  081E               	movf	30,w	;volatile
  1018  005E  00F0               	movwf	??_isr
  1019  005F  3007               	movlw	7
  1020  0060                     u11_25:
  1021  0060  1003               	clrc
  1022  0061  0CF0               	rrf	??_isr,f
  1023  0062  3EFF               	addlw	-1
  1024  0063  1D03               	skipz
  1025  0064  2860               	goto	u11_25
  1026  0065  0870               	movf	??_isr,w
  1027  0066  00F1               	movwf	??_isr+1
  1028  0067  0EF1               	swapf	??_isr+1,f
  1029  0068  1283               	bcf	3,5	;RP0=0, select bank0
  1030  0069  1303               	bcf	3,6	;RP1=0, select bank0
  1031  006A  081D               	movf	29,w	;volatile
  1032  006B  0671               	xorwf	??_isr+1,w
  1033  006C  39EF               	andlw	-17
  1034  006D  0671               	xorwf	??_isr+1,w
  1035  006E  009D               	movwf	29	;volatile
  1036  006F                     i1l784:
  1037                           
  1038                           ;Lab9.c: 101:         PIR1bits.ADIF = 0;
  1039  006F  130C               	bcf	12,6	;volatile
  1040  0070                     i1l79:
  1041  0070  0873               	movf	??_isr+3,w
  1042  0071  008A               	movwf	10
  1043  0072  0E72               	swapf	??_isr+2,w
  1044  0073  0083               	movwf	3
  1045  0074  0EFE               	swapf	btemp,f
  1046  0075  0E7E               	swapf	btemp,w
  1047  0076  0009               	retfie
  1048  0077                     __end_of_isr:
  1049  007E                     btemp	set	126	;btemp
  1050  007E                     wtemp0	set	126
  1051                           
  1052                           	psect	intentry
  1053  0004                     __pintentry:	
  1054                           ;incstack = 0
  1055                           ; Regs used in _isr: [wreg+status,2+status,0]
  1056                           
  1057  0004                     interrupt_function:
  1058  007E                     saved_w	set	btemp
  1059  0004  00FE               	movwf	btemp
  1060  0005  0E03               	swapf	3,w
  1061  0006  00F2               	movwf	??_isr+2
  1062  0007  080A               	movf	10,w
  1063  0008  00F3               	movwf	??_isr+3
  1064  0009  120A  118A  2813   	ljmp	_isr
  1065                           
  1066                           	psect	config
  1067                           
  1068                           ;Config register CONFIG1 @ 0x2007
  1069                           ;	Oscillator Selection bits
  1070                           ;	FOSC = INTRC_NOCLKOUT, INTOSCIO oscillator: I/O function on RA6/OSC2/CLKOUT pin, I/O f
      +                          unction on RA7/OSC1/CLKIN
  1071                           ;	Watchdog Timer Enable bit
  1072                           ;	WDTE = OFF, WDT disabled and can be enabled by SWDTEN bit of the WDTCON register
  1073                           ;	Power-up Timer Enable bit
  1074                           ;	PWRTE = ON, PWRT enabled
  1075                           ;	RE3/MCLR pin function select bit
  1076                           ;	MCLRE = OFF, RE3/MCLR pin function is digital input, MCLR internally tied to VDD
  1077                           ;	Code Protection bit
  1078                           ;	CP = OFF, Program memory code protection is disabled
  1079                           ;	Data Code Protection bit
  1080                           ;	CPD = OFF, Data memory code protection is disabled
  1081                           ;	Brown Out Reset Selection bits
  1082                           ;	BOREN = OFF, BOR disabled
  1083                           ;	Internal External Switchover bit
  1084                           ;	IESO = OFF, Internal/External Switchover mode is disabled
  1085                           ;	Fail-Safe Clock Monitor Enabled bit
  1086                           ;	FCMEN = OFF, Fail-Safe Clock Monitor is disabled
  1087                           ;	Low Voltage Programming Enable bit
  1088                           ;	LVP = ON, RB3/PGM pin has PGM function, low voltage programming enabled
  1089                           ;	In-Circuit Debugger Mode bit
  1090                           ;	DEBUG = 0x1, unprogrammed default
  1091  2007                     	org	8199
  1092  2007  30C4               	dw	12484
  1093                           
  1094                           ;Config register CONFIG2 @ 0x2008
  1095                           ;	Brown-out Reset Selection bit
  1096                           ;	BOR4V = BOR40V, Brown-out Reset set to 4.0V
  1097                           ;	Flash Program Memory Self Write Enable bits
  1098                           ;	WRT = OFF, Write protection off
  1099  2008                     	org	8200
  1100  2008  3FFF               	dw	16383

Data Sizes:
    Strings     0
    Constant    0
    Data        0
    BSS         0
    Persistent  0
    Stack       0

Auto Spaces:
    Space          Size  Autos    Used
    COMMON           14      6       6
    BANK0            80      0       0
    BANK1            80      0       0
    BANK3            96      0       0
    BANK2            96      0       0

Pointer List with Targets:

    None.

Critical Paths under _main in COMMON

    _setup->_config_adc

Critical Paths under _isr in COMMON

    None.

Critical Paths under _main in BANK0

    None.

Critical Paths under _isr in BANK0

    None.

Critical Paths under _main in BANK1

    None.

Critical Paths under _isr in BANK1

    None.

Critical Paths under _main in BANK3

    None.

Critical Paths under _isr in BANK3

    None.

Critical Paths under _main in BANK2

    None.

Critical Paths under _isr in BANK2

    None.

Call Graph Tables:

 ---------------------------------------------------------------------------------
 (Depth) Function   	        Calls       Base Space   Used Autos Params    Refs
 ---------------------------------------------------------------------------------
 (0) _main                                                 1     1      0       0
                                              5 COMMON     1     1      0
                              _setup
 ---------------------------------------------------------------------------------
 (1) _setup                                                0     0      0       0
                         _config_adc
                  _config_int_enable
                          _config_io
                         _config_pwm
                       _config_reloj
 ---------------------------------------------------------------------------------
 (2) _config_reloj                                         0     0      0       0
 ---------------------------------------------------------------------------------
 (2) _config_pwm                                           0     0      0       0
 ---------------------------------------------------------------------------------
 (2) _config_io                                            0     0      0       0
 ---------------------------------------------------------------------------------
 (2) _config_int_enable                                    0     0      0       0
 ---------------------------------------------------------------------------------
 (2) _config_adc                                           1     1      0       0
                                              4 COMMON     1     1      0
 ---------------------------------------------------------------------------------
 Estimated maximum stack depth 2
 ---------------------------------------------------------------------------------
 (Depth) Function   	        Calls       Base Space   Used Autos Params    Refs
 ---------------------------------------------------------------------------------
 (3) _isr                                                  4     4      0       0
                                              0 COMMON     4     4      0
 ---------------------------------------------------------------------------------
 Estimated maximum stack depth 3
 ---------------------------------------------------------------------------------

 Call Graph Graphs:

 _main (ROOT)
   _setup
     _config_adc
     _config_int_enable
     _config_io
     _config_pwm
     _config_reloj

 _isr (ROOT)

 Address spaces:
Name               Size   Autos  Total    Cost      Usage
BITCOMMON            E      0       0       0        0.0%
EEDATA             100      0       0       0        0.0%
NULL                 0      0       0       0        0.0%
CODE                 0      0       0       0        0.0%
COMMON               E      6       6       1       42.9%
BITSFR0              0      0       0       1        0.0%
SFR0                 0      0       0       1        0.0%
BITSFR1              0      0       0       2        0.0%
SFR1                 0      0       0       2        0.0%
STACK                0      0       0       2        0.0%
ABS                  0      0       0       3        0.0%
BITBANK0            50      0       0       4        0.0%
BITSFR3              0      0       0       4        0.0%
SFR3                 0      0       0       4        0.0%
BANK0               50      0       0       5        0.0%
BITSFR2              0      0       0       5        0.0%
SFR2                 0      0       0       5        0.0%
BITBANK1            50      0       0       6        0.0%
BANK1               50      0       0       7        0.0%
BITBANK3            60      0       0       8        0.0%
BANK3               60      0       0       9        0.0%
BITBANK2            60      0       0      10        0.0%
BANK2               60      0       0      11        0.0%
DATA                 0      0       0      12        0.0%


Microchip Technology PIC Macro Assembler V2.31 build 20201012212115 
Symbol Table                                                                                   Sun May 02 22:08:50 2021

                        l82 00D9                          l91 00EE                          l85 00FF  
                        l94 00BA                          l96 00BE                          l88 010F  
                        l97 00BF                          u10 00BE                          u11 00BD  
                        u20 0083                          u21 0082                          u30 008C  
                        u31 008B                         l100 0108                         l700 00DA  
                       l702 00DF                         l710 00A2                         l704 00E7  
                       l720 00B2                         l712 00A6                         l706 00EB  
                       l730 00B8                         l722 00B4                         l714 00AA  
                       l732 00B9                         l724 00B5                         l716 00AE  
                       l708 009E                         l740 00CA                         l734 0100  
                       l726 00B6                         l718 00B0                         l742 00CF  
                       l750 007C                         l728 00B7                         l744 00D4  
                       l736 00C0                         l760 0093                         l752 007F  
                       l738 00C5                         l762 0097                         l754 0083  
                       l692 00EF                         l756 008C                         l748 0077  
                       l694 00F2                         l758 0091                         l696 00F4  
                       l698 0109                         u127 0095                         u137 00E9  
                       _PR2 0092                         _isr 0013  __size_of_config_int_enable 0009  
                      ?_isr 0070                        i1l79 0070                        u4_20 0019  
                      u4_21 0018                        u5_20 0022                        u5_21 0021  
                      u6_20 0031                        u6_21 002D                        u7_24 0034  
                      u8_25 0039                        u9_20 0058                        u9_21 0054  
                      _main 0077                        btemp 007E              ??_config_reloj 0074  
                      start 000C                       ??_isr 0070                       ?_main 0070  
                     _ANSEL 0188                       i1l770 0024                       i1l780 0051  
                     i1l772 002A                       i1l764 0013                       i1l782 005B  
                     i1l774 0034                       i1l766 0019                       i1l784 006F  
                     i1l768 0022                       i1l776 0049                       i1l778 004B  
                     u10_24 005B                       u11_25 0060                       _PORTA 0005  
                     _PORTB 0006                       _PORTC 0007                       _TRISA 0085  
                     _TRISB 0086                       _TRISC 0087                       _setup 00C0  
                     pclath 000A                       status 0003                       wtemp0 007E  
           __initialization 000F                __end_of_main 009E                      ??_main 0075  
                    _ADRESH 001E                      _ADRESL 009E                      _CCPR1L 0015  
                    _CCPR2L 001B                      ?_setup 0070                      _ANSELH 0189  
      __end_of_config_reloj 0110                      saved_w 007E     __end_of__initialization 000F  
            __pcstackCOMMON 0070               __end_of_setup 00DA          __size_of_config_io 0011  
                   ??_setup 0075                  __pmaintext 0077                  __pintentry 0004  
                _config_adc 00DA                  _config_pwm 009E           __end_of_config_io 0100  
     __size_of_config_reloj 0007                     __ptext1 00C0                     __ptext2 0109  
                   __ptext3 009E                     __ptext4 00EF                     __ptext5 0100  
                   __ptext6 00DA                     __ptext7 0013                   _T2CONbits 0012  
              __size_of_isr 0064        end_of_initialization 000F                _config_reloj 0109  
                 _PORTBbits 0006                 ?_config_adc 0070                 ?_config_pwm 0070  
               _CCP1CONbits 0017                 _CCP2CONbits 001D         start_initialization 000F  
               __end_of_isr 0077         __size_of_config_adc 0015         __size_of_config_pwm 0022  
                 ___latbits 0002                   _config_io 00EF              __size_of_setup 001A  
         interrupt_function 0004                    _PIE1bits 008C                    _PIR1bits 000C  
                ?_config_io 0070                  _ADCON0bits 001F                  _ADCON1bits 009F  
              ??_config_adc 0074                ??_config_pwm 0074          __end_of_config_adc 00EF  
        __end_of_config_pwm 00C0           _config_int_enable 0100          ?_config_int_enable 0070  
             __size_of_main 0027         ??_config_int_enable 0074                 ??_config_io 0074  
                _INTCONbits 000B   __end_of_config_int_enable 0109                    intlevel1 0000  
                _OSCCONbits 008F               ?_config_reloj 0070  
