

Microchip MPLAB XC8 Assembler V2.31 build 20201012212115 
                                                                                               Sun May 09 15:24:34 2021

Microchip MPLAB XC8 C Compiler v2.31 (Free license) build 20201012212115 Og1 
     1                           	processor	16F887
     2                           	pagewidth 120
     3                           	opt	flic
     4                           	psect	idataCOMMON,global,class=CODE,delta=2,noexec
     5                           	psect	idataBANK0,global,class=CODE,delta=2,noexec
     6                           	psect	idataBANK1,global,class=CODE,delta=2,noexec
     7                           	psect	idataBANK3,global,class=CODE,delta=2,noexec
     8                           	psect	cinit,global,class=CODE,merge=1,delta=2
     9                           	psect	dataCOMMON,global,class=COMMON,space=1,delta=1,noexec
    10                           	psect	dataBANK0,global,class=BANK0,space=1,delta=1,noexec
    11                           	psect	dataBANK1,global,class=BANK1,space=1,delta=1,noexec
    12                           	psect	dataBANK3,global,class=BANK3,space=1,delta=1,noexec
    13                           	psect	inittext,global,class=CODE,delta=2
    14                           	psect	cstackCOMMON,global,class=COMMON,space=1,delta=1,noexec
    15                           	psect	cstackBANK0,global,class=BANK0,space=1,delta=1,noexec
    16                           	psect	maintext,global,class=CODE,split=1,delta=2
    17                           	psect	text1,local,class=CODE,merge=1,delta=2
    18                           	psect	text2,local,class=CODE,merge=1,delta=2
    19                           	psect	text3,local,class=CODE,merge=1,delta=2
    20                           	psect	text4,local,class=CODE,merge=1,delta=2
    21                           	psect	text5,local,class=CODE,merge=1,delta=2
    22                           	psect	text6,local,class=CODE,merge=1,delta=2
    23                           	psect	intentry,global,class=CODE,delta=2
    24                           	psect	config,global,abs,ovrld,class=CONFIG,space=4,delta=2,noexec
    25                           	dabs	1,0x7E,2
    26  0000                     
    27                           ; Version 2.20
    28                           ; Generated 12/02/2020 GMT
    29                           ; 
    30                           ; Copyright © 2020, Microchip Technology Inc. and its subsidiaries ("Microchip")
    31                           ; All rights reserved.
    32                           ; 
    33                           ; This software is developed by Microchip Technology Inc. and its subsidiaries ("Microch
      +                          ip").
    34                           ; 
    35                           ; Redistribution and use in source and binary forms, with or without modification, are
    36                           ; permitted provided that the following conditions are met:
    37                           ; 
    38                           ;     1. Redistributions of source code must retain the above copyright notice, this lis
      +                          t of
    39                           ;        conditions and the following disclaimer.
    40                           ; 
    41                           ;     2. Redistributions in binary form must reproduce the above copyright notice, this 
      +                          list
    42                           ;        of conditions and the following disclaimer in the documentation and/or other
    43                           ;        materials provided with the distribution.
    44                           ; 
    45                           ;     3. Microchip's name may not be used to endorse or promote products derived from th
      +                          is
    46                           ;        software without specific prior written permission.
    47                           ; 
    48                           ; THIS SOFTWARE IS PROVIDED BY MICROCHIP "AS IS" AND ANY EXPRESS OR IMPLIED WARRANTIES,
    49                           ; INCLUDING, BUT NOT LIMITED TO, THE IMPLIED WARRANTIES OF MERCHANTABILITY AND FITNESS F
      +                          OR
    50                           ; PURPOSE ARE DISCLAIMED.  IN NO EVENT SHALL MICROCHIP BE LIABLE FOR ANY DIRECT, INDIREC
      +                          T,
    51                           ; INCIDENTAL, SPECIAL, EXEMPLARY, OR CONSEQUENTIAL DAMAGES (INCLUDING BUT NOT LIMITED TO
    52                           ; PROCUREMENT OF SUBSTITUTE GOODS OR SERVICES; LOSS OF USE, DATA OR PROFITS; OR BUSINESS
    53                           ; INTERRUPTION) HOWSOEVER CAUSED AND ON ANY THEORY OF LIABILITY, WHETHER IN CONTRACT, ST
      +                          RICT
    54                           ; LIABILITY, OR TORT (INCLUDING NEGLIGENCE OR OTHERWISE) ARISING IN ANY WAY OUT OF THE U
      +                          SE OF
    55                           ; THIS SOFTWARE, EVEN IF ADVISED OF THE POSSIBILITY OF SUCH DAMAGE.
    56                           ; 
    57                           ; 
    58                           ; Code-generator required, PIC16F887 Definitions
    59                           ; 
    60                           ; SFR Addresses
    61  0000                     	;# 
    62  0001                     	;# 
    63  0002                     	;# 
    64  0003                     	;# 
    65  0004                     	;# 
    66  0005                     	;# 
    67  0006                     	;# 
    68  0007                     	;# 
    69  0008                     	;# 
    70  0009                     	;# 
    71  000A                     	;# 
    72  000B                     	;# 
    73  000C                     	;# 
    74  000D                     	;# 
    75  000E                     	;# 
    76  000E                     	;# 
    77  000F                     	;# 
    78  0010                     	;# 
    79  0011                     	;# 
    80  0012                     	;# 
    81  0013                     	;# 
    82  0014                     	;# 
    83  0015                     	;# 
    84  0015                     	;# 
    85  0016                     	;# 
    86  0017                     	;# 
    87  0018                     	;# 
    88  0019                     	;# 
    89  001A                     	;# 
    90  001B                     	;# 
    91  001B                     	;# 
    92  001C                     	;# 
    93  001D                     	;# 
    94  001E                     	;# 
    95  001F                     	;# 
    96  0081                     	;# 
    97  0085                     	;# 
    98  0086                     	;# 
    99  0087                     	;# 
   100  0088                     	;# 
   101  0089                     	;# 
   102  008C                     	;# 
   103  008D                     	;# 
   104  008E                     	;# 
   105  008F                     	;# 
   106  0090                     	;# 
   107  0091                     	;# 
   108  0092                     	;# 
   109  0093                     	;# 
   110  0093                     	;# 
   111  0093                     	;# 
   112  0094                     	;# 
   113  0095                     	;# 
   114  0096                     	;# 
   115  0097                     	;# 
   116  0098                     	;# 
   117  0099                     	;# 
   118  009A                     	;# 
   119  009B                     	;# 
   120  009C                     	;# 
   121  009D                     	;# 
   122  009E                     	;# 
   123  009F                     	;# 
   124  0105                     	;# 
   125  0107                     	;# 
   126  0108                     	;# 
   127  0109                     	;# 
   128  010C                     	;# 
   129  010C                     	;# 
   130  010D                     	;# 
   131  010E                     	;# 
   132  010F                     	;# 
   133  0185                     	;# 
   134  0187                     	;# 
   135  0188                     	;# 
   136  0189                     	;# 
   137  018C                     	;# 
   138  018D                     	;# 
   139  0000                     	;# 
   140  0001                     	;# 
   141  0002                     	;# 
   142  0003                     	;# 
   143  0004                     	;# 
   144  0005                     	;# 
   145  0006                     	;# 
   146  0007                     	;# 
   147  0008                     	;# 
   148  0009                     	;# 
   149  000A                     	;# 
   150  000B                     	;# 
   151  000C                     	;# 
   152  000D                     	;# 
   153  000E                     	;# 
   154  000E                     	;# 
   155  000F                     	;# 
   156  0010                     	;# 
   157  0011                     	;# 
   158  0012                     	;# 
   159  0013                     	;# 
   160  0014                     	;# 
   161  0015                     	;# 
   162  0015                     	;# 
   163  0016                     	;# 
   164  0017                     	;# 
   165  0018                     	;# 
   166  0019                     	;# 
   167  001A                     	;# 
   168  001B                     	;# 
   169  001B                     	;# 
   170  001C                     	;# 
   171  001D                     	;# 
   172  001E                     	;# 
   173  001F                     	;# 
   174  0081                     	;# 
   175  0085                     	;# 
   176  0086                     	;# 
   177  0087                     	;# 
   178  0088                     	;# 
   179  0089                     	;# 
   180  008C                     	;# 
   181  008D                     	;# 
   182  008E                     	;# 
   183  008F                     	;# 
   184  0090                     	;# 
   185  0091                     	;# 
   186  0092                     	;# 
   187  0093                     	;# 
   188  0093                     	;# 
   189  0093                     	;# 
   190  0094                     	;# 
   191  0095                     	;# 
   192  0096                     	;# 
   193  0097                     	;# 
   194  0098                     	;# 
   195  0099                     	;# 
   196  009A                     	;# 
   197  009B                     	;# 
   198  009C                     	;# 
   199  009D                     	;# 
   200  009E                     	;# 
   201  009F                     	;# 
   202  0105                     	;# 
   203  0107                     	;# 
   204  0108                     	;# 
   205  0109                     	;# 
   206  010C                     	;# 
   207  010C                     	;# 
   208  010D                     	;# 
   209  010E                     	;# 
   210  010F                     	;# 
   211  0185                     	;# 
   212  0187                     	;# 
   213  0188                     	;# 
   214  0189                     	;# 
   215  018C                     	;# 
   216  018D                     	;# 
   217                           
   218                           	psect	idataCOMMON
   219  0282                     __pidataCOMMON:
   220                           
   221                           ;initializer for _punt3
   222  0282  3420               	retlw	32
   223                           
   224                           ;initializer for _punt2
   225  0283  3420               	retlw	32
   226                           
   227                           ;initializer for _punt1
   228  0284  341E               	retlw	30
   229                           
   230                           ;initializer for _puntm
   231  0285  3460               	retlw	96
   232                           
   233                           ;initializer for _caso
   234  0286  3401               	retlw	1
   235                           
   236                           	psect	idataBANK0
   237  0193                     __pidataBANK0:
   238                           
   239                           ;initializer for _puertoA
   240  0193  3441               	retlw	65
   241  0194  3454               	retlw	84
   242  0195  3452               	retlw	82
   243  0196  344F               	retlw	79
   244  0197  3450               	retlw	80
   245  0198  3420               	retlw	32
   246  0199  346E               	retlw	110
   247  019A  3465               	retlw	101
   248  019B  3420               	retlw	32
   249  019C  3472               	retlw	114
   250  019D  3465               	retlw	101
   251  019E  3474               	retlw	116
   252  019F  3463               	retlw	99
   253  01A0  3461               	retlw	97
   254  01A1  3472               	retlw	114
   255  01A2  3461               	retlw	97
   256  01A3  3463               	retlw	99
   257  01A4  3420               	retlw	32
   258  01A5  346F               	retlw	111
   259  01A6  3476               	retlw	118
   260  01A7  3465               	retlw	101
   261  01A8  3475               	retlw	117
   262  01A9  346E               	retlw	110
   263  01AA  3420               	retlw	32
   264  01AB  3472               	retlw	114
   265  01AC  3461               	retlw	97
   266  01AD  3473               	retlw	115
   267  01AE  3465               	retlw	101
   268  01AF  3472               	retlw	114
   269  01B0  3467               	retlw	103
   270  01B1  346E               	retlw	110
   271  01B2  3449               	retlw	73
   272                           
   273                           ;initializer for _cadena
   274  01B3  342E               	retlw	46
   275  01B4  342E               	retlw	46
   276  01B5  342E               	retlw	46
   277  01B6  3466               	retlw	102
   278  01B7  3465               	retlw	101
   279  01B8  3464               	retlw	100
   280  01B9  3463               	retlw	99
   281  01BA  3462               	retlw	98
   282  01BB  3461               	retlw	97
   283  01BC  340D               	retlw	13
   284  01BD  3473               	retlw	115
   285  01BE  3465               	retlw	101
   286  01BF  3472               	retlw	114
   287  01C0  3465               	retlw	101
   288  01C1  3474               	retlw	116
   289  01C2  3463               	retlw	99
   290  01C3  3461               	retlw	97
   291  01C4  3472               	retlw	114
   292  01C5  3461               	retlw	97
   293  01C6  3463               	retlw	99
   294  01C7  3420               	retlw	32
   295  01C8  3465               	retlw	101
   296  01C9  3464               	retlw	100
   297  01CA  3420               	retlw	32
   298  01CB  3461               	retlw	97
   299  01CC  346E               	retlw	110
   300  01CD  3465               	retlw	101
   301  01CE  3464               	retlw	100
   302  01CF  3461               	retlw	97
   303  01D0  3443               	retlw	67
   304                           
   305                           	psect	idataBANK1
   306  0208                     __pidataBANK1:
   307                           
   308                           ;initializer for _puertoB
   309  0208  3442               	retlw	66
   310  0209  3454               	retlw	84
   311  020A  3452               	retlw	82
   312  020B  344F               	retlw	79
   313  020C  3450               	retlw	80
   314  020D  3420               	retlw	32
   315  020E  346E               	retlw	110
   316  020F  3465               	retlw	101
   317  0210  3420               	retlw	32
   318  0211  3472               	retlw	114
   319  0212  3465               	retlw	101
   320  0213  3474               	retlw	116
   321  0214  3463               	retlw	99
   322  0215  3461               	retlw	97
   323  0216  3472               	retlw	114
   324  0217  3461               	retlw	97
   325  0218  3463               	retlw	99
   326  0219  3420               	retlw	32
   327  021A  346F               	retlw	111
   328  021B  3476               	retlw	118
   329  021C  3465               	retlw	101
   330  021D  3475               	retlw	117
   331  021E  346E               	retlw	110
   332  021F  3420               	retlw	32
   333  0220  3472               	retlw	114
   334  0221  3461               	retlw	97
   335  0222  3473               	retlw	115
   336  0223  3465               	retlw	101
   337  0224  3472               	retlw	114
   338  0225  3467               	retlw	103
   339  0226  346E               	retlw	110
   340  0227  3449               	retlw	73
   341                           
   342                           	psect	idataBANK3
   343  0133                     __pidataBANK3:
   344                           
   345                           ;initializer for _menu
   346  0133  3442               	retlw	66
   347  0134  3454               	retlw	84
   348  0135  3452               	retlw	82
   349  0136  344F               	retlw	79
   350  0137  3450               	retlw	80
   351  0138  3420               	retlw	32
   352  0139  3472               	retlw	114
   353  013A  3461               	retlw	97
   354  013B  3469               	retlw	105
   355  013C  3462               	retlw	98
   356  013D  346D               	retlw	109
   357  013E  3461               	retlw	97
   358  013F  3443               	retlw	67
   359  0140  3420               	retlw	32
   360  0141  3429               	retlw	41
   361  0142  3433               	retlw	51
   362  0143  3428               	retlw	40
   363  0144  340D               	retlw	13
   364  0145  3441               	retlw	65
   365  0146  3454               	retlw	84
   366  0147  3452               	retlw	82
   367  0148  344F               	retlw	79
   368  0149  3450               	retlw	80
   369  014A  3420               	retlw	32
   370  014B  3472               	retlw	114
   371  014C  3461               	retlw	97
   372  014D  3469               	retlw	105
   373  014E  3462               	retlw	98
   374  014F  346D               	retlw	109
   375  0150  3461               	retlw	97
   376  0151  3443               	retlw	67
   377  0152  3420               	retlw	32
   378  0153  3429               	retlw	41
   379  0154  3432               	retlw	50
   380  0155  3428               	retlw	40
   381  0156  340D               	retlw	13
   382  0157  3473               	retlw	115
   383  0158  3465               	retlw	101
   384  0159  3472               	retlw	114
   385  015A  3465               	retlw	101
   386  015B  3474               	retlw	116
   387  015C  3463               	retlw	99
   388  015D  3461               	retlw	97
   389  015E  3472               	retlw	114
   390  015F  3461               	retlw	97
   391  0160  3463               	retlw	99
   392  0161  3420               	retlw	32
   393  0162  3465               	retlw	101
   394  0163  3464               	retlw	100
   395  0164  3420               	retlw	32
   396  0165  3461               	retlw	97
   397  0166  346E               	retlw	110
   398  0167  3465               	retlw	101
   399  0168  3464               	retlw	100
   400  0169  3461               	retlw	97
   401  016A  3463               	retlw	99
   402  016B  3420               	retlw	32
   403  016C  3472               	retlw	114
   404  016D  3461               	retlw	97
   405  016E  3467               	retlw	103
   406  016F  3465               	retlw	101
   407  0170  346C               	retlw	108
   408  0171  3470               	retlw	112
   409  0172  3473               	retlw	115
   410  0173  3465               	retlw	101
   411  0174  3444               	retlw	68
   412  0175  3420               	retlw	32
   413  0176  3429               	retlw	41
   414  0177  3431               	retlw	49
   415  0178  3428               	retlw	40
   416  0179  340D               	retlw	13
   417  017A  3472               	retlw	114
   418  017B  3461               	retlw	97
   419  017C  3474               	retlw	116
   420  017D  3475               	retlw	117
   421  017E  3463               	retlw	99
   422  017F  3465               	retlw	101
   423  0180  346A               	retlw	106
   424  0181  3465               	retlw	101
   425  0182  3420               	retlw	32
   426  0183  3461               	retlw	97
   427  0184  3465               	retlw	101
   428  0185  3473               	retlw	115
   429  0186  3465               	retlw	101
   430  0187  3464               	retlw	100
   431  0188  3420               	retlw	32
   432  0189  346E               	retlw	110
   433  018A  346F               	retlw	111
   434  018B  3469               	retlw	105
   435  018C  3463               	retlw	99
   436  018D  3463               	retlw	99
   437  018E  3461               	retlw	97
   438  018F  3420               	retlw	32
   439  0190  3465               	retlw	101
   440  0191  3475               	retlw	117
   441  0192  3451               	retlw	81
   442  000B                     _INTCONbits	set	11
   443  0018                     _RCSTAbits	set	24
   444  0006                     _PORTB	set	6
   445  0005                     _PORTA	set	5
   446  001A                     _RCREG	set	26
   447  0019                     _TXREG	set	25
   448  000C                     _PIR1bits	set	12
   449  008C                     _PIE1bits	set	140
   450  009A                     _SPBRGH	set	154
   451  0099                     _SPBRG	set	153
   452  0098                     _TXSTAbits	set	152
   453  008F                     _OSCCONbits	set	143
   454  0086                     _TRISB	set	134
   455  0085                     _TRISA	set	133
   456  0187                     _BAUDCTLbits	set	391
   457  0188                     _ANSEL	set	392
   458  0189                     _ANSELH	set	393
   459                           
   460                           	psect	cinit
   461  0011                     start_initialization:	
   462                           ; #config settings
   463                           
   464  0011                     __initialization:
   465                           
   466                           ; Initialize objects allocated to BANK3
   467  0011  1783               	bsf	3,7	;select IRP bank2
   468  0012  30F0               	movlw	low (__pdataBANK3+96)
   469  0013  00FD               	movwf	btemp+-1
   470  0014  3001               	movlw	high __pidataBANK3
   471  0015  00FE               	movwf	btemp
   472  0016  3033               	movlw	low __pidataBANK3
   473  0017  00FF               	movwf	btemp+1
   474  0018  3090               	movlw	low __pdataBANK3
   475  0019  0084               	movwf	4
   476  001A  120A  118A  2256  120A  118A  	fcall	init_ram0
   477                           
   478                           ; Initialize objects allocated to BANK1
   479  001F  1383               	bcf	3,7	;select IRP bank0
   480  0020  30C0               	movlw	low (__pdataBANK1+32)
   481  0021  00FD               	movwf	btemp+-1
   482  0022  3002               	movlw	high __pidataBANK1
   483  0023  00FE               	movwf	btemp
   484  0024  3008               	movlw	low __pidataBANK1
   485  0025  00FF               	movwf	btemp+1
   486  0026  30A0               	movlw	low __pdataBANK1
   487  0027  0084               	movwf	4
   488  0028  120A  118A  2256  120A  118A  	fcall	init_ram0
   489                           
   490                           ; Initialize objects allocated to BANK0
   491  002D  305E               	movlw	low (__pdataBANK0+62)
   492  002E  00FD               	movwf	btemp+-1
   493  002F  3001               	movlw	high __pidataBANK0
   494  0030  00FE               	movwf	btemp
   495  0031  3093               	movlw	low __pidataBANK0
   496  0032  00FF               	movwf	btemp+1
   497  0033  3020               	movlw	low __pdataBANK0
   498  0034  0084               	movwf	4
   499  0035  120A  118A  2256  120A  118A  	fcall	init_ram0
   500                           
   501                           ; Initialize objects allocated to COMMON
   502  003A  120A  118A  2282  120A  118A  	fcall	__pidataCOMMON	;fetch initializer
   503  003F  00F6               	movwf	__pdataCOMMON& (0+127)
   504  0040  120A  118A  2283  120A  118A  	fcall	__pidataCOMMON+1	;fetch initializer
   505  0045  00F7               	movwf	(__pdataCOMMON+1)& (0+127)
   506  0046  120A  118A  2284  120A  118A  	fcall	__pidataCOMMON+2	;fetch initializer
   507  004B  00F8               	movwf	(__pdataCOMMON+2)& (0+127)
   508  004C  120A  118A  2285  120A  118A  	fcall	__pidataCOMMON+3	;fetch initializer
   509  0051  00F9               	movwf	(__pdataCOMMON+3)& (0+127)
   510  0052  120A  118A  2286  120A  118A  	fcall	__pidataCOMMON+4	;fetch initializer
   511  0057  00FA               	movwf	(__pdataCOMMON+4)& (0+127)
   512  0058                     end_of_initialization:	
   513                           ;End of C runtime variable initialization code
   514                           
   515  0058                     __end_of__initialization:
   516  0058  0183               	clrf	3
   517  0059  120A  118A  29D1   	ljmp	_main	;jump to C main() function
   518                           
   519                           	psect	dataCOMMON
   520  0076                     __pdataCOMMON:
   521  0076                     _punt3:
   522  0076                     	ds	1
   523  0077                     _punt2:
   524  0077                     	ds	1
   525  0078                     _punt1:
   526  0078                     	ds	1
   527  0079                     _puntm:
   528  0079                     	ds	1
   529  007A                     _caso:
   530  007A                     	ds	1
   531                           
   532                           	psect	dataBANK0
   533  0020                     __pdataBANK0:
   534  0020                     _puertoA:
   535  0020                     	ds	32
   536  0040                     _cadena:
   537  0040                     	ds	30
   538                           
   539                           	psect	dataBANK1
   540  00A0                     __pdataBANK1:
   541  00A0                     _puertoB:
   542  00A0                     	ds	32
   543                           
   544                           	psect	dataBANK3
   545  0190                     __pdataBANK3:
   546  0190                     _menu:
   547  0190                     	ds	96
   548                           
   549                           	psect	inittext
   550  0252                     init_fetch0:	
   551                           ;	Called with low address in FSR and high address in W
   552                           
   553  0252  087E               	movf	btemp,w
   554  0253  008A               	movwf	10
   555  0254  087F               	movf	btemp+1,w
   556  0255  0082               	movwf	2
   557  0256                     init_ram0:	
   558                           ;Called with:
   559                           ;	high address of idata address in btemp 
   560                           ;	low address of idata address in btemp+1 
   561                           ;	low address of data in FSR
   562                           ;	high address + 1 of data in btemp-1
   563                           
   564  0256  120A  118A  2252  120A  118A  	fcall	init_fetch0
   565  025B  0080               	movwf	0
   566  025C  0A84               	incf	4,f
   567  025D  0804               	movf	4,w
   568  025E  067D               	xorwf	btemp+-1,w
   569  025F  1903               	btfsc	3,2
   570  0260  3400               	retlw	0
   571  0261  0AFF               	incf	btemp+1,f
   572  0262  1903               	btfsc	3,2
   573  0263  0AFE               	incf	btemp,f
   574  0264  2A56               	goto	init_ram0
   575                           
   576                           	psect	cstackCOMMON
   577  0070                     __pcstackCOMMON:
   578  0070                     ?_setup:
   579  0070                     ?_config_io:	
   580                           ; 1 bytes @ 0x0
   581                           
   582  0070                     ?_config_reloj:	
   583                           ; 1 bytes @ 0x0
   584                           
   585  0070                     ?_config_serial:	
   586                           ; 1 bytes @ 0x0
   587                           
   588  0070                     ?_config_int_enable:	
   589                           ; 1 bytes @ 0x0
   590                           
   591  0070                     ?_main:	
   592                           ; 1 bytes @ 0x0
   593                           
   594  0070                     ?_isr:	
   595                           ; 1 bytes @ 0x0
   596                           
   597  0070                     ??_isr:	
   598                           ; 1 bytes @ 0x0
   599                           
   600                           
   601                           ; 1 bytes @ 0x0
   602  0070                     	ds	6
   603                           
   604                           	psect	cstackBANK0
   605  005E                     __pcstackBANK0:
   606  005E                     ??_setup:
   607  005E                     ??_config_io:	
   608                           ; 1 bytes @ 0x0
   609                           
   610  005E                     ??_config_reloj:	
   611                           ; 1 bytes @ 0x0
   612                           
   613  005E                     ??_config_serial:	
   614                           ; 1 bytes @ 0x0
   615                           
   616  005E                     ??_config_int_enable:	
   617                           ; 1 bytes @ 0x0
   618                           
   619  005E                     ??_main:	
   620                           ; 1 bytes @ 0x0
   621                           
   622                           
   623                           ; 1 bytes @ 0x0
   624  005E                     	ds	1
   625                           
   626                           	psect	maintext
   627  01D1                     __pmaintext:	
   628 ;;
   629 ;;Main: autosize = 0, tempsize = 1, incstack = 0, save=0
   630 ;;
   631 ;; *************** function _main *****************
   632 ;; Defined at:
   633 ;;		line 89 in file "Lab10.c"
   634 ;; Parameters:    Size  Location     Type
   635 ;;		None
   636 ;; Auto vars:     Size  Location     Type
   637 ;;		None
   638 ;; Return value:  Size  Location     Type
   639 ;;                  1    wreg      void 
   640 ;; Registers used:
   641 ;;		wreg, fsr0l, fsr0h, status,2, status,0, pclath, cstack
   642 ;; Tracked objects:
   643 ;;		On entry : B00/0
   644 ;;		On exit  : 0/0
   645 ;;		Unchanged: 0/0
   646 ;; Data sizes:     COMMON   BANK0   BANK1   BANK3   BANK2
   647 ;;      Params:         0       0       0       0       0
   648 ;;      Locals:         0       0       0       0       0
   649 ;;      Temps:          0       1       0       0       0
   650 ;;      Totals:         0       1       0       0       0
   651 ;;Total ram usage:        1 bytes
   652 ;; Hardware stack levels required when called:    3
   653 ;; This function calls:
   654 ;;		_setup
   655 ;; This function is called by:
   656 ;;		Startup code after reset
   657 ;; This function uses a non-reentrant model
   658 ;;
   659                           
   660                           
   661                           ;psect for function _main
   662  01D1                     _main:
   663  01D1                     l922:	
   664                           ;incstack = 0
   665                           ; Regs used in _main: [wreg-fsr0h+status,2+status,0+pclath+cstack]
   666                           
   667                           
   668                           ;Lab10.c: 90:     setup();
   669  01D1  120A  118A  2228  120A  118A  	fcall	_setup
   670  01D6                     l924:
   671                           
   672                           ;Lab10.c: 97:         if (PIR1bits.TXIF) {
   673  01D6  1283               	bcf	3,5	;RP0=0, select bank0
   674  01D7  1303               	bcf	3,6	;RP1=0, select bank0
   675  01D8  1E0C               	btfss	12,4	;volatile
   676  01D9  29DB               	goto	u261
   677  01DA  29DC               	goto	u260
   678  01DB                     u261:
   679  01DB  29D6               	goto	l924
   680  01DC                     u260:
   681  01DC                     l926:
   682                           
   683                           ;Lab10.c: 99:             if (caso == 1 ){
   684  01DC  037A               	decf	_caso,w
   685  01DD  1D03               	btfss	3,2
   686  01DE  29E0               	goto	u271
   687  01DF  29E1               	goto	u270
   688  01E0                     u271:
   689  01E0  29D6               	goto	l924
   690  01E1                     u270:
   691  01E1                     l928:
   692                           
   693                           ;Lab10.c: 100:                 TXREG = 12;
   694  01E1  300C               	movlw	12
   695  01E2  0099               	movwf	25	;volatile
   696                           
   697                           ;Lab10.c: 101:                 while(puntm > 0){
   698  01E3  29F8               	goto	l936
   699  01E4                     l930:
   700                           
   701                           ;Lab10.c: 102:                     puntm = puntm-1;
   702  01E4  0879               	movf	_puntm,w
   703  01E5  3EFF               	addlw	255
   704  01E6  1283               	bcf	3,5	;RP0=0, select bank0
   705  01E7  1303               	bcf	3,6	;RP1=0, select bank0
   706  01E8  00DE               	movwf	??_main
   707  01E9  085E               	movf	??_main,w
   708  01EA  00F9               	movwf	_puntm
   709  01EB                     l932:
   710                           
   711                           ;Lab10.c: 103:                     TXREG = menu[puntm];
   712  01EB  0879               	movf	_puntm,w
   713  01EC  3E90               	addlw	(low (_menu| (0+256)))& (0+255)
   714  01ED  0084               	movwf	4
   715  01EE  1783               	bsf	3,7	;select IRP bank3
   716  01EF  0800               	movf	0,w
   717  01F0  0099               	movwf	25	;volatile
   718  01F1                     l934:
   719                           
   720                           ;Lab10.c: 104:                     _delay((unsigned long)((1)*(1000000/4000.0)));
   721  01F1  3052               	movlw	82
   722  01F2  1283               	bcf	3,5	;RP0=0, select bank0
   723  01F3  1303               	bcf	3,6	;RP1=0, select bank0
   724  01F4  00DE               	movwf	??_main
   725  01F5                     u297:
   726  01F5  0BDE               	decfsz	??_main,f
   727  01F6  29F5               	goto	u297
   728  01F7  0000               	nop
   729  01F8                     l936:
   730                           
   731                           ;Lab10.c: 101:                 while(puntm > 0){
   732  01F8  0879               	movf	_puntm,w
   733  01F9  1D03               	btfss	3,2
   734  01FA  29FC               	goto	u281
   735  01FB  29FD               	goto	u280
   736  01FC                     u281:
   737  01FC  29E4               	goto	l930
   738  01FD                     u280:
   739  01FD                     l938:
   740                           
   741                           ;Lab10.c: 106:                 caso = 0;
   742  01FD  01FA               	clrf	_caso
   743  01FE                     l940:
   744                           
   745                           ;Lab10.c: 107:                 puntm = 96;
   746  01FE  3060               	movlw	96
   747  01FF  1283               	bcf	3,5	;RP0=0, select bank0
   748  0200  1303               	bcf	3,6	;RP1=0, select bank0
   749  0201  00DE               	movwf	??_main
   750  0202  085E               	movf	??_main,w
   751  0203  00F9               	movwf	_puntm
   752  0204  29D6               	goto	l924
   753  0205  120A  118A  280E   	ljmp	start
   754  0208                     __end_of_main:
   755                           
   756                           	psect	text1
   757  0228                     __ptext1:	
   758 ;; *************** function _setup *****************
   759 ;; Defined at:
   760 ;;		line 181 in file "Lab10.c"
   761 ;; Parameters:    Size  Location     Type
   762 ;;		None
   763 ;; Auto vars:     Size  Location     Type
   764 ;;		None
   765 ;; Return value:  Size  Location     Type
   766 ;;                  1    wreg      void 
   767 ;; Registers used:
   768 ;;		wreg, status,2, status,0, pclath, cstack
   769 ;; Tracked objects:
   770 ;;		On entry : 0/0
   771 ;;		On exit  : 0/0
   772 ;;		Unchanged: 0/0
   773 ;; Data sizes:     COMMON   BANK0   BANK1   BANK3   BANK2
   774 ;;      Params:         0       0       0       0       0
   775 ;;      Locals:         0       0       0       0       0
   776 ;;      Temps:          0       0       0       0       0
   777 ;;      Totals:         0       0       0       0       0
   778 ;;Total ram usage:        0 bytes
   779 ;; Hardware stack levels used:    1
   780 ;; Hardware stack levels required when called:    2
   781 ;; This function calls:
   782 ;;		_config_int_enable
   783 ;;		_config_io
   784 ;;		_config_reloj
   785 ;;		_config_serial
   786 ;; This function is called by:
   787 ;;		_main
   788 ;; This function uses a non-reentrant model
   789 ;;
   790                           
   791                           
   792                           ;psect for function _setup
   793  0228                     _setup:
   794  0228                     l914:	
   795                           ;incstack = 0
   796                           ; Regs used in _setup: [wreg+status,2+status,0+pclath+cstack]
   797                           
   798                           
   799                           ;Lab10.c: 182:     config_io();
   800  0228  120A  118A  2265  120A  118A  	fcall	_config_io
   801                           
   802                           ;Lab10.c: 183:     config_reloj();
   803  022D  120A  118A  227B  120A  118A  	fcall	_config_reloj
   804  0232                     l916:
   805                           
   806                           ;Lab10.c: 184:     config_serial();
   807  0232  120A  118A  223D  120A  118A  	fcall	_config_serial
   808  0237                     l918:
   809                           
   810                           ;Lab10.c: 185:     config_int_enable();
   811  0237  120A  118A  2272  120A  118A  	fcall	_config_int_enable
   812  023C                     l106:
   813  023C  0008               	return
   814  023D                     __end_of_setup:
   815                           
   816                           	psect	text2
   817  023D                     __ptext2:	
   818 ;; *************** function _config_serial *****************
   819 ;; Defined at:
   820 ;;		line 207 in file "Lab10.c"
   821 ;; Parameters:    Size  Location     Type
   822 ;;		None
   823 ;; Auto vars:     Size  Location     Type
   824 ;;		None
   825 ;; Return value:  Size  Location     Type
   826 ;;                  1    wreg      void 
   827 ;; Registers used:
   828 ;;		wreg, status,2
   829 ;; Tracked objects:
   830 ;;		On entry : 0/0
   831 ;;		On exit  : 0/0
   832 ;;		Unchanged: 0/0
   833 ;; Data sizes:     COMMON   BANK0   BANK1   BANK3   BANK2
   834 ;;      Params:         0       0       0       0       0
   835 ;;      Locals:         0       0       0       0       0
   836 ;;      Temps:          0       0       0       0       0
   837 ;;      Totals:         0       0       0       0       0
   838 ;;Total ram usage:        0 bytes
   839 ;; Hardware stack levels used:    1
   840 ;; Hardware stack levels required when called:    1
   841 ;; This function calls:
   842 ;;		Nothing
   843 ;; This function is called by:
   844 ;;		_setup
   845 ;; This function uses a non-reentrant model
   846 ;;
   847                           
   848                           
   849                           ;psect for function _config_serial
   850  023D                     _config_serial:
   851  023D                     l898:	
   852                           ;incstack = 0
   853                           ; Regs used in _config_serial: [wreg+status,2]
   854                           
   855                           
   856                           ;Lab10.c: 208:     TXSTAbits.SYNC = 0;
   857  023D  1683               	bsf	3,5	;RP0=1, select bank1
   858  023E  1303               	bcf	3,6	;RP1=0, select bank1
   859  023F  1218               	bcf	24,4	;volatile
   860                           
   861                           ;Lab10.c: 209:     TXSTAbits.BRGH = 1;
   862  0240  1518               	bsf	24,2	;volatile
   863                           
   864                           ;Lab10.c: 211:     BAUDCTLbits.BRG16 = 1;
   865  0241  1683               	bsf	3,5	;RP0=1, select bank3
   866  0242  1703               	bsf	3,6	;RP1=1, select bank3
   867  0243  1587               	bsf	7,3	;volatile
   868  0244                     l900:
   869                           
   870                           ;Lab10.c: 213:     SPBRG = 25;
   871  0244  3019               	movlw	25
   872  0245  1683               	bsf	3,5	;RP0=1, select bank1
   873  0246  1303               	bcf	3,6	;RP1=0, select bank1
   874  0247  0099               	movwf	25	;volatile
   875  0248                     l902:
   876                           
   877                           ;Lab10.c: 214:     SPBRGH = 0;
   878  0248  019A               	clrf	26	;volatile
   879  0249                     l904:
   880                           
   881                           ;Lab10.c: 216:     RCSTAbits.SPEN = 1;
   882  0249  1283               	bcf	3,5	;RP0=0, select bank0
   883  024A  1303               	bcf	3,6	;RP1=0, select bank0
   884  024B  1798               	bsf	24,7	;volatile
   885  024C                     l906:
   886                           
   887                           ;Lab10.c: 217:     RCSTAbits.RX9 = 0;
   888  024C  1318               	bcf	24,6	;volatile
   889  024D                     l908:
   890                           
   891                           ;Lab10.c: 218:     RCSTAbits.CREN = 1;
   892  024D  1618               	bsf	24,4	;volatile
   893  024E                     l910:
   894                           
   895                           ;Lab10.c: 220:     TXSTAbits.TXEN = 1;
   896  024E  1683               	bsf	3,5	;RP0=1, select bank1
   897  024F  1303               	bcf	3,6	;RP1=0, select bank1
   898  0250  1698               	bsf	24,5	;volatile
   899  0251                     l115:
   900  0251  0008               	return
   901  0252                     __end_of_config_serial:
   902                           
   903                           	psect	text3
   904  027B                     __ptext3:	
   905 ;; *************** function _config_reloj *****************
   906 ;; Defined at:
   907 ;;		line 200 in file "Lab10.c"
   908 ;; Parameters:    Size  Location     Type
   909 ;;		None
   910 ;; Auto vars:     Size  Location     Type
   911 ;;		None
   912 ;; Return value:  Size  Location     Type
   913 ;;                  1    wreg      void 
   914 ;; Registers used:
   915 ;;		None
   916 ;; Tracked objects:
   917 ;;		On entry : 0/0
   918 ;;		On exit  : 0/0
   919 ;;		Unchanged: 0/0
   920 ;; Data sizes:     COMMON   BANK0   BANK1   BANK3   BANK2
   921 ;;      Params:         0       0       0       0       0
   922 ;;      Locals:         0       0       0       0       0
   923 ;;      Temps:          0       0       0       0       0
   924 ;;      Totals:         0       0       0       0       0
   925 ;;Total ram usage:        0 bytes
   926 ;; Hardware stack levels used:    1
   927 ;; Hardware stack levels required when called:    1
   928 ;; This function calls:
   929 ;;		Nothing
   930 ;; This function is called by:
   931 ;;		_setup
   932 ;; This function uses a non-reentrant model
   933 ;;
   934                           
   935                           
   936                           ;psect for function _config_reloj
   937  027B                     _config_reloj:
   938  027B                     l896:	
   939                           ;incstack = 0
   940                           ; Regs used in _config_reloj: []
   941                           
   942                           
   943                           ;Lab10.c: 201:     OSCCONbits.IRCF2 = 1;
   944  027B  1683               	bsf	3,5	;RP0=1, select bank1
   945  027C  1303               	bcf	3,6	;RP1=0, select bank1
   946  027D  170F               	bsf	15,6	;volatile
   947                           
   948                           ;Lab10.c: 202:     OSCCONbits.IRCF1 = 0;
   949  027E  128F               	bcf	15,5	;volatile
   950                           
   951                           ;Lab10.c: 203:     OSCCONbits.IRCF0 = 0;
   952  027F  120F               	bcf	15,4	;volatile
   953                           
   954                           ;Lab10.c: 204:     OSCCONbits.SCS = 1;
   955  0280  140F               	bsf	15,0	;volatile
   956  0281                     l112:
   957  0281  0008               	return
   958  0282                     __end_of_config_reloj:
   959                           
   960                           	psect	text4
   961  0265                     __ptext4:	
   962 ;; *************** function _config_io *****************
   963 ;; Defined at:
   964 ;;		line 189 in file "Lab10.c"
   965 ;; Parameters:    Size  Location     Type
   966 ;;		None
   967 ;; Auto vars:     Size  Location     Type
   968 ;;		None
   969 ;; Return value:  Size  Location     Type
   970 ;;                  1    wreg      void 
   971 ;; Registers used:
   972 ;;		status,2
   973 ;; Tracked objects:
   974 ;;		On entry : 0/0
   975 ;;		On exit  : 0/0
   976 ;;		Unchanged: 0/0
   977 ;; Data sizes:     COMMON   BANK0   BANK1   BANK3   BANK2
   978 ;;      Params:         0       0       0       0       0
   979 ;;      Locals:         0       0       0       0       0
   980 ;;      Temps:          0       0       0       0       0
   981 ;;      Totals:         0       0       0       0       0
   982 ;;Total ram usage:        0 bytes
   983 ;; Hardware stack levels used:    1
   984 ;; Hardware stack levels required when called:    1
   985 ;; This function calls:
   986 ;;		Nothing
   987 ;; This function is called by:
   988 ;;		_setup
   989 ;; This function uses a non-reentrant model
   990 ;;
   991                           
   992                           
   993                           ;psect for function _config_io
   994  0265                     _config_io:
   995  0265                     l894:	
   996                           ;incstack = 0
   997                           ; Regs used in _config_io: [status,2]
   998                           
   999                           
  1000                           ;Lab10.c: 190:     ANSELH = 0x00;
  1001  0265  1683               	bsf	3,5	;RP0=1, select bank3
  1002  0266  1703               	bsf	3,6	;RP1=1, select bank3
  1003  0267  0189               	clrf	9	;volatile
  1004                           
  1005                           ;Lab10.c: 191:     ANSEL = 0x00;
  1006  0268  0188               	clrf	8	;volatile
  1007                           
  1008                           ;Lab10.c: 193:     TRISA = 0x00;
  1009  0269  1683               	bsf	3,5	;RP0=1, select bank1
  1010  026A  1303               	bcf	3,6	;RP1=0, select bank1
  1011  026B  0185               	clrf	5	;volatile
  1012                           
  1013                           ;Lab10.c: 194:     TRISB = 0x00;
  1014  026C  0186               	clrf	6	;volatile
  1015                           
  1016                           ;Lab10.c: 196:     PORTA = 0x00;
  1017  026D  1283               	bcf	3,5	;RP0=0, select bank0
  1018  026E  1303               	bcf	3,6	;RP1=0, select bank0
  1019  026F  0185               	clrf	5	;volatile
  1020                           
  1021                           ;Lab10.c: 197:     PORTB = 0x00;
  1022  0270  0186               	clrf	6	;volatile
  1023  0271                     l109:
  1024  0271  0008               	return
  1025  0272                     __end_of_config_io:
  1026                           
  1027                           	psect	text5
  1028  0272                     __ptext5:	
  1029 ;; *************** function _config_int_enable *****************
  1030 ;; Defined at:
  1031 ;;		line 223 in file "Lab10.c"
  1032 ;; Parameters:    Size  Location     Type
  1033 ;;		None
  1034 ;; Auto vars:     Size  Location     Type
  1035 ;;		None
  1036 ;; Return value:  Size  Location     Type
  1037 ;;                  1    wreg      void 
  1038 ;; Registers used:
  1039 ;;		None
  1040 ;; Tracked objects:
  1041 ;;		On entry : 0/0
  1042 ;;		On exit  : 0/0
  1043 ;;		Unchanged: 0/0
  1044 ;; Data sizes:     COMMON   BANK0   BANK1   BANK3   BANK2
  1045 ;;      Params:         0       0       0       0       0
  1046 ;;      Locals:         0       0       0       0       0
  1047 ;;      Temps:          0       0       0       0       0
  1048 ;;      Totals:         0       0       0       0       0
  1049 ;;Total ram usage:        0 bytes
  1050 ;; Hardware stack levels used:    1
  1051 ;; Hardware stack levels required when called:    1
  1052 ;; This function calls:
  1053 ;;		Nothing
  1054 ;; This function is called by:
  1055 ;;		_setup
  1056 ;; This function uses a non-reentrant model
  1057 ;;
  1058                           
  1059                           
  1060                           ;psect for function _config_int_enable
  1061  0272                     _config_int_enable:
  1062  0272                     l912:	
  1063                           ;incstack = 0
  1064                           ; Regs used in _config_int_enable: []
  1065                           
  1066                           
  1067                           ;Lab10.c: 224:     INTCONbits.GIE = 1;
  1068  0272  178B               	bsf	11,7	;volatile
  1069                           
  1070                           ;Lab10.c: 225:     INTCONbits.PEIE = 1;
  1071  0273  170B               	bsf	11,6	;volatile
  1072                           
  1073                           ;Lab10.c: 226:     PIE1bits.RCIE = 1;
  1074  0274  1683               	bsf	3,5	;RP0=1, select bank1
  1075  0275  1303               	bcf	3,6	;RP1=0, select bank1
  1076  0276  168C               	bsf	12,5	;volatile
  1077                           
  1078                           ;Lab10.c: 227:     PIR1bits.RCIF = 0;
  1079  0277  1283               	bcf	3,5	;RP0=0, select bank0
  1080  0278  1303               	bcf	3,6	;RP1=0, select bank0
  1081  0279  128C               	bcf	12,5	;volatile
  1082  027A                     l118:
  1083  027A  0008               	return
  1084  027B                     __end_of_config_int_enable:
  1085                           
  1086                           	psect	text6
  1087  005C                     __ptext6:	
  1088 ;; *************** function _isr *****************
  1089 ;; Defined at:
  1090 ;;		line 117 in file "Lab10.c"
  1091 ;; Parameters:    Size  Location     Type
  1092 ;;		None
  1093 ;; Auto vars:     Size  Location     Type
  1094 ;;		None
  1095 ;; Return value:  Size  Location     Type
  1096 ;;                  1    wreg      void 
  1097 ;; Registers used:
  1098 ;;		wreg, fsr0l, fsr0h, status,2, status,0
  1099 ;; Tracked objects:
  1100 ;;		On entry : 0/0
  1101 ;;		On exit  : 0/0
  1102 ;;		Unchanged: 0/0
  1103 ;; Data sizes:     COMMON   BANK0   BANK1   BANK3   BANK2
  1104 ;;      Params:         0       0       0       0       0
  1105 ;;      Locals:         0       0       0       0       0
  1106 ;;      Temps:          6       0       0       0       0
  1107 ;;      Totals:         6       0       0       0       0
  1108 ;;Total ram usage:        6 bytes
  1109 ;; Hardware stack levels used:    1
  1110 ;; This function calls:
  1111 ;;		Nothing
  1112 ;; This function is called by:
  1113 ;;		Interrupt level 1
  1114 ;; This function uses a non-reentrant model
  1115 ;;
  1116                           
  1117                           
  1118                           ;psect for function _isr
  1119  005C                     _isr:
  1120  005C                     i1l826:
  1121                           
  1122                           ;Lab10.c: 118:     if (PIR1bits.RCIF) {
  1123  005C  1283               	bcf	3,5	;RP0=0, select bank0
  1124  005D  1303               	bcf	3,6	;RP1=0, select bank0
  1125  005E  1E8C               	btfss	12,5	;volatile
  1126  005F  2861               	goto	u15_21
  1127  0060  2862               	goto	u15_20
  1128  0061                     u15_21:
  1129  0061  292A               	goto	i1l103
  1130  0062                     u15_20:
  1131  0062                     i1l828:
  1132                           
  1133                           ;Lab10.c: 121:         if (RCREG == 49){
  1134  0062  3031               	movlw	49
  1135  0063  061A               	xorwf	26,w	;volatile
  1136  0064  1D03               	btfss	3,2
  1137  0065  2867               	goto	u16_21
  1138  0066  2868               	goto	u16_20
  1139  0067                     u16_21:
  1140  0067  2894               	goto	i1l844
  1141  0068                     u16_20:
  1142  0068                     i1l830:
  1143                           
  1144                           ;Lab10.c: 122:             TXREG = 12;
  1145  0068  300C               	movlw	12
  1146  0069  0099               	movwf	25	;volatile
  1147                           
  1148                           ;Lab10.c: 123:             while(punt1 > 0){
  1149  006A  287C               	goto	i1l838
  1150  006B                     i1l832:
  1151                           
  1152                           ;Lab10.c: 124:                 punt1 = punt1-1;
  1153  006B  0878               	movf	_punt1,w
  1154  006C  3EFF               	addlw	255
  1155  006D  00F0               	movwf	??_isr
  1156  006E  0870               	movf	??_isr,w
  1157  006F  00F8               	movwf	_punt1
  1158  0070                     i1l834:
  1159                           
  1160                           ;Lab10.c: 125:                 TXREG = cadena[punt1];
  1161  0070  0878               	movf	_punt1,w
  1162  0071  3E40               	addlw	(low (_cadena| 0))& (0+255)
  1163  0072  0084               	movwf	4
  1164  0073  1383               	bcf	3,7	;select IRP bank0
  1165  0074  0800               	movf	0,w
  1166  0075  1283               	bcf	3,5	;RP0=0, select bank0
  1167  0076  1303               	bcf	3,6	;RP1=0, select bank0
  1168  0077  0099               	movwf	25	;volatile
  1169  0078                     i1l836:
  1170                           
  1171                           ;Lab10.c: 126:                 _delay((unsigned long)((1)*(1000000/4000.0)));
  1172  0078  3053               	movlw	83
  1173  0079  00F0               	movwf	??_isr
  1174  007A                     u30_27:
  1175  007A  0BF0               	decfsz	??_isr,f
  1176  007B  287A               	goto	u30_27
  1177  007C                     i1l838:
  1178                           
  1179                           ;Lab10.c: 123:             while(punt1 > 0){
  1180  007C  0878               	movf	_punt1,w
  1181  007D  1D03               	btfss	3,2
  1182  007E  2880               	goto	u17_21
  1183  007F  2881               	goto	u17_20
  1184  0080                     u17_21:
  1185  0080  286B               	goto	i1l832
  1186  0081                     u17_20:
  1187  0081                     i1l840:
  1188                           
  1189                           ;Lab10.c: 128:             _delay((unsigned long)((3000)*(1000000/4000.0)));
  1190  0081  3004               	movlw	4
  1191  0082  00F2               	movwf	??_isr+2
  1192  0083  30CF               	movlw	207
  1193  0084  00F1               	movwf	??_isr+1
  1194  0085  3001               	movlw	1
  1195  0086  00F0               	movwf	??_isr
  1196  0087                     u31_27:
  1197  0087  0BF0               	decfsz	??_isr,f
  1198  0088  2887               	goto	u31_27
  1199  0089  0BF1               	decfsz	??_isr+1,f
  1200  008A  2887               	goto	u31_27
  1201  008B  0BF2               	decfsz	??_isr+2,f
  1202  008C  2887               	goto	u31_27
  1203  008D  288E               	nop2
  1204  008E                     i1l842:
  1205                           
  1206                           ;Lab10.c: 129:             caso = 1;
  1207  008E  01FA               	clrf	_caso
  1208  008F  0AFA               	incf	_caso,f
  1209                           
  1210                           ;Lab10.c: 130:             punt1 = 30;
  1211  0090  301E               	movlw	30
  1212  0091  00F0               	movwf	??_isr
  1213  0092  0870               	movf	??_isr,w
  1214  0093  00F8               	movwf	_punt1
  1215  0094                     i1l844:
  1216                           
  1217                           ;Lab10.c: 133:         if (RCREG == 50){
  1218  0094  3032               	movlw	50
  1219  0095  1283               	bcf	3,5	;RP0=0, select bank0
  1220  0096  1303               	bcf	3,6	;RP1=0, select bank0
  1221  0097  061A               	xorwf	26,w	;volatile
  1222  0098  1D03               	btfss	3,2
  1223  0099  289B               	goto	u18_21
  1224  009A  289C               	goto	u18_20
  1225  009B                     u18_21:
  1226  009B  28E0               	goto	i1l868
  1227  009C                     u18_20:
  1228  009C                     i1l846:
  1229                           
  1230                           ;Lab10.c: 134:             TXREG = 12;
  1231  009C  300C               	movlw	12
  1232  009D  0099               	movwf	25	;volatile
  1233                           
  1234                           ;Lab10.c: 135:             while(punt2 > 0){
  1235  009E  28B0               	goto	i1l854
  1236  009F                     i1l848:
  1237                           
  1238                           ;Lab10.c: 136:                 punt2 = punt2-1;
  1239  009F  0877               	movf	_punt2,w
  1240  00A0  3EFF               	addlw	255
  1241  00A1  00F0               	movwf	??_isr
  1242  00A2  0870               	movf	??_isr,w
  1243  00A3  00F7               	movwf	_punt2
  1244  00A4                     i1l850:
  1245                           
  1246                           ;Lab10.c: 137:                 TXREG = puertoA[punt2];
  1247  00A4  0877               	movf	_punt2,w
  1248  00A5  3E20               	addlw	(low (_puertoA| 0))& (0+255)
  1249  00A6  0084               	movwf	4
  1250  00A7  1383               	bcf	3,7	;select IRP bank0
  1251  00A8  0800               	movf	0,w
  1252  00A9  1283               	bcf	3,5	;RP0=0, select bank0
  1253  00AA  1303               	bcf	3,6	;RP1=0, select bank0
  1254  00AB  0099               	movwf	25	;volatile
  1255  00AC                     i1l852:
  1256                           
  1257                           ;Lab10.c: 138:                 _delay((unsigned long)((1)*(1000000/4000.0)));
  1258  00AC  3053               	movlw	83
  1259  00AD  00F0               	movwf	??_isr
  1260  00AE                     u32_27:
  1261  00AE  0BF0               	decfsz	??_isr,f
  1262  00AF  28AE               	goto	u32_27
  1263  00B0                     i1l854:
  1264                           
  1265                           ;Lab10.c: 135:             while(punt2 > 0){
  1266  00B0  0877               	movf	_punt2,w
  1267  00B1  1D03               	btfss	3,2
  1268  00B2  28B4               	goto	u19_21
  1269  00B3  28B5               	goto	u19_20
  1270  00B4                     u19_21:
  1271  00B4  289F               	goto	i1l848
  1272  00B5                     u19_20:
  1273  00B5                     i1l856:
  1274                           
  1275                           ;Lab10.c: 140:             TXREG = 0x0D;
  1276  00B5  300D               	movlw	13
  1277  00B6  1283               	bcf	3,5	;RP0=0, select bank0
  1278  00B7  1303               	bcf	3,6	;RP1=0, select bank0
  1279  00B8  0099               	movwf	25	;volatile
  1280                           
  1281                           ;Lab10.c: 141:             RCREG = 0x01;
  1282  00B9  3001               	movlw	1
  1283  00BA  009A               	movwf	26	;volatile
  1284                           
  1285                           ;Lab10.c: 142:             while(RCREG != 0){
  1286  00BB  28D5               	goto	i1l864
  1287  00BC                     i1l858:
  1288                           
  1289                           ;Lab10.c: 143:                 if(RCREG != 1){
  1290  00BC  031A               	decf	26,w	;volatile
  1291  00BD  1903               	btfsc	3,2
  1292  00BE  28C0               	goto	u20_21
  1293  00BF  28C1               	goto	u20_20
  1294  00C0                     u20_21:
  1295  00C0  28D5               	goto	i1l864
  1296  00C1                     u20_20:
  1297  00C1                     i1l860:
  1298                           
  1299                           ;Lab10.c: 144:                     TXREG = RCREG;
  1300  00C1  081A               	movf	26,w	;volatile
  1301  00C2  0099               	movwf	25	;volatile
  1302                           
  1303                           ;Lab10.c: 145:                     PORTA = RCREG;
  1304  00C3  081A               	movf	26,w	;volatile
  1305  00C4  0085               	movwf	5	;volatile
  1306                           
  1307                           ;Lab10.c: 146:                     _delay((unsigned long)((1500)*(1000000/4000.0)));
  1308  00C5  3002               	movlw	2
  1309  00C6  00F2               	movwf	??_isr+2
  1310  00C7  30E7               	movlw	231
  1311  00C8  00F1               	movwf	??_isr+1
  1312  00C9  3000               	movlw	0
  1313  00CA  00F0               	movwf	??_isr
  1314  00CB                     u33_27:
  1315  00CB  0BF0               	decfsz	??_isr,f
  1316  00CC  28CB               	goto	u33_27
  1317  00CD  0BF1               	decfsz	??_isr+1,f
  1318  00CE  28CB               	goto	u33_27
  1319  00CF  0BF2               	decfsz	??_isr+2,f
  1320  00D0  28CB               	goto	u33_27
  1321  00D1  0000               	nop
  1322  00D2                     i1l862:
  1323                           
  1324                           ;Lab10.c: 147:                     RCREG = 0;
  1325  00D2  1283               	bcf	3,5	;RP0=0, select bank0
  1326  00D3  1303               	bcf	3,6	;RP1=0, select bank0
  1327  00D4  019A               	clrf	26	;volatile
  1328  00D5                     i1l864:
  1329                           
  1330                           ;Lab10.c: 142:             while(RCREG != 0){
  1331  00D5  081A               	movf	26,w	;volatile
  1332  00D6  1D03               	btfss	3,2
  1333  00D7  28D9               	goto	u21_21
  1334  00D8  28DA               	goto	u21_20
  1335  00D9                     u21_21:
  1336  00D9  28BC               	goto	i1l858
  1337  00DA                     u21_20:
  1338  00DA                     i1l94:
  1339                           
  1340                           ;Lab10.c: 150:             caso = 1;
  1341  00DA  01FA               	clrf	_caso
  1342  00DB  0AFA               	incf	_caso,f
  1343  00DC                     i1l866:
  1344                           
  1345                           ;Lab10.c: 151:             punt2 = 32;
  1346  00DC  3020               	movlw	32
  1347  00DD  00F0               	movwf	??_isr
  1348  00DE  0870               	movf	??_isr,w
  1349  00DF  00F7               	movwf	_punt2
  1350  00E0                     i1l868:
  1351                           
  1352                           ;Lab10.c: 154:         if (RCREG == 51){
  1353  00E0  3033               	movlw	51
  1354  00E1  061A               	xorwf	26,w	;volatile
  1355  00E2  1D03               	btfss	3,2
  1356  00E3  28E5               	goto	u22_21
  1357  00E4  28E6               	goto	u22_20
  1358  00E5                     u22_21:
  1359  00E5  292A               	goto	i1l103
  1360  00E6                     u22_20:
  1361  00E6                     i1l870:
  1362                           
  1363                           ;Lab10.c: 155:             TXREG = 12;
  1364  00E6  300C               	movlw	12
  1365  00E7  0099               	movwf	25	;volatile
  1366                           
  1367                           ;Lab10.c: 156:             while(punt3 > 0){
  1368  00E8  28FA               	goto	i1l878
  1369  00E9                     i1l872:
  1370                           
  1371                           ;Lab10.c: 157:                 punt3 = punt3-1;
  1372  00E9  0876               	movf	_punt3,w
  1373  00EA  3EFF               	addlw	255
  1374  00EB  00F0               	movwf	??_isr
  1375  00EC  0870               	movf	??_isr,w
  1376  00ED  00F6               	movwf	_punt3
  1377  00EE                     i1l874:
  1378                           
  1379                           ;Lab10.c: 158:                 TXREG = puertoB[punt3];
  1380  00EE  0876               	movf	_punt3,w
  1381  00EF  3EA0               	addlw	(low (_puertoB| 0))& (0+255)
  1382  00F0  0084               	movwf	4
  1383  00F1  1383               	bcf	3,7	;select IRP bank1
  1384  00F2  0800               	movf	0,w
  1385  00F3  1283               	bcf	3,5	;RP0=0, select bank0
  1386  00F4  1303               	bcf	3,6	;RP1=0, select bank0
  1387  00F5  0099               	movwf	25	;volatile
  1388  00F6                     i1l876:
  1389                           
  1390                           ;Lab10.c: 159:                 _delay((unsigned long)((1)*(1000000/4000.0)));
  1391  00F6  3053               	movlw	83
  1392  00F7  00F0               	movwf	??_isr
  1393  00F8                     u34_27:
  1394  00F8  0BF0               	decfsz	??_isr,f
  1395  00F9  28F8               	goto	u34_27
  1396  00FA                     i1l878:
  1397                           
  1398                           ;Lab10.c: 156:             while(punt3 > 0){
  1399  00FA  0876               	movf	_punt3,w
  1400  00FB  1D03               	btfss	3,2
  1401  00FC  28FE               	goto	u23_21
  1402  00FD  28FF               	goto	u23_20
  1403  00FE                     u23_21:
  1404  00FE  28E9               	goto	i1l872
  1405  00FF                     u23_20:
  1406  00FF                     i1l880:
  1407                           
  1408                           ;Lab10.c: 161:             TXREG = 0x0D;
  1409  00FF  300D               	movlw	13
  1410  0100  1283               	bcf	3,5	;RP0=0, select bank0
  1411  0101  1303               	bcf	3,6	;RP1=0, select bank0
  1412  0102  0099               	movwf	25	;volatile
  1413                           
  1414                           ;Lab10.c: 162:             RCREG = 0x01;
  1415  0103  3001               	movlw	1
  1416  0104  009A               	movwf	26	;volatile
  1417                           
  1418                           ;Lab10.c: 163:             while(RCREG != 0){
  1419  0105  291F               	goto	i1l888
  1420  0106                     i1l882:
  1421                           
  1422                           ;Lab10.c: 164:                 if(RCREG != 1){
  1423  0106  031A               	decf	26,w	;volatile
  1424  0107  1903               	btfsc	3,2
  1425  0108  290A               	goto	u24_21
  1426  0109  290B               	goto	u24_20
  1427  010A                     u24_21:
  1428  010A  291F               	goto	i1l888
  1429  010B                     u24_20:
  1430  010B                     i1l884:
  1431                           
  1432                           ;Lab10.c: 165:                     TXREG = RCREG;
  1433  010B  081A               	movf	26,w	;volatile
  1434  010C  0099               	movwf	25	;volatile
  1435                           
  1436                           ;Lab10.c: 166:                     PORTB = RCREG;
  1437  010D  081A               	movf	26,w	;volatile
  1438  010E  0086               	movwf	6	;volatile
  1439                           
  1440                           ;Lab10.c: 167:                     _delay((unsigned long)((1500)*(1000000/4000.0)));
  1441  010F  3002               	movlw	2
  1442  0110  00F2               	movwf	??_isr+2
  1443  0111  30E7               	movlw	231
  1444  0112  00F1               	movwf	??_isr+1
  1445  0113  3000               	movlw	0
  1446  0114  00F0               	movwf	??_isr
  1447  0115                     u35_27:
  1448  0115  0BF0               	decfsz	??_isr,f
  1449  0116  2915               	goto	u35_27
  1450  0117  0BF1               	decfsz	??_isr+1,f
  1451  0118  2915               	goto	u35_27
  1452  0119  0BF2               	decfsz	??_isr+2,f
  1453  011A  2915               	goto	u35_27
  1454  011B  0000               	nop
  1455  011C                     i1l886:
  1456                           
  1457                           ;Lab10.c: 168:                     RCREG = 0;
  1458  011C  1283               	bcf	3,5	;RP0=0, select bank0
  1459  011D  1303               	bcf	3,6	;RP1=0, select bank0
  1460  011E  019A               	clrf	26	;volatile
  1461  011F                     i1l888:
  1462                           
  1463                           ;Lab10.c: 163:             while(RCREG != 0){
  1464  011F  081A               	movf	26,w	;volatile
  1465  0120  1D03               	btfss	3,2
  1466  0121  2923               	goto	u25_21
  1467  0122  2924               	goto	u25_20
  1468  0123                     u25_21:
  1469  0123  2906               	goto	i1l882
  1470  0124                     u25_20:
  1471  0124                     i1l102:
  1472                           
  1473                           ;Lab10.c: 171:             caso = 1;
  1474  0124  01FA               	clrf	_caso
  1475  0125  0AFA               	incf	_caso,f
  1476  0126                     i1l890:
  1477                           
  1478                           ;Lab10.c: 172:             punt3 = 32;
  1479  0126  3020               	movlw	32
  1480  0127  00F0               	movwf	??_isr
  1481  0128  0870               	movf	??_isr,w
  1482  0129  00F6               	movwf	_punt3
  1483  012A                     i1l103:
  1484  012A  0875               	movf	??_isr+5,w
  1485  012B  008A               	movwf	10
  1486  012C  0874               	movf	??_isr+4,w
  1487  012D  0084               	movwf	4
  1488  012E  0E73               	swapf	??_isr+3,w
  1489  012F  0083               	movwf	3
  1490  0130  0EFE               	swapf	btemp,f
  1491  0131  0E7E               	swapf	btemp,w
  1492  0132  0009               	retfie
  1493  0133                     __end_of_isr:
  1494  007E                     btemp	set	126	;btemp
  1495  007E                     wtemp0	set	126
  1496                           
  1497                           	psect	intentry
  1498  0004                     __pintentry:	
  1499                           ;incstack = 0
  1500                           ; Regs used in _isr: [wreg-fsr0h+status,2+status,0]
  1501                           
  1502  0004                     interrupt_function:
  1503  007E                     saved_w	set	btemp
  1504  0004  00FE               	movwf	btemp
  1505  0005  0E03               	swapf	3,w
  1506  0006  00F3               	movwf	??_isr+3
  1507  0007  0804               	movf	4,w
  1508  0008  00F4               	movwf	??_isr+4
  1509  0009  080A               	movf	10,w
  1510  000A  00F5               	movwf	??_isr+5
  1511  000B  120A  118A  285C   	ljmp	_isr
  1512                           
  1513                           	psect	config
  1514                           
  1515                           ;Config register CONFIG1 @ 0x2007
  1516                           ;	Oscillator Selection bits
  1517                           ;	FOSC = INTRC_NOCLKOUT, INTOSCIO oscillator: I/O function on RA6/OSC2/CLKOUT pin, I/O f
      +                          unction on RA7/OSC1/CLKIN
  1518                           ;	Watchdog Timer Enable bit
  1519                           ;	WDTE = OFF, WDT disabled and can be enabled by SWDTEN bit of the WDTCON register
  1520                           ;	Power-up Timer Enable bit
  1521                           ;	PWRTE = OFF, PWRT disabled
  1522                           ;	RE3/MCLR pin function select bit
  1523                           ;	MCLRE = OFF, RE3/MCLR pin function is digital input, MCLR internally tied to VDD
  1524                           ;	Code Protection bit
  1525                           ;	CP = OFF, Program memory code protection is disabled
  1526                           ;	Data Code Protection bit
  1527                           ;	CPD = OFF, Data memory code protection is disabled
  1528                           ;	Brown Out Reset Selection bits
  1529                           ;	BOREN = OFF, BOR disabled
  1530                           ;	Internal External Switchover bit
  1531                           ;	IESO = OFF, Internal/External Switchover mode is disabled
  1532                           ;	Fail-Safe Clock Monitor Enabled bit
  1533                           ;	FCMEN = OFF, Fail-Safe Clock Monitor is disabled
  1534                           ;	Low Voltage Programming Enable bit
  1535                           ;	LVP = ON, RB3/PGM pin has PGM function, low voltage programming enabled
  1536                           ;	In-Circuit Debugger Mode bit
  1537                           ;	DEBUG = 0x1, unprogrammed default
  1538  2007                     	org	8199
  1539  2007  30D4               	dw	12500
  1540                           
  1541                           ;Config register CONFIG2 @ 0x2008
  1542                           ;	Brown-out Reset Selection bit
  1543                           ;	BOR4V = BOR40V, Brown-out Reset set to 4.0V
  1544                           ;	Flash Program Memory Self Write Enable bits
  1545                           ;	WRT = OFF, Write protection off
  1546  2008                     	org	8200
  1547  2008  3FFF               	dw	16383

Data Sizes:
    Strings     0
    Constant    0
    Data        195
    BSS         0
    Persistent  0
    Stack       0

Auto Spaces:
    Space          Size  Autos    Used
    COMMON           14      6      11
    BANK0            80      1      63
    BANK1            80      0      32
    BANK3            96      0      96
    BANK2            96      0       0

Pointer List with Targets:

    None.

Critical Paths under _main in COMMON

    None.

Critical Paths under _isr in COMMON

    None.

Critical Paths under _main in BANK0

    None.

Critical Paths under _isr in BANK0

    None.

Critical Paths under _main in BANK1

    None.

Critical Paths under _isr in BANK1

    None.

Critical Paths under _main in BANK3

    None.

Critical Paths under _isr in BANK3

    None.

Critical Paths under _main in BANK2

    None.

Critical Paths under _isr in BANK2

    None.

Call Graph Tables:

 ---------------------------------------------------------------------------------
 (Depth) Function   	        Calls       Base Space   Used Autos Params    Refs
 ---------------------------------------------------------------------------------
 (0) _main                                                 1     1      0       0
                                              0 BANK0      1     1      0
                              _setup
 ---------------------------------------------------------------------------------
 (1) _setup                                                0     0      0       0
                  _config_int_enable
                          _config_io
                       _config_reloj
                      _config_serial
 ---------------------------------------------------------------------------------
 (2) _config_serial                                        0     0      0       0
 ---------------------------------------------------------------------------------
 (2) _config_reloj                                         0     0      0       0
 ---------------------------------------------------------------------------------
 (2) _config_io                                            0     0      0       0
 ---------------------------------------------------------------------------------
 (2) _config_int_enable                                    0     0      0       0
 ---------------------------------------------------------------------------------
 Estimated maximum stack depth 2
 ---------------------------------------------------------------------------------
 (Depth) Function   	        Calls       Base Space   Used Autos Params    Refs
 ---------------------------------------------------------------------------------
 (3) _isr                                                  6     6      0       0
                                              0 COMMON     6     6      0
 ---------------------------------------------------------------------------------
 Estimated maximum stack depth 3
 ---------------------------------------------------------------------------------

 Call Graph Graphs:

 _main (ROOT)
   _setup
     _config_int_enable
     _config_io
     _config_reloj
     _config_serial

 _isr (ROOT)

 Address spaces:
Name               Size   Autos  Total    Cost      Usage
BANK3               60      0      60       9      100.0%
BITBANK3            60      0       0       8        0.0%
SFR3                 0      0       0       4        0.0%
BITSFR3              0      0       0       4        0.0%
BANK2               60      0       0      11        0.0%
BITBANK2            60      0       0      10        0.0%
SFR2                 0      0       0       5        0.0%
BITSFR2              0      0       0       5        0.0%
BANK1               50      0      20       7       40.0%
BITBANK1            50      0       0       6        0.0%
SFR1                 0      0       0       2        0.0%
BITSFR1              0      0       0       2        0.0%
BANK0               50      1      3F       5       78.8%
BITBANK0            50      0       0       4        0.0%
SFR0                 0      0       0       1        0.0%
BITSFR0              0      0       0       1        0.0%
COMMON               E      6       B       1       78.6%
BITCOMMON            E      0       0       0        0.0%
CODE                 0      0       0       0        0.0%
DATA                 0      0      CA      12        0.0%
ABS                  0      0      CA       3        0.0%
NULL                 0      0       0       0        0.0%
STACK                0      0       0       2        0.0%
EEDATA             100      0       0       0        0.0%


Microchip Technology PIC Macro Assembler V2.31 build 20201012212115 
Symbol Table                                                                                   Sun May 09 15:24:34 2021

                         pc 0002                          fsr 0004                         l112 0281  
                       l106 023C                         l115 0251                         l109 0271  
                       l118 027A                         l900 0244                         l910 024E  
                       l902 0248                         l912 0272                         l904 0249  
                       l906 024C                         l914 0228                         l930 01E4  
                       l922 01D1                         l908 024D                         l916 0232  
                       l940 01FE                         l932 01EB                         l924 01D6  
                       l918 0237                         l934 01F1                         l926 01DC  
                       l936 01F8                         l928 01E1                         l938 01FD  
                       l894 0265                         l896 027B                         l898 023D  
                       u260 01DC                         u261 01DB                         u270 01E1  
                       u271 01E0                         u280 01FD                         u281 01FC  
                       u297 01F5                         _isr 005C                         fsr0 0004  
                       indf 0000  __size_of_config_int_enable 0009                        ?_isr 0070  
                      i1l94 00DA                        _caso 007A                        _main 01D1  
                      _menu 0190                        btemp 007E              ??_config_reloj 005E  
                      start 000E                       ??_isr 0070                       ?_main 0070  
                     _ANSEL 0188                       i1l102 0124                       i1l103 012A  
                     i1l830 0068                       i1l840 0081                       i1l832 006B  
                     i1l850 00A4                       i1l842 008E                       i1l834 0070  
                     i1l826 005C                       i1l860 00C1                       i1l852 00AC  
                     i1l836 0078                       i1l844 0094                       i1l828 0062  
                     i1l870 00E6                       i1l862 00D2                       i1l854 00B0  
                     i1l846 009C                       i1l838 007C                       i1l880 00FF  
                     i1l872 00E9                       i1l864 00D5                       i1l856 00B5  
                     i1l848 009F                       i1l890 0126                       i1l882 0106  
                     i1l874 00EE                       i1l866 00DC                       i1l858 00BC  
                     i1l884 010B                       i1l876 00F6                       i1l868 00E0  
                     i1l886 011C                       i1l878 00FA                       i1l888 011F  
                     _RCREG 001A                       u20_20 00C1                       u20_21 00C0  
                     u21_20 00DA                       u21_21 00D9                       u22_20 00E6  
                     u22_21 00E5                       u30_27 007A                       u23_20 00FF  
                     u15_20 0062                       u23_21 00FE                       u15_21 0061  
                     u31_27 0087                       u24_20 010B                       u16_20 0068  
                     u24_21 010A                       u16_21 0067                       u32_27 00AE  
                     u25_20 0124                       u17_20 0081                       u25_21 0123  
                     u17_21 0080                       u33_27 00CB                       u18_20 009C  
                     u18_21 009B                       _SPBRG 0099                       u34_27 00F8  
                     u19_20 00B5                       u19_21 00B4                       _PORTA 0005  
                     _PORTB 0006                       u35_27 0115                       _TRISA 0085  
                     _TRISB 0086                       _TXREG 0019                       _punt1 0078  
                     _punt2 0077                       _punt3 0076                       _setup 0228  
                     _puntm 0079                       pclath 000A                       status 0003  
           ??_config_serial 005E                       wtemp0 007E             __initialization 0011  
              __end_of_main 0208                      ??_main 005E                      ?_setup 0070  
                    _ANSELH 0189                      _SPBRGH 009A                      _cadena 0040  
              __pdataCOMMON 0076        __end_of_config_reloj 0282                      saved_w 007E  
   __end_of__initialization 0058              __pcstackCOMMON 0070                __pidataBANK0 0193  
              __pidataBANK1 0208                __pidataBANK3 0133               __end_of_setup 023D  
        __size_of_config_io 000D                     ??_setup 005E                  __pmaintext 01D1  
                __pintentry 0004           __end_of_config_io 0272       __size_of_config_reloj 0007  
                   __ptext1 0228                     __ptext2 023D                     __ptext3 027B  
                   __ptext4 0265                     __ptext5 0272                     __ptext6 005C  
              __size_of_isr 00D7                     _puertoA 0020                     _puertoB 00A0  
      end_of_initialization 0058       __end_of_config_serial 0252                _config_reloj 027B  
                 _RCSTAbits 0018                   _TXSTAbits 0098               __pidataCOMMON 0282  
               _BAUDCTLbits 0187         start_initialization 0011                 __end_of_isr 0133  
                init_fetch0 0252                 __pdataBANK0 0020                 __pdataBANK1 00A0  
               __pdataBANK3 0190                   ___latbits 0002               __pcstackBANK0 005E  
                 _config_io 0265              __size_of_setup 0015           interrupt_function 0004  
                  _PIE1bits 008C                    _PIR1bits 000C                  ?_config_io 0070  
    __size_of_config_serial 0015           _config_int_enable 0272          ?_config_int_enable 0070  
             __size_of_main 0037         ??_config_int_enable 005E                 ??_config_io 005E  
                _INTCONbits 000B   __end_of_config_int_enable 027B                    init_ram0 0256  
                  intlevel1 0000                  _OSCCONbits 008F               _config_serial 023D  
            ?_config_serial 0070               ?_config_reloj 0070  
