

Microchip MPLAB XC8 Assembler V2.31 build 20201012212115 
                                                                                               Sun Apr 18 22:03:35 2021

Microchip MPLAB XC8 C Compiler v2.31 (Free license) build 20201012212115 Og1 
     1                           	processor	16F887
     2                           	pagewidth 120
     3                           	opt	flic
     4                           	psect	idataBANK0,global,class=CODE,delta=2,noexec
     5                           	psect	nvCOMMON,global,class=COMMON,space=1,delta=1,noexec
     6                           	psect	nvBANK0,global,class=BANK0,space=1,delta=1,noexec
     7                           	psect	cinit,global,class=CODE,merge=1,delta=2
     8                           	psect	dataBANK0,global,class=BANK0,space=1,delta=1,noexec
     9                           	psect	inittext,global,class=CODE,delta=2
    10                           	psect	cstackCOMMON,global,class=COMMON,space=1,delta=1,noexec
    11                           	psect	cstackBANK0,global,class=BANK0,space=1,delta=1,noexec
    12                           	psect	maintext,global,class=CODE,split=1,delta=2
    13                           	psect	text1,local,class=CODE,merge=1,delta=2
    14                           	psect	text2,local,class=CODE,merge=1,delta=2
    15                           	psect	text3,local,class=CODE,merge=1,delta=2
    16                           	psect	text4,local,class=CODE,merge=1,delta=2
    17                           	psect	text5,local,class=CODE,merge=1,delta=2
    18                           	psect	text6,local,class=CODE,merge=1,delta=2
    19                           	psect	text7,local,class=CODE,merge=1,delta=2,group=1
    20                           	psect	text8,local,class=CODE,merge=1,delta=2,group=1
    21                           	psect	text9,local,class=CODE,merge=1,delta=2
    22                           	psect	intentry,global,class=CODE,delta=2
    23                           	psect	config,global,abs,ovrld,class=CONFIG,space=4,delta=2,noexec
    24                           	dabs	1,0x7E,2
    25  0000                     
    26                           ; Version 2.20
    27                           ; Generated 12/02/2020 GMT
    28                           ; 
    29                           ; Copyright © 2020, Microchip Technology Inc. and its subsidiaries ("Microchip")
    30                           ; All rights reserved.
    31                           ; 
    32                           ; This software is developed by Microchip Technology Inc. and its subsidiaries ("Microch
      +                          ip").
    33                           ; 
    34                           ; Redistribution and use in source and binary forms, with or without modification, are
    35                           ; permitted provided that the following conditions are met:
    36                           ; 
    37                           ;     1. Redistributions of source code must retain the above copyright notice, this lis
      +                          t of
    38                           ;        conditions and the following disclaimer.
    39                           ; 
    40                           ;     2. Redistributions in binary form must reproduce the above copyright notice, this 
      +                          list
    41                           ;        of conditions and the following disclaimer in the documentation and/or other
    42                           ;        materials provided with the distribution.
    43                           ; 
    44                           ;     3. Microchip's name may not be used to endorse or promote products derived from th
      +                          is
    45                           ;        software without specific prior written permission.
    46                           ; 
    47                           ; THIS SOFTWARE IS PROVIDED BY MICROCHIP "AS IS" AND ANY EXPRESS OR IMPLIED WARRANTIES,
    48                           ; INCLUDING, BUT NOT LIMITED TO, THE IMPLIED WARRANTIES OF MERCHANTABILITY AND FITNESS F
      +                          OR
    49                           ; PURPOSE ARE DISCLAIMED.  IN NO EVENT SHALL MICROCHIP BE LIABLE FOR ANY DIRECT, INDIREC
      +                          T,
    50                           ; INCIDENTAL, SPECIAL, EXEMPLARY, OR CONSEQUENTIAL DAMAGES (INCLUDING BUT NOT LIMITED TO
    51                           ; PROCUREMENT OF SUBSTITUTE GOODS OR SERVICES; LOSS OF USE, DATA OR PROFITS; OR BUSINESS
    52                           ; INTERRUPTION) HOWSOEVER CAUSED AND ON ANY THEORY OF LIABILITY, WHETHER IN CONTRACT, ST
      +                          RICT
    53                           ; LIABILITY, OR TORT (INCLUDING NEGLIGENCE OR OTHERWISE) ARISING IN ANY WAY OUT OF THE U
      +                          SE OF
    54                           ; THIS SOFTWARE, EVEN IF ADVISED OF THE POSSIBILITY OF SUCH DAMAGE.
    55                           ; 
    56                           ; 
    57                           ; Code-generator required, PIC16F887 Definitions
    58                           ; 
    59                           ; SFR Addresses
    60  0000                     	;# 
    61  0001                     	;# 
    62  0002                     	;# 
    63  0003                     	;# 
    64  0004                     	;# 
    65  0005                     	;# 
    66  0006                     	;# 
    67  0007                     	;# 
    68  0008                     	;# 
    69  0009                     	;# 
    70  000A                     	;# 
    71  000B                     	;# 
    72  000C                     	;# 
    73  000D                     	;# 
    74  000E                     	;# 
    75  000E                     	;# 
    76  000F                     	;# 
    77  0010                     	;# 
    78  0011                     	;# 
    79  0012                     	;# 
    80  0013                     	;# 
    81  0014                     	;# 
    82  0015                     	;# 
    83  0015                     	;# 
    84  0016                     	;# 
    85  0017                     	;# 
    86  0018                     	;# 
    87  0019                     	;# 
    88  001A                     	;# 
    89  001B                     	;# 
    90  001B                     	;# 
    91  001C                     	;# 
    92  001D                     	;# 
    93  001E                     	;# 
    94  001F                     	;# 
    95  0081                     	;# 
    96  0085                     	;# 
    97  0086                     	;# 
    98  0087                     	;# 
    99  0088                     	;# 
   100  0089                     	;# 
   101  008C                     	;# 
   102  008D                     	;# 
   103  008E                     	;# 
   104  008F                     	;# 
   105  0090                     	;# 
   106  0091                     	;# 
   107  0092                     	;# 
   108  0093                     	;# 
   109  0093                     	;# 
   110  0093                     	;# 
   111  0094                     	;# 
   112  0095                     	;# 
   113  0096                     	;# 
   114  0097                     	;# 
   115  0098                     	;# 
   116  0099                     	;# 
   117  009A                     	;# 
   118  009B                     	;# 
   119  009C                     	;# 
   120  009D                     	;# 
   121  009E                     	;# 
   122  009F                     	;# 
   123  0105                     	;# 
   124  0107                     	;# 
   125  0108                     	;# 
   126  0109                     	;# 
   127  010C                     	;# 
   128  010C                     	;# 
   129  010D                     	;# 
   130  010E                     	;# 
   131  010F                     	;# 
   132  0185                     	;# 
   133  0187                     	;# 
   134  0188                     	;# 
   135  0189                     	;# 
   136  018C                     	;# 
   137  018D                     	;# 
   138  0000                     	;# 
   139  0001                     	;# 
   140  0002                     	;# 
   141  0003                     	;# 
   142  0004                     	;# 
   143  0005                     	;# 
   144  0006                     	;# 
   145  0007                     	;# 
   146  0008                     	;# 
   147  0009                     	;# 
   148  000A                     	;# 
   149  000B                     	;# 
   150  000C                     	;# 
   151  000D                     	;# 
   152  000E                     	;# 
   153  000E                     	;# 
   154  000F                     	;# 
   155  0010                     	;# 
   156  0011                     	;# 
   157  0012                     	;# 
   158  0013                     	;# 
   159  0014                     	;# 
   160  0015                     	;# 
   161  0015                     	;# 
   162  0016                     	;# 
   163  0017                     	;# 
   164  0018                     	;# 
   165  0019                     	;# 
   166  001A                     	;# 
   167  001B                     	;# 
   168  001B                     	;# 
   169  001C                     	;# 
   170  001D                     	;# 
   171  001E                     	;# 
   172  001F                     	;# 
   173  0081                     	;# 
   174  0085                     	;# 
   175  0086                     	;# 
   176  0087                     	;# 
   177  0088                     	;# 
   178  0089                     	;# 
   179  008C                     	;# 
   180  008D                     	;# 
   181  008E                     	;# 
   182  008F                     	;# 
   183  0090                     	;# 
   184  0091                     	;# 
   185  0092                     	;# 
   186  0093                     	;# 
   187  0093                     	;# 
   188  0093                     	;# 
   189  0094                     	;# 
   190  0095                     	;# 
   191  0096                     	;# 
   192  0097                     	;# 
   193  0098                     	;# 
   194  0099                     	;# 
   195  009A                     	;# 
   196  009B                     	;# 
   197  009C                     	;# 
   198  009D                     	;# 
   199  009E                     	;# 
   200  009F                     	;# 
   201  0105                     	;# 
   202  0107                     	;# 
   203  0108                     	;# 
   204  0109                     	;# 
   205  010C                     	;# 
   206  010C                     	;# 
   207  010D                     	;# 
   208  010E                     	;# 
   209  010F                     	;# 
   210  0185                     	;# 
   211  0187                     	;# 
   212  0188                     	;# 
   213  0189                     	;# 
   214  018C                     	;# 
   215  018D                     	;# 
   216                           
   217                           	psect	idataBANK0
   218  01F6                     __pidataBANK0:
   219                           
   220                           ;initializer for _tab7seg
   221  01F6  343F               	retlw	63
   222  01F7  3406               	retlw	6
   223  01F8  345B               	retlw	91
   224  01F9  344F               	retlw	79
   225  01FA  3466               	retlw	102
   226  01FB  346D               	retlw	109
   227  01FC  347D               	retlw	125
   228  01FD  3407               	retlw	7
   229  01FE  347F               	retlw	127
   230  01FF  3467               	retlw	103
   231                           
   232                           	psect	nvCOMMON
   233  0077                     __pnvCOMMON:
   234  0077                     _decenas_temp:
   235  0077                     	ds	1
   236  0078                     _decenas:
   237  0078                     	ds	1
   238  0079                     _unidades:
   239  0079                     	ds	1
   240  007A                     _var_temp:
   241  007A                     	ds	1
   242                           
   243                           	psect	nvBANK0
   244  0032                     __pnvBANK0:
   245  0032                     _centena_display:
   246  0032                     	ds	1
   247  0033                     _decena_display:
   248  0033                     	ds	1
   249  0034                     _unidad_display:
   250  0034                     	ds	1
   251  0035                     _centenas:
   252  0035                     	ds	1
   253  0005                     _PORTA	set	5
   254  0006                     _PORTBbits	set	6
   255  0001                     _TMR0	set	1
   256  0008                     _PORTDbits	set	8
   257  0007                     _PORTC	set	7
   258  0009                     _PORTE	set	9
   259  0008                     _PORTD	set	8
   260  000B                     _INTCONbits	set	11
   261  0096                     _IOCB	set	150
   262  0095                     _WPUB	set	149
   263  0081                     _OPTION_REGbits	set	129
   264  0089                     _TRISE	set	137
   265  0088                     _TRISD	set	136
   266  0087                     _TRISC	set	135
   267  0086                     _TRISB	set	134
   268  0085                     _TRISA	set	133
   269  008F                     _OSCCONbits	set	143
   270  0188                     _ANSEL	set	392
   271  0189                     _ANSELH	set	393
   272                           
   273                           	psect	cinit
   274  000F                     start_initialization:	
   275                           ; #config settings
   276                           
   277  000F                     __initialization:
   278                           
   279                           ; Initialize objects allocated to BANK0
   280  000F  1383               	bcf	3,7	;select IRP bank0
   281  0010  302A               	movlw	low (__pdataBANK0+10)
   282  0011  00FD               	movwf	btemp+-1
   283  0012  3001               	movlw	high __pidataBANK0
   284  0013  00FE               	movwf	btemp
   285  0014  30F6               	movlw	low __pidataBANK0
   286  0015  00FF               	movwf	btemp+1
   287  0016  3020               	movlw	low __pdataBANK0
   288  0017  0084               	movwf	4
   289  0018  120A  118A  21CC  120A  118A  	fcall	init_ram0
   290  001D                     end_of_initialization:	
   291                           ;End of C runtime variable initialization code
   292                           
   293  001D                     __end_of__initialization:
   294  001D  0183               	clrf	3
   295  001E  120A  118A  29DB   	ljmp	_main	;jump to C main() function
   296                           
   297                           	psect	dataBANK0
   298  0020                     __pdataBANK0:
   299  0020                     _tab7seg:
   300  0020                     	ds	10
   301                           
   302                           	psect	inittext
   303  01C8                     init_fetch0:	
   304                           ;	Called with low address in FSR and high address in W
   305                           
   306  01C8  087E               	movf	btemp,w
   307  01C9  008A               	movwf	10
   308  01CA  087F               	movf	btemp+1,w
   309  01CB  0082               	movwf	2
   310  01CC                     init_ram0:	
   311                           ;Called with:
   312                           ;	high address of idata address in btemp 
   313                           ;	low address of idata address in btemp+1 
   314                           ;	low address of data in FSR
   315                           ;	high address + 1 of data in btemp-1
   316                           
   317  01CC  120A  118A  21C8  120A  118A  	fcall	init_fetch0
   318  01D1  0080               	movwf	0
   319  01D2  0A84               	incf	4,f
   320  01D3  0804               	movf	4,w
   321  01D4  067D               	xorwf	btemp+-1,w
   322  01D5  1903               	btfsc	3,2
   323  01D6  3400               	retlw	0
   324  01D7  0AFF               	incf	btemp+1,f
   325  01D8  1903               	btfsc	3,2
   326  01D9  0AFE               	incf	btemp,f
   327  01DA  29CC               	goto	init_ram0
   328                           
   329                           	psect	cstackCOMMON
   330  0070                     __pcstackCOMMON:
   331  0070                     ?_setup:
   332  0070                     ?_contador:	
   333                           ; 1 bytes @ 0x0
   334                           
   335  0070                     ?_config_io:	
   336                           ; 1 bytes @ 0x0
   337                           
   338  0070                     ?_config_reloj:	
   339                           ; 1 bytes @ 0x0
   340                           
   341  0070                     ?_config_int_enable:	
   342                           ; 1 bytes @ 0x0
   343                           
   344  0070                     ?_config_timer0:	
   345                           ; 1 bytes @ 0x0
   346                           
   347  0070                     ?_main:	
   348                           ; 1 bytes @ 0x0
   349                           
   350  0070                     ?_isr:	
   351                           ; 1 bytes @ 0x0
   352                           
   353  0070                     ??_isr:	
   354                           ; 1 bytes @ 0x0
   355                           
   356                           
   357                           ; 1 bytes @ 0x0
   358  0070                     	ds	3
   359  0073                     ??_setup:
   360  0073                     ??_config_io:	
   361                           ; 1 bytes @ 0x3
   362                           
   363  0073                     ??_config_reloj:	
   364                           ; 1 bytes @ 0x3
   365                           
   366  0073                     ??_config_int_enable:	
   367                           ; 1 bytes @ 0x3
   368                           
   369  0073                     ??_config_timer0:	
   370                           ; 1 bytes @ 0x3
   371                           
   372  0073                     ?___awdiv:	
   373                           ; 1 bytes @ 0x3
   374                           
   375  0073                     ?___awmod:	
   376                           ; 2 bytes @ 0x3
   377                           
   378  0073                     ___awdiv@divisor:	
   379                           ; 2 bytes @ 0x3
   380                           
   381  0073                     ___awmod@divisor:	
   382                           ; 2 bytes @ 0x3
   383                           
   384                           
   385                           ; 2 bytes @ 0x3
   386  0073                     	ds	2
   387  0075                     ___awdiv@dividend:
   388  0075                     ___awmod@dividend:	
   389                           ; 2 bytes @ 0x5
   390                           
   391                           
   392                           ; 2 bytes @ 0x5
   393  0075                     	ds	2
   394  0077                     ??_main:
   395                           
   396                           	psect	cstackBANK0
   397  002A                     __pcstackBANK0:	
   398                           ; 1 bytes @ 0x7
   399                           
   400  002A                     ??___awdiv:
   401  002A                     ??___awmod:	
   402                           ; 1 bytes @ 0x0
   403                           
   404                           
   405                           ; 1 bytes @ 0x0
   406  002A                     	ds	1
   407  002B                     ___awdiv@counter:
   408  002B                     ___awmod@counter:	
   409                           ; 1 bytes @ 0x1
   410                           
   411                           
   412                           ; 1 bytes @ 0x1
   413  002B                     	ds	1
   414  002C                     ___awdiv@sign:
   415  002C                     ___awmod@sign:	
   416                           ; 1 bytes @ 0x2
   417                           
   418                           
   419                           ; 1 bytes @ 0x2
   420  002C                     	ds	1
   421  002D                     ___awdiv@quotient:
   422                           
   423                           ; 2 bytes @ 0x3
   424  002D                     	ds	2
   425  002F                     ??_contador:
   426                           
   427                           ; 1 bytes @ 0x5
   428  002F                     	ds	3
   429                           
   430                           	psect	maintext
   431  01DB                     __pmaintext:	
   432 ;;
   433 ;;Main: autosize = 0, tempsize = 0, incstack = 0, save=0
   434 ;;
   435 ;; *************** function _main *****************
   436 ;; Defined at:
   437 ;;		line 73 in file "Lab7.c"
   438 ;; Parameters:    Size  Location     Type
   439 ;;		None
   440 ;; Auto vars:     Size  Location     Type
   441 ;;		None
   442 ;; Return value:  Size  Location     Type
   443 ;;                  1    wreg      void 
   444 ;; Registers used:
   445 ;;		wreg, fsr0l, fsr0h, status,2, status,0, pclath, cstack
   446 ;; Tracked objects:
   447 ;;		On entry : B00/0
   448 ;;		On exit  : 0/0
   449 ;;		Unchanged: 0/0
   450 ;; Data sizes:     COMMON   BANK0   BANK1   BANK3   BANK2
   451 ;;      Params:         0       0       0       0       0
   452 ;;      Locals:         0       0       0       0       0
   453 ;;      Temps:          0       0       0       0       0
   454 ;;      Totals:         0       0       0       0       0
   455 ;;Total ram usage:        0 bytes
   456 ;; Hardware stack levels required when called:    3
   457 ;; This function calls:
   458 ;;		_contador
   459 ;;		_setup
   460 ;; This function is called by:
   461 ;;		Startup code after reset
   462 ;; This function uses a non-reentrant model
   463 ;;
   464                           
   465                           
   466                           ;psect for function _main
   467  01DB                     _main:
   468  01DB                     l1141:	
   469                           ;incstack = 0
   470                           ; Regs used in _main: [wreg-fsr0h+status,2+status,0+pclath+cstack]
   471                           
   472                           
   473                           ;Lab7.c: 74:     setup();
   474  01DB  120A  118A  21B3  120A  118A  	fcall	_setup
   475  01E0                     l1143:
   476                           
   477                           ;Lab7.c: 76:          contador();
   478  01E0  120A  118A  2021  120A  118A  	fcall	_contador
   479  01E5  29E0               	goto	l1143
   480  01E6  120A  118A  280C   	ljmp	start
   481  01E9                     __end_of_main:
   482                           
   483                           	psect	text1
   484  01B3                     __ptext1:	
   485 ;; *************** function _setup *****************
   486 ;; Defined at:
   487 ;;		line 121 in file "Lab7.c"
   488 ;; Parameters:    Size  Location     Type
   489 ;;		None
   490 ;; Auto vars:     Size  Location     Type
   491 ;;		None
   492 ;; Return value:  Size  Location     Type
   493 ;;                  1    wreg      void 
   494 ;; Registers used:
   495 ;;		wreg, status,2, status,0, pclath, cstack
   496 ;; Tracked objects:
   497 ;;		On entry : 0/0
   498 ;;		On exit  : 0/0
   499 ;;		Unchanged: 0/0
   500 ;; Data sizes:     COMMON   BANK0   BANK1   BANK3   BANK2
   501 ;;      Params:         0       0       0       0       0
   502 ;;      Locals:         0       0       0       0       0
   503 ;;      Temps:          0       0       0       0       0
   504 ;;      Totals:         0       0       0       0       0
   505 ;;Total ram usage:        0 bytes
   506 ;; Hardware stack levels used:    1
   507 ;; Hardware stack levels required when called:    2
   508 ;; This function calls:
   509 ;;		_config_int_enable
   510 ;;		_config_io
   511 ;;		_config_reloj
   512 ;;		_config_timer0
   513 ;; This function is called by:
   514 ;;		_main
   515 ;; This function uses a non-reentrant model
   516 ;;
   517                           
   518                           
   519                           ;psect for function _setup
   520  01B3                     _setup:
   521  01B3                     l823:	
   522                           ;incstack = 0
   523                           ; Regs used in _setup: [wreg+status,2+status,0+pclath+cstack]
   524                           
   525                           
   526                           ;Lab7.c: 122:     config_io();
   527  01B3  120A  118A  219C  120A  118A  	fcall	_config_io
   528  01B8                     l825:
   529                           
   530                           ;Lab7.c: 123:     config_reloj();
   531  01B8  120A  118A  220A  120A  118A  	fcall	_config_reloj
   532  01BD                     l827:
   533                           
   534                           ;Lab7.c: 124:     config_int_enable();
   535  01BD  120A  118A  2200  120A  118A  	fcall	_config_int_enable
   536  01C2                     l829:
   537                           
   538                           ;Lab7.c: 125:     config_timer0();
   539  01C2  120A  118A  21E9  120A  118A  	fcall	_config_timer0
   540  01C7                     l92:
   541  01C7  0008               	return
   542  01C8                     __end_of_setup:
   543                           
   544                           	psect	text2
   545  01E9                     __ptext2:	
   546 ;; *************** function _config_timer0 *****************
   547 ;; Defined at:
   548 ;;		line 166 in file "Lab7.c"
   549 ;; Parameters:    Size  Location     Type
   550 ;;		None
   551 ;; Auto vars:     Size  Location     Type
   552 ;;		None
   553 ;; Return value:  Size  Location     Type
   554 ;;                  1    wreg      void 
   555 ;; Registers used:
   556 ;;		wreg
   557 ;; Tracked objects:
   558 ;;		On entry : 0/0
   559 ;;		On exit  : 0/0
   560 ;;		Unchanged: 0/0
   561 ;; Data sizes:     COMMON   BANK0   BANK1   BANK3   BANK2
   562 ;;      Params:         0       0       0       0       0
   563 ;;      Locals:         0       0       0       0       0
   564 ;;      Temps:          0       0       0       0       0
   565 ;;      Totals:         0       0       0       0       0
   566 ;;Total ram usage:        0 bytes
   567 ;; Hardware stack levels used:    1
   568 ;; Hardware stack levels required when called:    1
   569 ;; This function calls:
   570 ;;		Nothing
   571 ;; This function is called by:
   572 ;;		_setup
   573 ;; This function uses a non-reentrant model
   574 ;;
   575                           
   576                           
   577                           ;psect for function _config_timer0
   578  01E9                     _config_timer0:
   579  01E9                     l733:	
   580                           ;incstack = 0
   581                           ; Regs used in _config_timer0: [wreg]
   582                           
   583                           
   584                           ;Lab7.c: 167:     OPTION_REGbits.T0CS = 0;
   585  01E9  1683               	bsf	3,5	;RP0=1, select bank1
   586  01EA  1303               	bcf	3,6	;RP1=0, select bank1
   587  01EB  1281               	bcf	1,5	;volatile
   588                           
   589                           ;Lab7.c: 168:     OPTION_REGbits.PSA = 0;
   590  01EC  1181               	bcf	1,3	;volatile
   591                           
   592                           ;Lab7.c: 169:     OPTION_REGbits.PS2 = 1;
   593  01ED  1501               	bsf	1,2	;volatile
   594                           
   595                           ;Lab7.c: 170:     OPTION_REGbits.PS1 = 1;
   596  01EE  1481               	bsf	1,1	;volatile
   597                           
   598                           ;Lab7.c: 171:     OPTION_REGbits.PS0 = 1;
   599  01EF  1401               	bsf	1,0	;volatile
   600  01F0                     l735:
   601                           
   602                           ;Lab7.c: 172:     TMR0 = 236;
   603  01F0  30EC               	movlw	236
   604  01F1  1283               	bcf	3,5	;RP0=0, select bank0
   605  01F2  1303               	bcf	3,6	;RP1=0, select bank0
   606  01F3  0081               	movwf	1	;volatile
   607  01F4                     l737:
   608                           
   609                           ;Lab7.c: 173:     INTCONbits.T0IF = 0;
   610  01F4  110B               	bcf	11,2	;volatile
   611  01F5                     l104:
   612  01F5  0008               	return
   613  01F6                     __end_of_config_timer0:
   614                           
   615                           	psect	text3
   616  020A                     __ptext3:	
   617 ;; *************** function _config_reloj *****************
   618 ;; Defined at:
   619 ;;		line 128 in file "Lab7.c"
   620 ;; Parameters:    Size  Location     Type
   621 ;;		None
   622 ;; Auto vars:     Size  Location     Type
   623 ;;		None
   624 ;; Return value:  Size  Location     Type
   625 ;;                  1    wreg      void 
   626 ;; Registers used:
   627 ;;		None
   628 ;; Tracked objects:
   629 ;;		On entry : 0/0
   630 ;;		On exit  : 0/0
   631 ;;		Unchanged: 0/0
   632 ;; Data sizes:     COMMON   BANK0   BANK1   BANK3   BANK2
   633 ;;      Params:         0       0       0       0       0
   634 ;;      Locals:         0       0       0       0       0
   635 ;;      Temps:          0       0       0       0       0
   636 ;;      Totals:         0       0       0       0       0
   637 ;;Total ram usage:        0 bytes
   638 ;; Hardware stack levels used:    1
   639 ;; Hardware stack levels required when called:    1
   640 ;; This function calls:
   641 ;;		Nothing
   642 ;; This function is called by:
   643 ;;		_setup
   644 ;; This function uses a non-reentrant model
   645 ;;
   646                           
   647                           
   648                           ;psect for function _config_reloj
   649  020A                     _config_reloj:
   650  020A                     l723:	
   651                           ;incstack = 0
   652                           ; Regs used in _config_reloj: []
   653                           
   654                           
   655                           ;Lab7.c: 129:     OSCCONbits.SCS = 1;
   656  020A  1683               	bsf	3,5	;RP0=1, select bank1
   657  020B  1303               	bcf	3,6	;RP1=0, select bank1
   658  020C  140F               	bsf	15,0	;volatile
   659                           
   660                           ;Lab7.c: 130:     OSCCONbits.IRCF2 =1 ;
   661  020D  170F               	bsf	15,6	;volatile
   662                           
   663                           ;Lab7.c: 131:     OSCCONbits.IRCF1 =1 ;
   664  020E  168F               	bsf	15,5	;volatile
   665                           
   666                           ;Lab7.c: 132:     OSCCONbits.IRCF0 =0 ;
   667  020F  120F               	bcf	15,4	;volatile
   668  0210                     l95:	
   669                           ;Lab7.c: 133:     return;
   670                           
   671  0210  0008               	return
   672  0211                     __end_of_config_reloj:
   673                           
   674                           	psect	text4
   675  019C                     __ptext4:	
   676 ;; *************** function _config_io *****************
   677 ;; Defined at:
   678 ;;		line 136 in file "Lab7.c"
   679 ;; Parameters:    Size  Location     Type
   680 ;;		None
   681 ;; Auto vars:     Size  Location     Type
   682 ;;		None
   683 ;; Return value:  Size  Location     Type
   684 ;;                  1    wreg      void 
   685 ;; Registers used:
   686 ;;		wreg, status,2
   687 ;; Tracked objects:
   688 ;;		On entry : 0/0
   689 ;;		On exit  : 0/0
   690 ;;		Unchanged: 0/0
   691 ;; Data sizes:     COMMON   BANK0   BANK1   BANK3   BANK2
   692 ;;      Params:         0       0       0       0       0
   693 ;;      Locals:         0       0       0       0       0
   694 ;;      Temps:          0       0       0       0       0
   695 ;;      Totals:         0       0       0       0       0
   696 ;;Total ram usage:        0 bytes
   697 ;; Hardware stack levels used:    1
   698 ;; Hardware stack levels required when called:    1
   699 ;; This function calls:
   700 ;;		Nothing
   701 ;; This function is called by:
   702 ;;		_setup
   703 ;; This function uses a non-reentrant model
   704 ;;
   705                           
   706                           
   707                           ;psect for function _config_io
   708  019C                     _config_io:
   709  019C                     l699:	
   710                           ;incstack = 0
   711                           ; Regs used in _config_io: [wreg+status,2]
   712                           
   713                           
   714                           ;Lab7.c: 137:     ANSELH = 0x00;
   715  019C  1683               	bsf	3,5	;RP0=1, select bank3
   716  019D  1703               	bsf	3,6	;RP1=1, select bank3
   717  019E  0189               	clrf	9	;volatile
   718                           
   719                           ;Lab7.c: 138:     ANSEL = 0x00;
   720  019F  0188               	clrf	8	;volatile
   721                           
   722                           ;Lab7.c: 140:     TRISA = 0x00;
   723  01A0  1683               	bsf	3,5	;RP0=1, select bank1
   724  01A1  1303               	bcf	3,6	;RP1=0, select bank1
   725  01A2  0185               	clrf	5	;volatile
   726  01A3                     l701:
   727                           
   728                           ;Lab7.c: 141:     TRISB = 0x03;
   729  01A3  3003               	movlw	3
   730  01A4  0086               	movwf	6	;volatile
   731  01A5                     l703:
   732                           
   733                           ;Lab7.c: 142:     TRISC = 0x00;
   734  01A5  0187               	clrf	7	;volatile
   735  01A6                     l705:
   736                           
   737                           ;Lab7.c: 143:     TRISD = 0x00;
   738  01A6  0188               	clrf	8	;volatile
   739  01A7                     l707:
   740                           
   741                           ;Lab7.c: 144:     TRISE = 0x08;
   742  01A7  3008               	movlw	8
   743  01A8  0089               	movwf	9	;volatile
   744  01A9                     l709:
   745                           
   746                           ;Lab7.c: 146:     OPTION_REGbits.nRBPU = 0;
   747  01A9  1381               	bcf	1,7	;volatile
   748  01AA                     l711:
   749                           
   750                           ;Lab7.c: 147:     WPUB = 0x03;
   751  01AA  3003               	movlw	3
   752  01AB  0095               	movwf	21	;volatile
   753  01AC                     l713:
   754                           
   755                           ;Lab7.c: 149:     PORTA = 0x00;
   756  01AC  1283               	bcf	3,5	;RP0=0, select bank0
   757  01AD  1303               	bcf	3,6	;RP1=0, select bank0
   758  01AE  0185               	clrf	5	;volatile
   759  01AF                     l715:
   760                           
   761                           ;Lab7.c: 150:     PORTC = 0x00;
   762  01AF  0187               	clrf	7	;volatile
   763  01B0                     l717:
   764                           
   765                           ;Lab7.c: 151:     PORTD = 0x00;
   766  01B0  0188               	clrf	8	;volatile
   767  01B1                     l719:
   768                           
   769                           ;Lab7.c: 152:     PORTE = 0x00;
   770  01B1  0189               	clrf	9	;volatile
   771  01B2                     l98:
   772  01B2  0008               	return
   773  01B3                     __end_of_config_io:
   774                           
   775                           	psect	text5
   776  0200                     __ptext5:	
   777 ;; *************** function _config_int_enable *****************
   778 ;; Defined at:
   779 ;;		line 156 in file "Lab7.c"
   780 ;; Parameters:    Size  Location     Type
   781 ;;		None
   782 ;; Auto vars:     Size  Location     Type
   783 ;;		None
   784 ;; Return value:  Size  Location     Type
   785 ;;                  1    wreg      void 
   786 ;; Registers used:
   787 ;;		wreg
   788 ;; Tracked objects:
   789 ;;		On entry : 0/0
   790 ;;		On exit  : 0/0
   791 ;;		Unchanged: 0/0
   792 ;; Data sizes:     COMMON   BANK0   BANK1   BANK3   BANK2
   793 ;;      Params:         0       0       0       0       0
   794 ;;      Locals:         0       0       0       0       0
   795 ;;      Temps:          0       0       0       0       0
   796 ;;      Totals:         0       0       0       0       0
   797 ;;Total ram usage:        0 bytes
   798 ;; Hardware stack levels used:    1
   799 ;; Hardware stack levels required when called:    1
   800 ;; This function calls:
   801 ;;		Nothing
   802 ;; This function is called by:
   803 ;;		_setup
   804 ;; This function uses a non-reentrant model
   805 ;;
   806                           
   807                           
   808                           ;psect for function _config_int_enable
   809  0200                     _config_int_enable:
   810  0200                     l725:	
   811                           ;incstack = 0
   812                           ; Regs used in _config_int_enable: [wreg]
   813                           
   814                           
   815                           ;Lab7.c: 157:     INTCONbits.GIE = 1;
   816  0200  178B               	bsf	11,7	;volatile
   817                           
   818                           ;Lab7.c: 158:     INTCONbits.T0IE = 1;
   819  0201  168B               	bsf	11,5	;volatile
   820                           
   821                           ;Lab7.c: 159:     INTCONbits.T0IF = 0;
   822  0202  110B               	bcf	11,2	;volatile
   823                           
   824                           ;Lab7.c: 160:     INTCONbits.RBIE = 1;
   825  0203  158B               	bsf	11,3	;volatile
   826  0204                     l727:
   827                           
   828                           ;Lab7.c: 161:     IOCB = 0x03;
   829  0204  3003               	movlw	3
   830  0205  1683               	bsf	3,5	;RP0=1, select bank1
   831  0206  1303               	bcf	3,6	;RP1=0, select bank1
   832  0207  0096               	movwf	22	;volatile
   833  0208                     l729:
   834                           
   835                           ;Lab7.c: 162:     INTCONbits.RBIF = 0;
   836  0208  100B               	bcf	11,0	;volatile
   837  0209                     l101:
   838  0209  0008               	return
   839  020A                     __end_of_config_int_enable:
   840                           
   841                           	psect	text6
   842  0021                     __ptext6:	
   843 ;; *************** function _contador *****************
   844 ;; Defined at:
   845 ;;		line 177 in file "Lab7.c"
   846 ;; Parameters:    Size  Location     Type
   847 ;;		None
   848 ;; Auto vars:     Size  Location     Type
   849 ;;		None
   850 ;; Return value:  Size  Location     Type
   851 ;;                  1    wreg      void 
   852 ;; Registers used:
   853 ;;		wreg, fsr0l, fsr0h, status,2, status,0, pclath, cstack
   854 ;; Tracked objects:
   855 ;;		On entry : 0/0
   856 ;;		On exit  : 0/0
   857 ;;		Unchanged: 0/0
   858 ;; Data sizes:     COMMON   BANK0   BANK1   BANK3   BANK2
   859 ;;      Params:         0       0       0       0       0
   860 ;;      Locals:         0       0       0       0       0
   861 ;;      Temps:          0       3       0       0       0
   862 ;;      Totals:         0       3       0       0       0
   863 ;;Total ram usage:        3 bytes
   864 ;; Hardware stack levels used:    1
   865 ;; Hardware stack levels required when called:    2
   866 ;; This function calls:
   867 ;;		___awdiv
   868 ;;		___awmod
   869 ;; This function is called by:
   870 ;;		_main
   871 ;; This function uses a non-reentrant model
   872 ;;
   873                           
   874                           
   875                           ;psect for function _contador
   876  0021                     _contador:
   877  0021                     l1125:	
   878                           ;incstack = 0
   879                           ; Regs used in _contador: [wreg-fsr0h+status,2+status,0+pclath+cstack]
   880                           
   881                           
   882                           ;Lab7.c: 178:     var_temp = PORTA;
   883  0021  1283               	bcf	3,5	;RP0=0, select bank0
   884  0022  1303               	bcf	3,6	;RP1=0, select bank0
   885  0023  0805               	movf	5,w	;volatile
   886  0024  00AF               	movwf	??_contador
   887  0025  082F               	movf	??_contador,w
   888  0026  00FA               	movwf	_var_temp
   889  0027                     l1127:
   890                           
   891                           ;Lab7.c: 179:     centenas = var_temp/100;
   892  0027  3064               	movlw	100
   893  0028  00F3               	movwf	___awdiv@divisor
   894  0029  3000               	movlw	0
   895  002A  00F4               	movwf	___awdiv@divisor+1
   896  002B  087A               	movf	_var_temp,w
   897  002C  00AF               	movwf	??_contador
   898  002D  01B0               	clrf	??_contador+1
   899  002E  082F               	movf	??_contador,w
   900  002F  00F5               	movwf	___awdiv@dividend
   901  0030  0830               	movf	??_contador+1,w
   902  0031  00F6               	movwf	___awdiv@dividend+1
   903  0032  120A  118A  2096  120A  118A  	fcall	___awdiv
   904  0037  0873               	movf	?___awdiv,w
   905  0038  1283               	bcf	3,5	;RP0=0, select bank0
   906  0039  1303               	bcf	3,6	;RP1=0, select bank0
   907  003A  00B1               	movwf	??_contador+2
   908  003B  0831               	movf	??_contador+2,w
   909  003C  00B5               	movwf	_centenas
   910  003D                     l1129:
   911                           
   912                           ;Lab7.c: 180:     decenas_temp = var_temp%100;
   913  003D  3064               	movlw	100
   914  003E  00F3               	movwf	___awmod@divisor
   915  003F  3000               	movlw	0
   916  0040  00F4               	movwf	___awmod@divisor+1
   917  0041  087A               	movf	_var_temp,w
   918  0042  00AF               	movwf	??_contador
   919  0043  01B0               	clrf	??_contador+1
   920  0044  082F               	movf	??_contador,w
   921  0045  00F5               	movwf	___awmod@dividend
   922  0046  0830               	movf	??_contador+1,w
   923  0047  00F6               	movwf	___awmod@dividend+1
   924  0048  120A  118A  20FF  120A  118A  	fcall	___awmod
   925  004D  0873               	movf	?___awmod,w
   926  004E  1283               	bcf	3,5	;RP0=0, select bank0
   927  004F  1303               	bcf	3,6	;RP1=0, select bank0
   928  0050  00B1               	movwf	??_contador+2
   929  0051  0831               	movf	??_contador+2,w
   930  0052  00F7               	movwf	_decenas_temp
   931  0053                     l1131:
   932                           
   933                           ;Lab7.c: 181:     decenas = decenas_temp/10;
   934  0053  300A               	movlw	10
   935  0054  00F3               	movwf	___awdiv@divisor
   936  0055  3000               	movlw	0
   937  0056  00F4               	movwf	___awdiv@divisor+1
   938  0057  0877               	movf	_decenas_temp,w
   939  0058  00AF               	movwf	??_contador
   940  0059  01B0               	clrf	??_contador+1
   941  005A  082F               	movf	??_contador,w
   942  005B  00F5               	movwf	___awdiv@dividend
   943  005C  0830               	movf	??_contador+1,w
   944  005D  00F6               	movwf	___awdiv@dividend+1
   945  005E  120A  118A  2096  120A  118A  	fcall	___awdiv
   946  0063  0873               	movf	?___awdiv,w
   947  0064  1283               	bcf	3,5	;RP0=0, select bank0
   948  0065  1303               	bcf	3,6	;RP1=0, select bank0
   949  0066  00B1               	movwf	??_contador+2
   950  0067  0831               	movf	??_contador+2,w
   951  0068  00F8               	movwf	_decenas
   952  0069                     l1133:
   953                           
   954                           ;Lab7.c: 182:     unidades = var_temp%10;
   955  0069  300A               	movlw	10
   956  006A  00F3               	movwf	___awmod@divisor
   957  006B  3000               	movlw	0
   958  006C  00F4               	movwf	___awmod@divisor+1
   959  006D  087A               	movf	_var_temp,w
   960  006E  00AF               	movwf	??_contador
   961  006F  01B0               	clrf	??_contador+1
   962  0070  082F               	movf	??_contador,w
   963  0071  00F5               	movwf	___awmod@dividend
   964  0072  0830               	movf	??_contador+1,w
   965  0073  00F6               	movwf	___awmod@dividend+1
   966  0074  120A  118A  20FF  120A  118A  	fcall	___awmod
   967  0079  0873               	movf	?___awmod,w
   968  007A  1283               	bcf	3,5	;RP0=0, select bank0
   969  007B  1303               	bcf	3,6	;RP1=0, select bank0
   970  007C  00B1               	movwf	??_contador+2
   971  007D  0831               	movf	??_contador+2,w
   972  007E  00F9               	movwf	_unidades
   973  007F                     l1135:
   974                           
   975                           ;Lab7.c: 183:     unidad_display = tab7seg[unidades];
   976  007F  0879               	movf	_unidades,w
   977  0080  3E20               	addlw	(low (_tab7seg| 0))& (0+255)
   978  0081  0084               	movwf	4
   979  0082  1383               	bcf	3,7	;select IRP bank0
   980  0083  0800               	movf	0,w
   981  0084  00AF               	movwf	??_contador
   982  0085  082F               	movf	??_contador,w
   983  0086  00B4               	movwf	_unidad_display
   984  0087                     l1137:
   985                           
   986                           ;Lab7.c: 184:     decena_display = tab7seg[decenas];
   987  0087  0878               	movf	_decenas,w
   988  0088  3E20               	addlw	(low (_tab7seg| 0))& (0+255)
   989  0089  0084               	movwf	4
   990  008A  0800               	movf	0,w
   991  008B  00AF               	movwf	??_contador
   992  008C  082F               	movf	??_contador,w
   993  008D  00B3               	movwf	_decena_display
   994  008E                     l1139:
   995                           
   996                           ;Lab7.c: 185:     centena_display = tab7seg[centenas];
   997  008E  0835               	movf	_centenas,w
   998  008F  3E20               	addlw	(low (_tab7seg| 0))& (0+255)
   999  0090  0084               	movwf	4
  1000  0091  0800               	movf	0,w
  1001  0092  00AF               	movwf	??_contador
  1002  0093  082F               	movf	??_contador,w
  1003  0094  00B2               	movwf	_centena_display
  1004  0095                     l107:
  1005  0095  0008               	return
  1006  0096                     __end_of_contador:
  1007                           
  1008                           	psect	text7
  1009  00FF                     __ptext7:	
  1010 ;; *************** function ___awmod *****************
  1011 ;; Defined at:
  1012 ;;		line 5 in file "C:\Program Files\Microchip\xc8\v2.31\pic\sources\c90\common\awmod.c"
  1013 ;; Parameters:    Size  Location     Type
  1014 ;;  divisor         2    3[COMMON] int 
  1015 ;;  dividend        2    5[COMMON] int 
  1016 ;; Auto vars:     Size  Location     Type
  1017 ;;  sign            1    2[BANK0 ] unsigned char 
  1018 ;;  counter         1    1[BANK0 ] unsigned char 
  1019 ;; Return value:  Size  Location     Type
  1020 ;;                  2    3[COMMON] int 
  1021 ;; Registers used:
  1022 ;;		wreg, status,2, status,0
  1023 ;; Tracked objects:
  1024 ;;		On entry : 0/0
  1025 ;;		On exit  : 0/0
  1026 ;;		Unchanged: 0/0
  1027 ;; Data sizes:     COMMON   BANK0   BANK1   BANK3   BANK2
  1028 ;;      Params:         4       0       0       0       0
  1029 ;;      Locals:         0       2       0       0       0
  1030 ;;      Temps:          0       1       0       0       0
  1031 ;;      Totals:         4       3       0       0       0
  1032 ;;Total ram usage:        7 bytes
  1033 ;; Hardware stack levels used:    1
  1034 ;; Hardware stack levels required when called:    1
  1035 ;; This function calls:
  1036 ;;		Nothing
  1037 ;; This function is called by:
  1038 ;;		_contador
  1039 ;; This function uses a non-reentrant model
  1040 ;;
  1041                           
  1042                           
  1043                           ;psect for function ___awmod
  1044  00FF                     ___awmod:
  1045  00FF                     l1087:	
  1046                           ;incstack = 0
  1047                           ; Regs used in ___awmod: [wreg+status,2+status,0]
  1048                           
  1049  00FF  1283               	bcf	3,5	;RP0=0, select bank0
  1050  0100  1303               	bcf	3,6	;RP1=0, select bank0
  1051  0101  01AC               	clrf	___awmod@sign
  1052  0102                     l1089:
  1053  0102  1FF6               	btfss	___awmod@dividend+1,7
  1054  0103  2905               	goto	u611
  1055  0104  2906               	goto	u610
  1056  0105                     u611:
  1057  0105  290D               	goto	l1095
  1058  0106                     u610:
  1059  0106                     l1091:
  1060  0106  09F5               	comf	___awmod@dividend,f
  1061  0107  09F6               	comf	___awmod@dividend+1,f
  1062  0108  0AF5               	incf	___awmod@dividend,f
  1063  0109  1903               	skipnz
  1064  010A  0AF6               	incf	___awmod@dividend+1,f
  1065  010B                     l1093:
  1066  010B  01AC               	clrf	___awmod@sign
  1067  010C  0AAC               	incf	___awmod@sign,f
  1068  010D                     l1095:
  1069  010D  1FF4               	btfss	___awmod@divisor+1,7
  1070  010E  2910               	goto	u621
  1071  010F  2911               	goto	u620
  1072  0110                     u621:
  1073  0110  2916               	goto	l1099
  1074  0111                     u620:
  1075  0111                     l1097:
  1076  0111  09F3               	comf	___awmod@divisor,f
  1077  0112  09F4               	comf	___awmod@divisor+1,f
  1078  0113  0AF3               	incf	___awmod@divisor,f
  1079  0114  1903               	skipnz
  1080  0115  0AF4               	incf	___awmod@divisor+1,f
  1081  0116                     l1099:
  1082  0116  0873               	movf	___awmod@divisor,w
  1083  0117  0474               	iorwf	___awmod@divisor+1,w
  1084  0118  1903               	btfsc	3,2
  1085  0119  291B               	goto	u631
  1086  011A  291C               	goto	u630
  1087  011B                     u631:
  1088  011B  294B               	goto	l1117
  1089  011C                     u630:
  1090  011C                     l1101:
  1091  011C  01AB               	clrf	___awmod@counter
  1092  011D  0AAB               	incf	___awmod@counter,f
  1093  011E  292A               	goto	l1107
  1094  011F                     l1103:
  1095  011F  3001               	movlw	1
  1096  0120                     u645:
  1097  0120  1003               	clrc
  1098  0121  0DF3               	rlf	___awmod@divisor,f
  1099  0122  0DF4               	rlf	___awmod@divisor+1,f
  1100  0123  3EFF               	addlw	-1
  1101  0124  1D03               	skipz
  1102  0125  2920               	goto	u645
  1103  0126                     l1105:
  1104  0126  3001               	movlw	1
  1105  0127  00AA               	movwf	??___awmod
  1106  0128  082A               	movf	??___awmod,w
  1107  0129  07AB               	addwf	___awmod@counter,f
  1108  012A                     l1107:
  1109  012A  1FF4               	btfss	___awmod@divisor+1,7
  1110  012B  292D               	goto	u651
  1111  012C  292E               	goto	u650
  1112  012D                     u651:
  1113  012D  291F               	goto	l1103
  1114  012E                     u650:
  1115  012E                     l1109:
  1116  012E  0874               	movf	___awmod@divisor+1,w
  1117  012F  0276               	subwf	___awmod@dividend+1,w
  1118  0130  1D03               	skipz
  1119  0131  2934               	goto	u665
  1120  0132  0873               	movf	___awmod@divisor,w
  1121  0133  0275               	subwf	___awmod@dividend,w
  1122  0134                     u665:
  1123  0134  1C03               	skipc
  1124  0135  2937               	goto	u661
  1125  0136  2938               	goto	u660
  1126  0137                     u661:
  1127  0137  293E               	goto	l1113
  1128  0138                     u660:
  1129  0138                     l1111:
  1130  0138  0873               	movf	___awmod@divisor,w
  1131  0139  02F5               	subwf	___awmod@dividend,f
  1132  013A  0874               	movf	___awmod@divisor+1,w
  1133  013B  1C03               	skipc
  1134  013C  03F6               	decf	___awmod@dividend+1,f
  1135  013D  02F6               	subwf	___awmod@dividend+1,f
  1136  013E                     l1113:
  1137  013E  3001               	movlw	1
  1138  013F                     u675:
  1139  013F  1003               	clrc
  1140  0140  0CF4               	rrf	___awmod@divisor+1,f
  1141  0141  0CF3               	rrf	___awmod@divisor,f
  1142  0142  3EFF               	addlw	-1
  1143  0143  1D03               	skipz
  1144  0144  293F               	goto	u675
  1145  0145                     l1115:
  1146  0145  3001               	movlw	1
  1147  0146  02AB               	subwf	___awmod@counter,f
  1148  0147  1D03               	btfss	3,2
  1149  0148  294A               	goto	u681
  1150  0149  294B               	goto	u680
  1151  014A                     u681:
  1152  014A  292E               	goto	l1109
  1153  014B                     u680:
  1154  014B                     l1117:
  1155  014B  082C               	movf	___awmod@sign,w
  1156  014C  1903               	btfsc	3,2
  1157  014D  294F               	goto	u691
  1158  014E  2950               	goto	u690
  1159  014F                     u691:
  1160  014F  2955               	goto	l1121
  1161  0150                     u690:
  1162  0150                     l1119:
  1163  0150  09F5               	comf	___awmod@dividend,f
  1164  0151  09F6               	comf	___awmod@dividend+1,f
  1165  0152  0AF5               	incf	___awmod@dividend,f
  1166  0153  1903               	skipnz
  1167  0154  0AF6               	incf	___awmod@dividend+1,f
  1168  0155                     l1121:
  1169  0155  0876               	movf	___awmod@dividend+1,w
  1170  0156  00F4               	movwf	?___awmod+1
  1171  0157  0875               	movf	___awmod@dividend,w
  1172  0158  00F3               	movwf	?___awmod
  1173  0159                     l359:
  1174  0159  0008               	return
  1175  015A                     __end_of___awmod:
  1176                           
  1177                           	psect	text8
  1178  0096                     __ptext8:	
  1179 ;; *************** function ___awdiv *****************
  1180 ;; Defined at:
  1181 ;;		line 5 in file "C:\Program Files\Microchip\xc8\v2.31\pic\sources\c90\common\awdiv.c"
  1182 ;; Parameters:    Size  Location     Type
  1183 ;;  divisor         2    3[COMMON] int 
  1184 ;;  dividend        2    5[COMMON] int 
  1185 ;; Auto vars:     Size  Location     Type
  1186 ;;  quotient        2    3[BANK0 ] int 
  1187 ;;  sign            1    2[BANK0 ] unsigned char 
  1188 ;;  counter         1    1[BANK0 ] unsigned char 
  1189 ;; Return value:  Size  Location     Type
  1190 ;;                  2    3[COMMON] int 
  1191 ;; Registers used:
  1192 ;;		wreg, status,2, status,0
  1193 ;; Tracked objects:
  1194 ;;		On entry : 0/0
  1195 ;;		On exit  : 0/0
  1196 ;;		Unchanged: 0/0
  1197 ;; Data sizes:     COMMON   BANK0   BANK1   BANK3   BANK2
  1198 ;;      Params:         4       0       0       0       0
  1199 ;;      Locals:         0       4       0       0       0
  1200 ;;      Temps:          0       1       0       0       0
  1201 ;;      Totals:         4       5       0       0       0
  1202 ;;Total ram usage:        9 bytes
  1203 ;; Hardware stack levels used:    1
  1204 ;; Hardware stack levels required when called:    1
  1205 ;; This function calls:
  1206 ;;		Nothing
  1207 ;; This function is called by:
  1208 ;;		_contador
  1209 ;; This function uses a non-reentrant model
  1210 ;;
  1211                           
  1212                           
  1213                           ;psect for function ___awdiv
  1214  0096                     ___awdiv:
  1215  0096                     l1043:	
  1216                           ;incstack = 0
  1217                           ; Regs used in ___awdiv: [wreg+status,2+status,0]
  1218                           
  1219  0096  1283               	bcf	3,5	;RP0=0, select bank0
  1220  0097  1303               	bcf	3,6	;RP1=0, select bank0
  1221  0098  01AC               	clrf	___awdiv@sign
  1222  0099                     l1045:
  1223  0099  1FF4               	btfss	___awdiv@divisor+1,7
  1224  009A  289C               	goto	u511
  1225  009B  289D               	goto	u510
  1226  009C                     u511:
  1227  009C  28A4               	goto	l1051
  1228  009D                     u510:
  1229  009D                     l1047:
  1230  009D  09F3               	comf	___awdiv@divisor,f
  1231  009E  09F4               	comf	___awdiv@divisor+1,f
  1232  009F  0AF3               	incf	___awdiv@divisor,f
  1233  00A0  1903               	skipnz
  1234  00A1  0AF4               	incf	___awdiv@divisor+1,f
  1235  00A2                     l1049:
  1236  00A2  01AC               	clrf	___awdiv@sign
  1237  00A3  0AAC               	incf	___awdiv@sign,f
  1238  00A4                     l1051:
  1239  00A4  1FF6               	btfss	___awdiv@dividend+1,7
  1240  00A5  28A7               	goto	u521
  1241  00A6  28A8               	goto	u520
  1242  00A7                     u521:
  1243  00A7  28B1               	goto	l1057
  1244  00A8                     u520:
  1245  00A8                     l1053:
  1246  00A8  09F5               	comf	___awdiv@dividend,f
  1247  00A9  09F6               	comf	___awdiv@dividend+1,f
  1248  00AA  0AF5               	incf	___awdiv@dividend,f
  1249  00AB  1903               	skipnz
  1250  00AC  0AF6               	incf	___awdiv@dividend+1,f
  1251  00AD                     l1055:
  1252  00AD  3001               	movlw	1
  1253  00AE  00AA               	movwf	??___awdiv
  1254  00AF  082A               	movf	??___awdiv,w
  1255  00B0  06AC               	xorwf	___awdiv@sign,f
  1256  00B1                     l1057:
  1257  00B1  01AD               	clrf	___awdiv@quotient
  1258  00B2  01AE               	clrf	___awdiv@quotient+1
  1259  00B3                     l1059:
  1260  00B3  0873               	movf	___awdiv@divisor,w
  1261  00B4  0474               	iorwf	___awdiv@divisor+1,w
  1262  00B5  1903               	btfsc	3,2
  1263  00B6  28B8               	goto	u531
  1264  00B7  28B9               	goto	u530
  1265  00B8                     u531:
  1266  00B8  28F0               	goto	l1079
  1267  00B9                     u530:
  1268  00B9                     l1061:
  1269  00B9  01AB               	clrf	___awdiv@counter
  1270  00BA  0AAB               	incf	___awdiv@counter,f
  1271  00BB  28C7               	goto	l1067
  1272  00BC                     l1063:
  1273  00BC  3001               	movlw	1
  1274  00BD                     u545:
  1275  00BD  1003               	clrc
  1276  00BE  0DF3               	rlf	___awdiv@divisor,f
  1277  00BF  0DF4               	rlf	___awdiv@divisor+1,f
  1278  00C0  3EFF               	addlw	-1
  1279  00C1  1D03               	skipz
  1280  00C2  28BD               	goto	u545
  1281  00C3                     l1065:
  1282  00C3  3001               	movlw	1
  1283  00C4  00AA               	movwf	??___awdiv
  1284  00C5  082A               	movf	??___awdiv,w
  1285  00C6  07AB               	addwf	___awdiv@counter,f
  1286  00C7                     l1067:
  1287  00C7  1FF4               	btfss	___awdiv@divisor+1,7
  1288  00C8  28CA               	goto	u551
  1289  00C9  28CB               	goto	u550
  1290  00CA                     u551:
  1291  00CA  28BC               	goto	l1063
  1292  00CB                     u550:
  1293  00CB                     l1069:
  1294  00CB  3001               	movlw	1
  1295  00CC                     u565:
  1296  00CC  1003               	clrc
  1297  00CD  0DAD               	rlf	___awdiv@quotient,f
  1298  00CE  0DAE               	rlf	___awdiv@quotient+1,f
  1299  00CF  3EFF               	addlw	-1
  1300  00D0  1D03               	skipz
  1301  00D1  28CC               	goto	u565
  1302  00D2  0874               	movf	___awdiv@divisor+1,w
  1303  00D3  0276               	subwf	___awdiv@dividend+1,w
  1304  00D4  1D03               	skipz
  1305  00D5  28D8               	goto	u575
  1306  00D6  0873               	movf	___awdiv@divisor,w
  1307  00D7  0275               	subwf	___awdiv@dividend,w
  1308  00D8                     u575:
  1309  00D8  1C03               	skipc
  1310  00D9  28DB               	goto	u571
  1311  00DA  28DC               	goto	u570
  1312  00DB                     u571:
  1313  00DB  28E3               	goto	l1075
  1314  00DC                     u570:
  1315  00DC                     l1071:
  1316  00DC  0873               	movf	___awdiv@divisor,w
  1317  00DD  02F5               	subwf	___awdiv@dividend,f
  1318  00DE  0874               	movf	___awdiv@divisor+1,w
  1319  00DF  1C03               	skipc
  1320  00E0  03F6               	decf	___awdiv@dividend+1,f
  1321  00E1  02F6               	subwf	___awdiv@dividend+1,f
  1322  00E2                     l1073:
  1323  00E2  142D               	bsf	___awdiv@quotient,0
  1324  00E3                     l1075:
  1325  00E3  3001               	movlw	1
  1326  00E4                     u585:
  1327  00E4  1003               	clrc
  1328  00E5  0CF4               	rrf	___awdiv@divisor+1,f
  1329  00E6  0CF3               	rrf	___awdiv@divisor,f
  1330  00E7  3EFF               	addlw	-1
  1331  00E8  1D03               	skipz
  1332  00E9  28E4               	goto	u585
  1333  00EA                     l1077:
  1334  00EA  3001               	movlw	1
  1335  00EB  02AB               	subwf	___awdiv@counter,f
  1336  00EC  1D03               	btfss	3,2
  1337  00ED  28EF               	goto	u591
  1338  00EE  28F0               	goto	u590
  1339  00EF                     u591:
  1340  00EF  28CB               	goto	l1069
  1341  00F0                     u590:
  1342  00F0                     l1079:
  1343  00F0  082C               	movf	___awdiv@sign,w
  1344  00F1  1903               	btfsc	3,2
  1345  00F2  28F4               	goto	u601
  1346  00F3  28F5               	goto	u600
  1347  00F4                     u601:
  1348  00F4  28FA               	goto	l1083
  1349  00F5                     u600:
  1350  00F5                     l1081:
  1351  00F5  09AD               	comf	___awdiv@quotient,f
  1352  00F6  09AE               	comf	___awdiv@quotient+1,f
  1353  00F7  0AAD               	incf	___awdiv@quotient,f
  1354  00F8  1903               	skipnz
  1355  00F9  0AAE               	incf	___awdiv@quotient+1,f
  1356  00FA                     l1083:
  1357  00FA  082E               	movf	___awdiv@quotient+1,w
  1358  00FB  00F4               	movwf	?___awdiv+1
  1359  00FC  082D               	movf	___awdiv@quotient,w
  1360  00FD  00F3               	movwf	?___awdiv
  1361  00FE                     l346:
  1362  00FE  0008               	return
  1363  00FF                     __end_of___awdiv:
  1364                           
  1365                           	psect	text9
  1366  015A                     __ptext9:	
  1367 ;; *************** function _isr *****************
  1368 ;; Defined at:
  1369 ;;		line 84 in file "Lab7.c"
  1370 ;; Parameters:    Size  Location     Type
  1371 ;;		None
  1372 ;; Auto vars:     Size  Location     Type
  1373 ;;		None
  1374 ;; Return value:  Size  Location     Type
  1375 ;;                  1    wreg      void 
  1376 ;; Registers used:
  1377 ;;		wreg, status,2, status,0
  1378 ;; Tracked objects:
  1379 ;;		On entry : 0/0
  1380 ;;		On exit  : 0/0
  1381 ;;		Unchanged: 0/0
  1382 ;; Data sizes:     COMMON   BANK0   BANK1   BANK3   BANK2
  1383 ;;      Params:         0       0       0       0       0
  1384 ;;      Locals:         0       0       0       0       0
  1385 ;;      Temps:          3       0       0       0       0
  1386 ;;      Totals:         3       0       0       0       0
  1387 ;;Total ram usage:        3 bytes
  1388 ;; Hardware stack levels used:    1
  1389 ;; This function calls:
  1390 ;;		Nothing
  1391 ;; This function is called by:
  1392 ;;		Interrupt level 1
  1393 ;; This function uses a non-reentrant model
  1394 ;;
  1395                           
  1396                           
  1397                           ;psect for function _isr
  1398  015A                     _isr:
  1399  015A                     i1l999:
  1400                           
  1401                           ;Lab7.c: 85:     if (INTCONbits.T0IF){
  1402  015A  1D0B               	btfss	11,2	;volatile
  1403  015B  295D               	goto	u45_21
  1404  015C  295E               	goto	u45_20
  1405  015D                     u45_21:
  1406  015D  2980               	goto	i1l1029
  1407  015E                     u45_20:
  1408  015E                     i1l1001:
  1409                           
  1410                           ;Lab7.c: 86:         PORTD = 0x00;
  1411  015E  1283               	bcf	3,5	;RP0=0, select bank0
  1412  015F  1303               	bcf	3,6	;RP1=0, select bank0
  1413  0160  0188               	clrf	8	;volatile
  1414  0161                     i1l1003:
  1415                           
  1416                           ;Lab7.c: 87:         if(PORTE == 0){
  1417  0161  0809               	movf	9,w	;volatile
  1418  0162  1D03               	btfss	3,2
  1419  0163  2965               	goto	u46_21
  1420  0164  2966               	goto	u46_20
  1421  0165                     u46_21:
  1422  0165  296E               	goto	i1l1011
  1423  0166                     u46_20:
  1424  0166                     i1l1005:
  1425                           
  1426                           ;Lab7.c: 88:             PORTC = unidad_display;
  1427  0166  0834               	movf	_unidad_display,w
  1428  0167  0087               	movwf	7	;volatile
  1429  0168                     i1l1007:
  1430                           
  1431                           ;Lab7.c: 89:             PORTDbits.RD0 = 1;
  1432  0168  1408               	bsf	8,0	;volatile
  1433  0169                     i1l1009:
  1434                           
  1435                           ;Lab7.c: 90:             PORTE++;
  1436  0169  3001               	movlw	1
  1437  016A  00F0               	movwf	??_isr
  1438  016B  0870               	movf	??_isr,w
  1439  016C  0789               	addwf	9,f	;volatile
  1440                           
  1441                           ;Lab7.c: 91:         }
  1442  016D  297D               	goto	i1l1025
  1443  016E                     i1l1011:
  1444  016E  0309               	decf	9,w	;volatile
  1445  016F  1D03               	btfss	3,2
  1446  0170  2972               	goto	u47_21
  1447  0171  2973               	goto	u47_20
  1448  0172                     u47_21:
  1449  0172  2977               	goto	i1l1019
  1450  0173                     u47_20:
  1451  0173                     i1l1013:
  1452                           
  1453                           ;Lab7.c: 93:             PORTC = decena_display;
  1454  0173  0833               	movf	_decena_display,w
  1455  0174  0087               	movwf	7	;volatile
  1456  0175                     i1l1015:
  1457                           
  1458                           ;Lab7.c: 94:             PORTDbits.RD1 = 1;
  1459  0175  1488               	bsf	8,1	;volatile
  1460  0176  2969               	goto	i1l1009
  1461  0177                     i1l1019:
  1462                           
  1463                           ;Lab7.c: 98:             PORTC = centena_display;
  1464  0177  0832               	movf	_centena_display,w
  1465  0178  0087               	movwf	7	;volatile
  1466  0179                     i1l1021:
  1467                           
  1468                           ;Lab7.c: 99:             PORTDbits.RD2 = 1;
  1469  0179  1508               	bsf	8,2	;volatile
  1470  017A                     i1l1023:
  1471                           
  1472                           ;Lab7.c: 100:             PORTE = PORTE + 2;
  1473  017A  0809               	movf	9,w	;volatile
  1474  017B  3E02               	addlw	2
  1475  017C  0089               	movwf	9	;volatile
  1476  017D                     i1l1025:
  1477                           
  1478                           ;Lab7.c: 102:         TMR0 = 236;
  1479  017D  30EC               	movlw	236
  1480  017E  0081               	movwf	1	;volatile
  1481  017F                     i1l1027:
  1482                           
  1483                           ;Lab7.c: 103:         INTCONbits.T0IF = 0;
  1484  017F  110B               	bcf	11,2	;volatile
  1485  0180                     i1l1029:
  1486                           
  1487                           ;Lab7.c: 105:     if(INTCONbits.RBIF){
  1488  0180  1C0B               	btfss	11,0	;volatile
  1489  0181  2983               	goto	u48_21
  1490  0182  2984               	goto	u48_20
  1491  0183                     u48_21:
  1492  0183  2995               	goto	i1l89
  1493  0184                     u48_20:
  1494  0184                     i1l1031:
  1495                           
  1496                           ;Lab7.c: 106:         if (PORTBbits.RB0 == 0){
  1497  0184  1283               	bcf	3,5	;RP0=0, select bank0
  1498  0185  1303               	bcf	3,6	;RP1=0, select bank0
  1499  0186  1806               	btfsc	6,0	;volatile
  1500  0187  2989               	goto	u49_21
  1501  0188  298A               	goto	u49_20
  1502  0189                     u49_21:
  1503  0189  298E               	goto	i1l1035
  1504  018A                     u49_20:
  1505  018A                     i1l1033:
  1506                           
  1507                           ;Lab7.c: 107:             PORTA++;
  1508  018A  3001               	movlw	1
  1509  018B  00F0               	movwf	??_isr
  1510  018C  0870               	movf	??_isr,w
  1511  018D  0785               	addwf	5,f	;volatile
  1512  018E                     i1l1035:
  1513                           
  1514                           ;Lab7.c: 109:         if(PORTBbits.RB1 == 0) {
  1515  018E  1886               	btfsc	6,1	;volatile
  1516  018F  2991               	goto	u50_21
  1517  0190  2992               	goto	u50_20
  1518  0191                     u50_21:
  1519  0191  2994               	goto	i1l1039
  1520  0192                     u50_20:
  1521  0192                     i1l1037:
  1522                           
  1523                           ;Lab7.c: 110:             PORTA--;
  1524  0192  3001               	movlw	1
  1525  0193  0285               	subwf	5,f	;volatile
  1526  0194                     i1l1039:
  1527                           
  1528                           ;Lab7.c: 113:         INTCONbits.RBIF = 0;
  1529  0194  100B               	bcf	11,0	;volatile
  1530  0195                     i1l89:
  1531  0195  0872               	movf	??_isr+2,w
  1532  0196  008A               	movwf	10
  1533  0197  0E71               	swapf	??_isr+1,w
  1534  0198  0083               	movwf	3
  1535  0199  0EFE               	swapf	btemp,f
  1536  019A  0E7E               	swapf	btemp,w
  1537  019B  0009               	retfie
  1538  019C                     __end_of_isr:
  1539  007E                     btemp	set	126	;btemp
  1540  007E                     wtemp0	set	126
  1541                           
  1542                           	psect	intentry
  1543  0004                     __pintentry:	
  1544                           ;incstack = 0
  1545                           ; Regs used in _isr: [wreg+status,2+status,0]
  1546                           
  1547  0004                     interrupt_function:
  1548  007E                     saved_w	set	btemp
  1549  0004  00FE               	movwf	btemp
  1550  0005  0E03               	swapf	3,w
  1551  0006  00F1               	movwf	??_isr+1
  1552  0007  080A               	movf	10,w
  1553  0008  00F2               	movwf	??_isr+2
  1554  0009  120A  118A  295A   	ljmp	_isr
  1555                           
  1556                           	psect	config
  1557                           
  1558                           ;Config register CONFIG1 @ 0x2007
  1559                           ;	Oscillator Selection bits
  1560                           ;	FOSC = INTRC_NOCLKOUT, INTOSCIO oscillator: I/O function on RA6/OSC2/CLKOUT pin, I/O f
      +                          unction on RA7/OSC1/CLKIN
  1561                           ;	Watchdog Timer Enable bit
  1562                           ;	WDTE = OFF, WDT disabled and can be enabled by SWDTEN bit of the WDTCON register
  1563                           ;	Power-up Timer Enable bit
  1564                           ;	PWRTE = ON, PWRT enabled
  1565                           ;	RE3/MCLR pin function select bit
  1566                           ;	MCLRE = OFF, RE3/MCLR pin function is digital input, MCLR internally tied to VDD
  1567                           ;	Code Protection bit
  1568                           ;	CP = OFF, Program memory code protection is disabled
  1569                           ;	Data Code Protection bit
  1570                           ;	CPD = OFF, Data memory code protection is disabled
  1571                           ;	Brown Out Reset Selection bits
  1572                           ;	BOREN = OFF, BOR disabled
  1573                           ;	Internal External Switchover bit
  1574                           ;	IESO = OFF, Internal/External Switchover mode is disabled
  1575                           ;	Fail-Safe Clock Monitor Enabled bit
  1576                           ;	FCMEN = OFF, Fail-Safe Clock Monitor is disabled
  1577                           ;	Low Voltage Programming Enable bit
  1578                           ;	LVP = ON, RB3/PGM pin has PGM function, low voltage programming enabled
  1579                           ;	In-Circuit Debugger Mode bit
  1580                           ;	DEBUG = 0x1, unprogrammed default
  1581  2007                     	org	8199
  1582  2007  30C4               	dw	12484
  1583                           
  1584                           ;Config register CONFIG2 @ 0x2008
  1585                           ;	Brown-out Reset Selection bit
  1586                           ;	BOR4V = BOR40V, Brown-out Reset set to 4.0V
  1587                           ;	Flash Program Memory Self Write Enable bits
  1588                           ;	WRT = OFF, Write protection off
  1589  2008                     	org	8200
  1590  2008  3FFF               	dw	16383

Data Sizes:
    Strings     0
    Constant    0
    Data        10
    BSS         0
    Persistent  8
    Stack       0

Auto Spaces:
    Space          Size  Autos    Used
    COMMON           14      7      11
    BANK0            80      8      22
    BANK1            80      0       0
    BANK3            96      0       0
    BANK2            96      0       0

Pointer List with Targets:

    None.

Critical Paths under _main in COMMON

    _contador->___awdiv
    _contador->___awmod

Critical Paths under _isr in COMMON

    None.

Critical Paths under _main in BANK0

    _main->_contador
    _contador->___awdiv

Critical Paths under _isr in BANK0

    None.

Critical Paths under _main in BANK1

    None.

Critical Paths under _isr in BANK1

    None.

Critical Paths under _main in BANK3

    None.

Critical Paths under _isr in BANK3

    None.

Critical Paths under _main in BANK2

    None.

Critical Paths under _isr in BANK2

    None.

Call Graph Tables:

 ---------------------------------------------------------------------------------
 (Depth) Function   	        Calls       Base Space   Used Autos Params    Refs
 ---------------------------------------------------------------------------------
 (0) _main                                                 0     0      0    1598
                           _contador
                              _setup
 ---------------------------------------------------------------------------------
 (1) _setup                                                0     0      0       0
                  _config_int_enable
                          _config_io
                       _config_reloj
                      _config_timer0
 ---------------------------------------------------------------------------------
 (2) _config_timer0                                        0     0      0       0
 ---------------------------------------------------------------------------------
 (2) _config_reloj                                         0     0      0       0
 ---------------------------------------------------------------------------------
 (2) _config_io                                            0     0      0       0
 ---------------------------------------------------------------------------------
 (2) _config_int_enable                                    0     0      0       0
 ---------------------------------------------------------------------------------
 (1) _contador                                             3     3      0    1598
                                              5 BANK0      3     3      0
                            ___awdiv
                            ___awmod
 ---------------------------------------------------------------------------------
 (2) ___awmod                                              7     3      4     793
                                              3 COMMON     4     0      4
                                              0 BANK0      3     3      0
 ---------------------------------------------------------------------------------
 (2) ___awdiv                                              9     5      4     805
                                              3 COMMON     4     0      4
                                              0 BANK0      5     5      0
 ---------------------------------------------------------------------------------
 Estimated maximum stack depth 2
 ---------------------------------------------------------------------------------
 (Depth) Function   	        Calls       Base Space   Used Autos Params    Refs
 ---------------------------------------------------------------------------------
 (3) _isr                                                  3     3      0       0
                                              0 COMMON     3     3      0
 ---------------------------------------------------------------------------------
 Estimated maximum stack depth 3
 ---------------------------------------------------------------------------------

 Call Graph Graphs:

 _main (ROOT)
   _contador
     ___awdiv
     ___awmod
   _setup
     _config_int_enable
     _config_io
     _config_reloj
     _config_timer0

 _isr (ROOT)

 Address spaces:
Name               Size   Autos  Total    Cost      Usage
BANK3               60      0       0       9        0.0%
BITBANK3            60      0       0       8        0.0%
SFR3                 0      0       0       4        0.0%
BITSFR3              0      0       0       4        0.0%
BANK2               60      0       0      11        0.0%
BITBANK2            60      0       0      10        0.0%
SFR2                 0      0       0       5        0.0%
BITSFR2              0      0       0       5        0.0%
BANK1               50      0       0       7        0.0%
BITBANK1            50      0       0       6        0.0%
SFR1                 0      0       0       2        0.0%
BITSFR1              0      0       0       2        0.0%
BANK0               50      8      16       5       27.5%
BITBANK0            50      0       0       4        0.0%
SFR0                 0      0       0       1        0.0%
BITSFR0              0      0       0       1        0.0%
COMMON               E      7       B       1       78.6%
BITCOMMON            E      0       0       0        0.0%
CODE                 0      0       0       0        0.0%
DATA                 0      0      21      12        0.0%
ABS                  0      0      21       3        0.0%
NULL                 0      0       0       0        0.0%
STACK                0      0       0       2        0.0%
EEDATA             100      0       0       0        0.0%


Microchip Technology PIC Macro Assembler V2.31 build 20201012212115 
Symbol Table                                                                                   Sun Apr 18 22:03:35 2021

                         pc 0002                          l92 01C7                          l95 0210  
                        l98 01B2                ___awdiv@sign 002C                          fsr 0004  
                       l101 0209                         l104 01F5                         l107 0095  
                       l346 00FE                         l701 01A3                         l359 0159  
                       l711 01AA                         l703 01A5                         l713 01AC  
                       l705 01A6                         l715 01AF                         l707 01A7  
                       l723 020A                         l725 0200                         l717 01B0  
                       l709 01A9                         l733 01E9                         l727 0204  
                       l719 01B1                         l735 01F0                         l823 01B3  
                       l729 0208                         l737 01F4                         l825 01B8  
                       l827 01BD                         l829 01C2                         l699 019C  
                       u510 009D                         u511 009C                         u600 00F5  
                       u520 00A8                         u601 00F4                         u521 00A7  
                       u530 00B9                         u610 0106                         u531 00B8  
                       u611 0105                         u620 0111                         u621 0110  
                       u550 00CB                         u630 011C                         u551 00CA  
                       u631 011B                         u545 00BD                         u570 00DC  
                       u650 012E                         u571 00DB                         u651 012D  
                       u660 0138                         u565 00CC                         u661 0137  
                       u645 0120                         u590 00F0                         u591 00EF  
                       u575 00D8                         u680 014B                         u585 00E4  
                       u681 014A                         u665 0134                         u690 0150  
                       u691 014F                         u675 013F                         _isr 015A  
                       fsr0 0004                         indf 0000                ___awmod@sign 002C  
__size_of_config_int_enable 000A                        l1101 011C                        l1111 0138  
                      l1103 011F                        l1121 0155                        l1113 013E  
                      l1105 0126                        l1051 00A4                        l1043 0096  
                      l1115 0145                        l1107 012A                        l1131 0053  
                      l1061 00B9                        l1053 00A8                        l1045 0099  
                      l1109 012E                        l1117 014B                        l1133 0069  
                      l1125 0021                        l1141 01DB                        l1071 00DC  
                      l1063 00BC                        l1055 00AD                        l1047 009D  
                      l1119 0150                        l1135 007F                        l1127 0027  
                      l1143 01E0                        l1081 00F5                        l1073 00E2  
                      l1065 00C3                        l1057 00B1                        l1049 00A2  
                      l1137 0087                        l1129 003D                        l1083 00FA  
                      l1075 00E3                        l1067 00C7                        l1059 00B3  
                      l1091 0106                        l1139 008E                        l1077 00EA  
                      l1069 00CB                        l1093 010B                        l1079 00F0  
                      l1095 010D                        l1087 00FF                        l1097 0111  
                      l1089 0102                        l1099 0116                        ?_isr 0070  
                      _IOCB 0096                        i1l89 0195                        _TMR0 0001  
                      _WPUB 0095                        _main 01DB                        btemp 007E  
            ??_config_reloj 0073                        start 000C                       ??_isr 0070  
                     ?_main 0070             __end_of___awdiv 00FF             __end_of___awmod 015A  
                     _ANSEL 0188             ___awdiv@divisor 0073                       i1l999 015A  
           ___awdiv@counter 002B                       u50_20 0192                       u50_21 0191  
                     _PORTA 0005                       _PORTC 0007                       _PORTD 0008  
                     _PORTE 0009                       u45_20 015E                       u45_21 015D  
                     u46_20 0166                       u46_21 0165                       u47_20 0173  
                     u47_21 0172                       u48_20 0184                       u48_21 0183  
                     u49_20 018A                       u49_21 0189                       _TRISA 0085  
                     _TRISB 0086                       _TRISC 0087                       _TRISD 0088  
                     _TRISE 0089                       _setup 01B3                       pclath 000A  
                     status 0003             ??_config_timer0 0073                       wtemp0 007E  
           __initialization 000F                __end_of_main 01E9                      ??_main 0077  
          ___awdiv@dividend 0075                      ?_setup 0070                      _ANSELH 0189  
                    i1l1001 015E                      i1l1011 016E                      i1l1003 0161  
                    i1l1021 0179                      i1l1013 0173                      i1l1005 0166  
                    i1l1031 0184                      i1l1023 017A                      i1l1015 0175  
                    i1l1007 0168                      i1l1033 018A                      i1l1025 017D  
                    i1l1009 0169                      i1l1035 018E                      i1l1027 017F  
                    i1l1019 0177                      i1l1037 0192                      i1l1029 0180  
                    i1l1039 0194            __end_of_contador 0096                   ??___awdiv 002A  
                 ??___awmod 002A            ___awdiv@quotient 002D             ___awmod@divisor 0073  
           ___awmod@counter 002B        __end_of_config_reloj 0211                      saved_w 007E  
              _decenas_temp 0077     __end_of__initialization 001D              __pcstackCOMMON 0070  
              __pidataBANK0 01F6               __end_of_setup 01C8              _OPTION_REGbits 0081  
        __size_of_config_io 0017                     ??_setup 0073                  __pnvCOMMON 0077  
                __pmaintext 01DB                  __pintentry 0004                   ?_contador 0070  
         __end_of_config_io 01B3                     ___awdiv 0096                     ___awmod 00FF  
                   _decenas 0078       __size_of_config_reloj 0007                     __ptext1 01B3  
                   __ptext2 01E9                     __ptext3 020A                     __ptext4 019C  
                   __ptext5 0200                     __ptext6 0021                     __ptext7 00FF  
                   __ptext8 0096                     __ptext9 015A                     _tab7seg 0020  
              __size_of_isr 0042            ___awmod@dividend 0075        end_of_initialization 001D  
                ??_contador 002F       __end_of_config_timer0 01F6                _config_reloj 020A  
                 _PORTBbits 0006                   _PORTDbits 0008         start_initialization 000F  
               __end_of_isr 019C                  init_fetch0 01C8                 __pdataBANK0 0020  
                 ___latbits 0002               __pcstackBANK0 002A           __size_of_contador 0075  
                 __pnvBANK0 0032                    ?___awdiv 0073                    ?___awmod 0073  
                 _config_io 019C              __size_of_setup 0015           interrupt_function 0004  
                ?_config_io 0070             _centena_display 0032            __size_of___awdiv 0069  
          __size_of___awmod 005B      __size_of_config_timer0 000D                    _centenas 0035  
         _config_int_enable 0200                    _contador 0021          ?_config_int_enable 0070  
             __size_of_main 000E         ??_config_int_enable 0073                    _var_temp 007A  
                  _unidades 0079                 ??_config_io 0073                  _INTCONbits 000B  
 __end_of_config_int_enable 020A                    init_ram0 01CC                    intlevel1 0000  
                _OSCCONbits 008F               _config_timer0 01E9              _decena_display 0033  
            _unidad_display 0034              ?_config_timer0 0070               ?_config_reloj 0070  
